{"/Users/scheevel/Workstream/EVALUATIONS/engineering-drawing-system-standalone/frontend/src/components/export/ExportDialog.tsx": {"path":"/Users/scheevel/Workstream/EVALUATIONS/engineering-drawing-system-standalone/frontend/src/components/export/ExportDialog.tsx","statementMap":{"0":{"start":{"line":41,"column":50},"end":{"line":212,"column":1}},"1":{"start":{"line":46,"column":52},"end":{"line":46,"column":74}},"2":{"start":{"line":47,"column":34},"end":{"line":55,"column":4}},"3":{"start":{"line":58,"column":25},"end":{"line":60,"column":16}},"4":{"start":{"line":59,"column":4},"end":{"line":59,"column":89}},"5":{"start":{"line":59,"column":45},"end":{"line":59,"column":84}},"6":{"start":{"line":63,"column":20},"end":{"line":67,"column":16}},"7":{"start":{"line":64,"column":35},"end":{"line":64,"column":67}},"8":{"start":{"line":65,"column":25},"end":{"line":65,"column":67}},"9":{"start":{"line":65,"column":58},"end":{"line":65,"column":66}},"10":{"start":{"line":66,"column":4},"end":{"line":66,"column":56}},"11":{"start":{"line":70,"column":25},"end":{"line":72,"column":36}},"12":{"start":{"line":71,"column":4},"end":{"line":71,"column":76}},"13":{"start":{"line":71,"column":37},"end":{"line":71,"column":74}},"14":{"start":{"line":75,"column":23},"end":{"line":100,"column":3}},"15":{"start":{"line":76,"column":4},"end":{"line":99,"column":6}},"16":{"start":{"line":81,"column":8},"end":{"line":85,"column":11}},"17":{"start":{"line":87,"column":8},"end":{"line":89,"column":17}},"18":{"start":{"line":88,"column":10},"end":{"line":88,"column":20}},"19":{"start":{"line":93,"column":8},"end":{"line":97,"column":11}},"20":{"start":{"line":103,"column":22},"end":{"line":106,"column":3}},"21":{"start":{"line":104,"column":4},"end":{"line":104,"column":29}},"22":{"start":{"line":105,"column":4},"end":{"line":105,"column":14}},"23":{"start":{"line":109,"column":30},"end":{"line":111,"column":3}},"24":{"start":{"line":110,"column":4},"end":{"line":110,"column":46}},"25":{"start":{"line":114,"column":25},"end":{"line":114,"column":101}},"26":{"start":{"line":116,"column":2},"end":{"line":211,"column":4}}},"fnMap":{"0":{"name":"(anonymous_0)","decl":{"start":{"line":41,"column":50},"end":{"line":41,"column":51}},"loc":{"start":{"line":45,"column":6},"end":{"line":212,"column":1}},"line":45},"1":{"name":"(anonymous_1)","decl":{"start":{"line":58,"column":33},"end":{"line":58,"column":34}},"loc":{"start":{"line":58,"column":39},"end":{"line":60,"column":3}},"line":58},"2":{"name":"(anonymous_2)","decl":{"start":{"line":59,"column":27},"end":{"line":59,"column":28}},"loc":{"start":{"line":59,"column":45},"end":{"line":59,"column":84}},"line":59},"3":{"name":"(anonymous_3)","decl":{"start":{"line":63,"column":28},"end":{"line":63,"column":29}},"loc":{"start":{"line":63,"column":34},"end":{"line":67,"column":3}},"line":63},"4":{"name":"(anonymous_4)","decl":{"start":{"line":65,"column":53},"end":{"line":65,"column":54}},"loc":{"start":{"line":65,"column":58},"end":{"line":65,"column":66}},"line":65},"5":{"name":"(anonymous_5)","decl":{"start":{"line":70,"column":33},"end":{"line":70,"column":34}},"loc":{"start":{"line":70,"column":39},"end":{"line":72,"column":3}},"line":70},"6":{"name":"(anonymous_6)","decl":{"start":{"line":71,"column":28},"end":{"line":71,"column":29}},"loc":{"start":{"line":71,"column":37},"end":{"line":71,"column":74}},"line":71},"7":{"name":"(anonymous_7)","decl":{"start":{"line":75,"column":23},"end":{"line":75,"column":24}},"loc":{"start":{"line":75,"column":29},"end":{"line":100,"column":3}},"line":75},"8":{"name":"(anonymous_8)","decl":{"start":{"line":79,"column":6},"end":{"line":79,"column":7}},"loc":{"start":{"line":79,"column":12},"end":{"line":90,"column":7}},"line":79},"9":{"name":"(anonymous_9)","decl":{"start":{"line":87,"column":19},"end":{"line":87,"column":20}},"loc":{"start":{"line":87,"column":25},"end":{"line":89,"column":9}},"line":87},"10":{"name":"(anonymous_10)","decl":{"start":{"line":91,"column":6},"end":{"line":91,"column":7}},"loc":{"start":{"line":91,"column":17},"end":{"line":98,"column":7}},"line":91},"11":{"name":"(anonymous_11)","decl":{"start":{"line":103,"column":22},"end":{"line":103,"column":23}},"loc":{"start":{"line":103,"column":28},"end":{"line":106,"column":3}},"line":103},"12":{"name":"(anonymous_12)","decl":{"start":{"line":109,"column":30},"end":{"line":109,"column":31}},"loc":{"start":{"line":109,"column":36},"end":{"line":111,"column":3}},"line":109}},"branchMap":{"0":{"loc":{"start":{"line":59,"column":52},"end":{"line":59,"column":83}},"type":"binary-expr","locations":[{"start":{"line":59,"column":52},"end":{"line":59,"column":78}},{"start":{"line":59,"column":82},"end":{"line":59,"column":83}}],"line":59},"1":{"loc":{"start":{"line":95,"column":19},"end":{"line":95,"column":70}},"type":"binary-expr","locations":[{"start":{"line":95,"column":19},"end":{"line":95,"column":32}},{"start":{"line":95,"column":36},"end":{"line":95,"column":70}}],"line":95},"2":{"loc":{"start":{"line":114,"column":25},"end":{"line":114,"column":101}},"type":"binary-expr","locations":[{"start":{"line":114,"column":25},"end":{"line":114,"column":46}},{"start":{"line":114,"column":50},"end":{"line":114,"column":70}},{"start":{"line":114,"column":74},"end":{"line":114,"column":101}}],"line":114}},"s":{"0":0,"1":0,"2":0,"3":0,"4":0,"5":0,"6":0,"7":0,"8":0,"9":0,"10":0,"11":0,"12":0,"13":0,"14":0,"15":0,"16":0,"17":0,"18":0,"19":0,"20":0,"21":0,"22":0,"23":0,"24":0,"25":0,"26":0},"f":{"0":0,"1":0,"2":0,"3":0,"4":0,"5":0,"6":0,"7":0,"8":0,"9":0,"10":0,"11":0,"12":0},"b":{"0":[0,0],"1":[0,0],"2":[0,0,0]}}
,"/Users/scheevel/Workstream/EVALUATIONS/engineering-drawing-system-standalone/frontend/src/components/export/ExportPreview.tsx": {"path":"/Users/scheevel/Workstream/EVALUATIONS/engineering-drawing-system-standalone/frontend/src/components/export/ExportPreview.tsx","statementMap":{"0":{"start":{"line":26,"column":52},"end":{"line":208,"column":1}},"1":{"start":{"line":30,"column":40},"end":{"line":30,"column":43}},"2":{"start":{"line":33,"column":25},"end":{"line":35,"column":16}},"3":{"start":{"line":34,"column":4},"end":{"line":34,"column":89}},"4":{"start":{"line":34,"column":45},"end":{"line":34,"column":84}},"5":{"start":{"line":38,"column":33},"end":{"line":38,"column":79}},"6":{"start":{"line":41,"column":22},"end":{"line":71,"column":32}},"7":{"start":{"line":42,"column":4},"end":{"line":70,"column":6}},"8":{"start":{"line":43,"column":6},"end":{"line":69,"column":8}},"9":{"start":{"line":44,"column":44},"end":{"line":44,"column":46}},"10":{"start":{"line":46,"column":8},"end":{"line":66,"column":11}},"11":{"start":{"line":50,"column":10},"end":{"line":62,"column":11}},"12":{"start":{"line":51,"column":33},"end":{"line":51,"column":68}},"13":{"start":{"line":52,"column":12},"end":{"line":52,"column":44}},"14":{"start":{"line":55,"column":15},"end":{"line":62,"column":11}},"15":{"start":{"line":56,"column":31},"end":{"line":56,"column":64}},"16":{"start":{"line":57,"column":12},"end":{"line":57,"column":40}},"17":{"start":{"line":61,"column":12},"end":{"line":61,"column":63}},"18":{"start":{"line":65,"column":10},"end":{"line":65,"column":82}},"19":{"start":{"line":68,"column":8},"end":{"line":68,"column":19}},"20":{"start":{"line":74,"column":14},"end":{"line":114,"column":3}},"21":{"start":{"line":75,"column":20},"end":{"line":75,"column":38}},"22":{"start":{"line":77,"column":4},"end":{"line":113,"column":6}},"23":{"start":{"line":89,"column":24},"end":{"line":89,"column":42}},"24":{"start":{"line":90,"column":31},"end":{"line":90,"column":57}},"25":{"start":{"line":92,"column":10},"end":{"line":110,"column":12}},"26":{"start":{"line":117,"column":20},"end":{"line":153,"column":3}},"27":{"start":{"line":118,"column":4},"end":{"line":152,"column":10}},"28":{"start":{"line":133,"column":8},"end":{"line":150,"column":14}},"29":{"start":{"line":156,"column":2},"end":{"line":164,"column":3}},"30":{"start":{"line":157,"column":4},"end":{"line":163,"column":6}},"31":{"start":{"line":166,"column":2},"end":{"line":174,"column":3}},"32":{"start":{"line":167,"column":4},"end":{"line":173,"column":6}},"33":{"start":{"line":176,"column":2},"end":{"line":207,"column":4}}},"fnMap":{"0":{"name":"(anonymous_0)","decl":{"start":{"line":26,"column":52},"end":{"line":26,"column":53}},"loc":{"start":{"line":29,"column":6},"end":{"line":208,"column":1}},"line":29},"1":{"name":"(anonymous_1)","decl":{"start":{"line":33,"column":33},"end":{"line":33,"column":34}},"loc":{"start":{"line":33,"column":39},"end":{"line":35,"column":3}},"line":33},"2":{"name":"(anonymous_2)","decl":{"start":{"line":34,"column":27},"end":{"line":34,"column":28}},"loc":{"start":{"line":34,"column":45},"end":{"line":34,"column":84}},"line":34},"3":{"name":"(anonymous_3)","decl":{"start":{"line":41,"column":30},"end":{"line":41,"column":31}},"loc":{"start":{"line":41,"column":36},"end":{"line":71,"column":3}},"line":41},"4":{"name":"(anonymous_4)","decl":{"start":{"line":42,"column":28},"end":{"line":42,"column":29}},"loc":{"start":{"line":43,"column":6},"end":{"line":69,"column":8}},"line":43},"5":{"name":"(anonymous_5)","decl":{"start":{"line":43,"column":37},"end":{"line":43,"column":38}},"loc":{"start":{"line":43,"column":57},"end":{"line":69,"column":7}},"line":43},"6":{"name":"(anonymous_6)","decl":{"start":{"line":46,"column":31},"end":{"line":46,"column":32}},"loc":{"start":{"line":46,"column":40},"end":{"line":66,"column":9}},"line":46},"7":{"name":"(anonymous_7)","decl":{"start":{"line":74,"column":14},"end":{"line":74,"column":15}},"loc":{"start":{"line":74,"column":83},"end":{"line":114,"column":3}},"line":74},"8":{"name":"(anonymous_8)","decl":{"start":{"line":88,"column":28},"end":{"line":88,"column":29}},"loc":{"start":{"line":88,"column":49},"end":{"line":111,"column":9}},"line":88},"9":{"name":"(anonymous_9)","decl":{"start":{"line":117,"column":20},"end":{"line":117,"column":21}},"loc":{"start":{"line":118,"column":4},"end":{"line":152,"column":10}},"line":118},"10":{"name":"(anonymous_10)","decl":{"start":{"line":132,"column":26},"end":{"line":132,"column":27}},"loc":{"start":{"line":133,"column":8},"end":{"line":150,"column":14}},"line":133}},"branchMap":{"0":{"loc":{"start":{"line":34,"column":52},"end":{"line":34,"column":83}},"type":"binary-expr","locations":[{"start":{"line":34,"column":52},"end":{"line":34,"column":78}},{"start":{"line":34,"column":82},"end":{"line":34,"column":83}}],"line":34},"1":{"loc":{"start":{"line":43,"column":7},"end":{"line":43,"column":31}},"type":"binary-expr","locations":[{"start":{"line":43,"column":7},"end":{"line":43,"column":25}},{"start":{"line":43,"column":29},"end":{"line":43,"column":31}}],"line":43},"2":{"loc":{"start":{"line":50,"column":10},"end":{"line":62,"column":11}},"type":"if","locations":[{"start":{"line":50,"column":10},"end":{"line":62,"column":11}},{"start":{"line":55,"column":15},"end":{"line":62,"column":11}}],"line":50},"3":{"loc":{"start":{"line":55,"column":15},"end":{"line":62,"column":11}},"type":"if","locations":[{"start":{"line":55,"column":15},"end":{"line":62,"column":11}},{"start":{"line":60,"column":15},"end":{"line":62,"column":11}}],"line":55},"4":{"loc":{"start":{"line":61,"column":20},"end":{"line":61,"column":62}},"type":"binary-expr","locations":[{"start":{"line":61,"column":20},"end":{"line":61,"column":40}},{"start":{"line":61,"column":44},"end":{"line":61,"column":62}}],"line":61},"5":{"loc":{"start":{"line":85,"column":27},"end":{"line":85,"column":82}},"type":"cond-expr","locations":[{"start":{"line":85,"column":45},"end":{"line":85,"column":65}},{"start":{"line":85,"column":68},"end":{"line":85,"column":82}}],"line":85},"6":{"loc":{"start":{"line":90,"column":31},"end":{"line":90,"column":57}},"type":"cond-expr","locations":[{"start":{"line":90,"column":46},"end":{"line":90,"column":51}},{"start":{"line":90,"column":54},"end":{"line":90,"column":57}}],"line":90},"7":{"loc":{"start":{"line":156,"column":2},"end":{"line":164,"column":3}},"type":"if","locations":[{"start":{"line":156,"column":2},"end":{"line":164,"column":3}},{"start":{},"end":{}}],"line":156},"8":{"loc":{"start":{"line":156,"column":6},"end":{"line":156,"column":51}},"type":"binary-expr","locations":[{"start":{"line":156,"column":6},"end":{"line":156,"column":27}},{"start":{"line":156,"column":31},"end":{"line":156,"column":51}}],"line":156},"9":{"loc":{"start":{"line":166,"column":2},"end":{"line":174,"column":3}},"type":"if","locations":[{"start":{"line":166,"column":2},"end":{"line":174,"column":3}},{"start":{},"end":{}}],"line":166},"10":{"loc":{"start":{"line":183,"column":9},"end":{"line":187,"column":9}},"type":"binary-expr","locations":[{"start":{"line":183,"column":9},"end":{"line":183,"column":31}},{"start":{"line":184,"column":10},"end":{"line":186,"column":18}}],"line":183}},"s":{"0":0,"1":0,"2":0,"3":0,"4":0,"5":0,"6":0,"7":0,"8":0,"9":0,"10":0,"11":0,"12":0,"13":0,"14":0,"15":0,"16":0,"17":0,"18":0,"19":0,"20":0,"21":0,"22":0,"23":0,"24":0,"25":0,"26":0,"27":0,"28":0,"29":0,"30":0,"31":0,"32":0,"33":0},"f":{"0":0,"1":0,"2":0,"3":0,"4":0,"5":0,"6":0,"7":0,"8":0,"9":0,"10":0},"b":{"0":[0,0],"1":[0,0],"2":[0,0],"3":[0,0],"4":[0,0],"5":[0,0],"6":[0,0],"7":[0,0],"8":[0,0],"9":[0,0],"10":[0,0]}}
,"/Users/scheevel/Workstream/EVALUATIONS/engineering-drawing-system-standalone/frontend/src/components/export/FieldGroupSelector.tsx": {"path":"/Users/scheevel/Workstream/EVALUATIONS/engineering-drawing-system-standalone/frontend/src/components/export/FieldGroupSelector.tsx","statementMap":{"0":{"start":{"line":30,"column":62},"end":{"line":194,"column":1}},"1":{"start":{"line":36,"column":25},"end":{"line":49,"column":16}},"2":{"start":{"line":37,"column":35},"end":{"line":37,"column":67}},"3":{"start":{"line":39,"column":4},"end":{"line":48,"column":7}},"4":{"start":{"line":40,"column":6},"end":{"line":46,"column":7}},"5":{"start":{"line":42,"column":8},"end":{"line":45,"column":10}},"6":{"start":{"line":47,"column":6},"end":{"line":47,"column":19}},"7":{"start":{"line":52,"column":23},"end":{"line":65,"column":3}},"8":{"start":{"line":53,"column":4},"end":{"line":64,"column":5}},"9":{"start":{"line":55,"column":8},"end":{"line":55,"column":63}},"10":{"start":{"line":57,"column":8},"end":{"line":57,"column":63}},"11":{"start":{"line":59,"column":8},"end":{"line":59,"column":65}},"12":{"start":{"line":61,"column":8},"end":{"line":61,"column":64}},"13":{"start":{"line":63,"column":8},"end":{"line":63,"column":20}},"14":{"start":{"line":68,"column":33},"end":{"line":79,"column":3}},"15":{"start":{"line":69,"column":27},"end":{"line":69,"column":55}},"16":{"start":{"line":69,"column":49},"end":{"line":69,"column":54}},"17":{"start":{"line":70,"column":26},"end":{"line":70,"column":91}},"18":{"start":{"line":70,"column":55},"end":{"line":70,"column":83}},"19":{"start":{"line":72,"column":4},"end":{"line":78,"column":5}},"20":{"start":{"line":73,"column":6},"end":{"line":73,"column":20}},"21":{"start":{"line":74,"column":11},"end":{"line":78,"column":5}},"22":{"start":{"line":75,"column":6},"end":{"line":75,"column":19}},"23":{"start":{"line":77,"column":6},"end":{"line":77,"column":23}},"24":{"start":{"line":82,"column":28},"end":{"line":95,"column":3}},"25":{"start":{"line":83,"column":27},"end":{"line":83,"column":55}},"26":{"start":{"line":83,"column":49},"end":{"line":83,"column":54}},"27":{"start":{"line":84,"column":27},"end":{"line":84,"column":56}},"28":{"start":{"line":86,"column":4},"end":{"line":94,"column":5}},"29":{"start":{"line":88,"column":32},"end":{"line":88,"column":91}},"30":{"start":{"line":88,"column":61},"end":{"line":88,"column":90}},"31":{"start":{"line":89,"column":6},"end":{"line":89,"column":40}},"32":{"start":{"line":92,"column":32},"end":{"line":92,"column":84}},"33":{"start":{"line":93,"column":6},"end":{"line":93,"column":40}},"34":{"start":{"line":98,"column":28},"end":{"line":104,"column":3}},"35":{"start":{"line":99,"column":4},"end":{"line":103,"column":5}},"36":{"start":{"line":100,"column":6},"end":{"line":100,"column":69}},"37":{"start":{"line":100,"column":50},"end":{"line":100,"column":66}},"38":{"start":{"line":102,"column":6},"end":{"line":102,"column":52}},"39":{"start":{"line":106,"column":2},"end":{"line":193,"column":4}},"40":{"start":{"line":119,"column":31},"end":{"line":119,"column":60}},"41":{"start":{"line":121,"column":8},"end":{"line":190,"column":10}},"42":{"start":{"line":142,"column":32},"end":{"line":142,"column":56}},"43":{"start":{"line":143,"column":32},"end":{"line":143,"column":51}},"44":{"start":{"line":164,"column":18},"end":{"line":185,"column":20}},"45":{"start":{"line":169,"column":40},"end":{"line":169,"column":68}}},"fnMap":{"0":{"name":"(anonymous_0)","decl":{"start":{"line":30,"column":62},"end":{"line":30,"column":63}},"loc":{"start":{"line":34,"column":6},"end":{"line":194,"column":1}},"line":34},"1":{"name":"(anonymous_1)","decl":{"start":{"line":36,"column":33},"end":{"line":36,"column":34}},"loc":{"start":{"line":36,"column":39},"end":{"line":49,"column":3}},"line":36},"2":{"name":"(anonymous_2)","decl":{"start":{"line":39,"column":35},"end":{"line":39,"column":36}},"loc":{"start":{"line":39,"column":44},"end":{"line":48,"column":5}},"line":39},"3":{"name":"(anonymous_3)","decl":{"start":{"line":52,"column":23},"end":{"line":52,"column":24}},"loc":{"start":{"line":52,"column":44},"end":{"line":65,"column":3}},"line":52},"4":{"name":"(anonymous_4)","decl":{"start":{"line":68,"column":33},"end":{"line":68,"column":34}},"loc":{"start":{"line":68,"column":56},"end":{"line":79,"column":3}},"line":68},"5":{"name":"(anonymous_5)","decl":{"start":{"line":69,"column":44},"end":{"line":69,"column":45}},"loc":{"start":{"line":69,"column":49},"end":{"line":69,"column":54}},"line":69},"6":{"name":"(anonymous_6)","decl":{"start":{"line":70,"column":48},"end":{"line":70,"column":49}},"loc":{"start":{"line":70,"column":55},"end":{"line":70,"column":83}},"line":70},"7":{"name":"(anonymous_7)","decl":{"start":{"line":82,"column":28},"end":{"line":82,"column":29}},"loc":{"start":{"line":82,"column":51},"end":{"line":95,"column":3}},"line":82},"8":{"name":"(anonymous_8)","decl":{"start":{"line":83,"column":44},"end":{"line":83,"column":45}},"loc":{"start":{"line":83,"column":49},"end":{"line":83,"column":54}},"line":83},"9":{"name":"(anonymous_9)","decl":{"start":{"line":88,"column":54},"end":{"line":88,"column":55}},"loc":{"start":{"line":88,"column":61},"end":{"line":88,"column":90}},"line":88},"10":{"name":"(anonymous_10)","decl":{"start":{"line":98,"column":28},"end":{"line":98,"column":29}},"loc":{"start":{"line":98,"column":50},"end":{"line":104,"column":3}},"line":98},"11":{"name":"(anonymous_11)","decl":{"start":{"line":100,"column":43},"end":{"line":100,"column":44}},"loc":{"start":{"line":100,"column":50},"end":{"line":100,"column":66}},"line":100},"12":{"name":"(anonymous_12)","decl":{"start":{"line":118,"column":26},"end":{"line":118,"column":27}},"loc":{"start":{"line":118,"column":35},"end":{"line":191,"column":7}},"line":118},"13":{"name":"(anonymous_13)","decl":{"start":{"line":142,"column":26},"end":{"line":142,"column":27}},"loc":{"start":{"line":142,"column":32},"end":{"line":142,"column":56}},"line":142},"14":{"name":"(anonymous_14)","decl":{"start":{"line":143,"column":25},"end":{"line":143,"column":26}},"loc":{"start":{"line":143,"column":32},"end":{"line":143,"column":51}},"line":143},"15":{"name":"(anonymous_15)","decl":{"start":{"line":163,"column":34},"end":{"line":163,"column":35}},"loc":{"start":{"line":164,"column":18},"end":{"line":185,"column":20}},"line":164},"16":{"name":"(anonymous_16)","decl":{"start":{"line":169,"column":34},"end":{"line":169,"column":35}},"loc":{"start":{"line":169,"column":40},"end":{"line":169,"column":68}},"line":169}},"branchMap":{"0":{"loc":{"start":{"line":40,"column":6},"end":{"line":46,"column":7}},"type":"if","locations":[{"start":{"line":40,"column":6},"end":{"line":46,"column":7}},{"start":{},"end":{}}],"line":40},"1":{"loc":{"start":{"line":53,"column":4},"end":{"line":64,"column":5}},"type":"switch","locations":[{"start":{"line":54,"column":6},"end":{"line":55,"column":63}},{"start":{"line":56,"column":6},"end":{"line":57,"column":63}},{"start":{"line":58,"column":6},"end":{"line":59,"column":65}},{"start":{"line":60,"column":6},"end":{"line":61,"column":64}},{"start":{"line":62,"column":6},"end":{"line":63,"column":20}}],"line":53},"2":{"loc":{"start":{"line":72,"column":4},"end":{"line":78,"column":5}},"type":"if","locations":[{"start":{"line":72,"column":4},"end":{"line":78,"column":5}},{"start":{"line":74,"column":11},"end":{"line":78,"column":5}}],"line":72},"3":{"loc":{"start":{"line":74,"column":11},"end":{"line":78,"column":5}},"type":"if","locations":[{"start":{"line":74,"column":11},"end":{"line":78,"column":5}},{"start":{"line":76,"column":11},"end":{"line":78,"column":5}}],"line":74},"4":{"loc":{"start":{"line":86,"column":4},"end":{"line":94,"column":5}},"type":"if","locations":[{"start":{"line":86,"column":4},"end":{"line":94,"column":5}},{"start":{"line":90,"column":11},"end":{"line":94,"column":5}}],"line":86},"5":{"loc":{"start":{"line":99,"column":4},"end":{"line":103,"column":5}},"type":"if","locations":[{"start":{"line":99,"column":4},"end":{"line":103,"column":5}},{"start":{"line":101,"column":11},"end":{"line":103,"column":5}}],"line":99},"6":{"loc":{"start":{"line":112,"column":17},"end":{"line":112,"column":66}},"type":"cond-expr","locations":[{"start":{"line":112,"column":45},"end":{"line":112,"column":54}},{"start":{"line":112,"column":57},"end":{"line":112,"column":66}}],"line":112}},"s":{"0":0,"1":0,"2":0,"3":0,"4":0,"5":0,"6":0,"7":0,"8":0,"9":0,"10":0,"11":0,"12":0,"13":0,"14":0,"15":0,"16":0,"17":0,"18":0,"19":0,"20":0,"21":0,"22":0,"23":0,"24":0,"25":0,"26":0,"27":0,"28":0,"29":0,"30":0,"31":0,"32":0,"33":0,"34":0,"35":0,"36":0,"37":0,"38":0,"39":0,"40":0,"41":0,"42":0,"43":0,"44":0,"45":0},"f":{"0":0,"1":0,"2":0,"3":0,"4":0,"5":0,"6":0,"7":0,"8":0,"9":0,"10":0,"11":0,"12":0,"13":0,"14":0,"15":0,"16":0},"b":{"0":[0,0],"1":[0,0,0,0,0],"2":[0,0],"3":[0,0],"4":[0,0],"5":[0,0],"6":[0,0]}}
,"/Users/scheevel/Workstream/EVALUATIONS/engineering-drawing-system-standalone/frontend/src/services/exportService.ts": {"path":"/Users/scheevel/Workstream/EVALUATIONS/engineering-drawing-system-standalone/frontend/src/services/exportService.ts","statementMap":{"0":{"start":{"line":10,"column":27},"end":{"line":55,"column":1}},"1":{"start":{"line":16,"column":2},"end":{"line":18,"column":3}},"2":{"start":{"line":17,"column":4},"end":{"line":17,"column":14}},"3":{"start":{"line":20,"column":2},"end":{"line":54,"column":3}},"4":{"start":{"line":23,"column":6},"end":{"line":34,"column":7}},"5":{"start":{"line":24,"column":21},"end":{"line":24,"column":36}},"6":{"start":{"line":25,"column":8},"end":{"line":31,"column":11}},"7":{"start":{"line":33,"column":8},"end":{"line":33,"column":29}},"8":{"start":{"line":38,"column":6},"end":{"line":46,"column":7}},"9":{"start":{"line":39,"column":24},"end":{"line":39,"column":46}},"10":{"start":{"line":40,"column":20},"end":{"line":40,"column":98}},"11":{"start":{"line":41,"column":25},"end":{"line":41,"column":73}},"12":{"start":{"line":45,"column":8},"end":{"line":45,"column":53}},"13":{"start":{"line":47,"column":6},"end":{"line":47,"column":16}},"14":{"start":{"line":50,"column":6},"end":{"line":50,"column":27}},"15":{"start":{"line":53,"column":6},"end":{"line":53,"column":27}},"16":{"start":{"line":61,"column":38},"end":{"line":92,"column":1}},"17":{"start":{"line":62,"column":32},"end":{"line":62,"column":34}},"18":{"start":{"line":63,"column":25},"end":{"line":63,"column":42}},"19":{"start":{"line":66,"column":2},"end":{"line":89,"column":5}},"20":{"start":{"line":67,"column":4},"end":{"line":88,"column":5}},"21":{"start":{"line":68,"column":6},"end":{"line":87,"column":9}},"22":{"start":{"line":69,"column":8},"end":{"line":86,"column":11}},"23":{"start":{"line":71,"column":10},"end":{"line":85,"column":11}},"24":{"start":{"line":78,"column":12},"end":{"line":78,"column":36}},"25":{"start":{"line":79,"column":12},"end":{"line":84,"column":15}},"26":{"start":{"line":81,"column":66},"end":{"line":81,"column":81}},"27":{"start":{"line":91,"column":2},"end":{"line":91,"column":16}},"28":{"start":{"line":98,"column":27},"end":{"line":142,"column":1}},"29":{"start":{"line":104,"column":15},"end":{"line":132,"column":3}},"30":{"start":{"line":105,"column":4},"end":{"line":131,"column":6}},"31":{"start":{"line":106,"column":42},"end":{"line":106,"column":44}},"32":{"start":{"line":108,"column":6},"end":{"line":128,"column":9}},"33":{"start":{"line":112,"column":8},"end":{"line":124,"column":9}},"34":{"start":{"line":113,"column":31},"end":{"line":113,"column":66}},"35":{"start":{"line":114,"column":10},"end":{"line":114,"column":42}},"36":{"start":{"line":117,"column":13},"end":{"line":124,"column":9}},"37":{"start":{"line":118,"column":29},"end":{"line":118,"column":62}},"38":{"start":{"line":119,"column":10},"end":{"line":119,"column":38}},"39":{"start":{"line":123,"column":10},"end":{"line":123,"column":61}},"40":{"start":{"line":127,"column":8},"end":{"line":127,"column":82}},"41":{"start":{"line":130,"column":6},"end":{"line":130,"column":17}},"42":{"start":{"line":135,"column":14},"end":{"line":139,"column":4}},"43":{"start":{"line":141,"column":2},"end":{"line":141,"column":13}},"44":{"start":{"line":147,"column":27},"end":{"line":171,"column":1}},"45":{"start":{"line":149,"column":15},"end":{"line":149,"column":25}},"46":{"start":{"line":150,"column":26},"end":{"line":150,"column":160}},"47":{"start":{"line":151,"column":24},"end":{"line":151,"column":51}},"48":{"start":{"line":154,"column":15},"end":{"line":154,"column":74}},"49":{"start":{"line":157,"column":15},"end":{"line":157,"column":42}},"50":{"start":{"line":158,"column":14},"end":{"line":158,"column":39}},"51":{"start":{"line":160,"column":2},"end":{"line":160,"column":33}},"52":{"start":{"line":161,"column":2},"end":{"line":161,"column":47}},"53":{"start":{"line":162,"column":2},"end":{"line":162,"column":35}},"54":{"start":{"line":165,"column":2},"end":{"line":165,"column":34}},"55":{"start":{"line":166,"column":2},"end":{"line":166,"column":15}},"56":{"start":{"line":169,"column":2},"end":{"line":169,"column":34}},"57":{"start":{"line":170,"column":2},"end":{"line":170,"column":27}},"58":{"start":{"line":176,"column":39},"end":{"line":216,"column":1}},"59":{"start":{"line":182,"column":2},"end":{"line":215,"column":3}},"60":{"start":{"line":184,"column":27},"end":{"line":187,"column":5}},"61":{"start":{"line":185,"column":24},"end":{"line":185,"column":63}},"62":{"start":{"line":190,"column":4},"end":{"line":192,"column":5}},"63":{"start":{"line":191,"column":6},"end":{"line":191,"column":49}},"64":{"start":{"line":194,"column":4},"end":{"line":196,"column":5}},"65":{"start":{"line":195,"column":6},"end":{"line":195,"column":55}},"66":{"start":{"line":199,"column":16},"end":{"line":199,"column":53}},"67":{"start":{"line":202,"column":4},"end":{"line":202,"column":21}},"68":{"start":{"line":205,"column":4},"end":{"line":207,"column":5}},"69":{"start":{"line":206,"column":6},"end":{"line":206,"column":18}},"70":{"start":{"line":209,"column":4},"end":{"line":209,"column":52}},"71":{"start":{"line":212,"column":4},"end":{"line":214,"column":5}},"72":{"start":{"line":213,"column":6},"end":{"line":213,"column":21}}},"fnMap":{"0":{"name":"(anonymous_0)","decl":{"start":{"line":10,"column":27},"end":{"line":10,"column":28}},"loc":{"start":{"line":14,"column":13},"end":{"line":55,"column":1}},"line":14},"1":{"name":"(anonymous_1)","decl":{"start":{"line":61,"column":38},"end":{"line":61,"column":39}},"loc":{"start":{"line":61,"column":74},"end":{"line":92,"column":1}},"line":61},"2":{"name":"(anonymous_2)","decl":{"start":{"line":66,"column":19},"end":{"line":66,"column":20}},"loc":{"start":{"line":66,"column":30},"end":{"line":89,"column":3}},"line":66},"3":{"name":"(anonymous_3)","decl":{"start":{"line":68,"column":33},"end":{"line":68,"column":34}},"loc":{"start":{"line":68,"column":53},"end":{"line":87,"column":7}},"line":68},"4":{"name":"(anonymous_4)","decl":{"start":{"line":69,"column":39},"end":{"line":69,"column":40}},"loc":{"start":{"line":69,"column":46},"end":{"line":86,"column":9}},"line":69},"5":{"name":"(anonymous_5)","decl":{"start":{"line":81,"column":61},"end":{"line":81,"column":62}},"loc":{"start":{"line":81,"column":66},"end":{"line":81,"column":81}},"line":81},"6":{"name":"(anonymous_6)","decl":{"start":{"line":98,"column":27},"end":{"line":98,"column":28}},"loc":{"start":{"line":101,"column":13},"end":{"line":142,"column":1}},"line":101},"7":{"name":"(anonymous_7)","decl":{"start":{"line":104,"column":32},"end":{"line":104,"column":33}},"loc":{"start":{"line":105,"column":4},"end":{"line":131,"column":6}},"line":105},"8":{"name":"(anonymous_8)","decl":{"start":{"line":105,"column":35},"end":{"line":105,"column":36}},"loc":{"start":{"line":105,"column":55},"end":{"line":131,"column":5}},"line":105},"9":{"name":"(anonymous_9)","decl":{"start":{"line":108,"column":29},"end":{"line":108,"column":30}},"loc":{"start":{"line":108,"column":38},"end":{"line":128,"column":7}},"line":108},"10":{"name":"(anonymous_10)","decl":{"start":{"line":147,"column":27},"end":{"line":147,"column":28}},"loc":{"start":{"line":147,"column":76},"end":{"line":171,"column":1}},"line":147},"11":{"name":"(anonymous_11)","decl":{"start":{"line":176,"column":39},"end":{"line":176,"column":40}},"loc":{"start":{"line":181,"column":11},"end":{"line":216,"column":1}},"line":181},"12":{"name":"(anonymous_12)","decl":{"start":{"line":185,"column":6},"end":{"line":185,"column":7}},"loc":{"start":{"line":185,"column":24},"end":{"line":185,"column":63}},"line":185}},"branchMap":{"0":{"loc":{"start":{"line":16,"column":2},"end":{"line":18,"column":3}},"type":"if","locations":[{"start":{"line":16,"column":2},"end":{"line":18,"column":3}},{"start":{},"end":{}}],"line":16},"1":{"loc":{"start":{"line":16,"column":6},"end":{"line":16,"column":43}},"type":"binary-expr","locations":[{"start":{"line":16,"column":6},"end":{"line":16,"column":20}},{"start":{"line":16,"column":24},"end":{"line":16,"column":43}}],"line":16},"2":{"loc":{"start":{"line":20,"column":2},"end":{"line":54,"column":3}},"type":"switch","locations":[{"start":{"line":21,"column":4},"end":{"line":34,"column":7}},{"start":{"line":36,"column":4},"end":{"line":47,"column":16}},{"start":{"line":49,"column":4},"end":{"line":50,"column":27}},{"start":{"line":52,"column":4},"end":{"line":53,"column":27}}],"line":20},"3":{"loc":{"start":{"line":38,"column":6},"end":{"line":46,"column":7}},"type":"if","locations":[{"start":{"line":38,"column":6},"end":{"line":46,"column":7}},{"start":{},"end":{}}],"line":38},"4":{"loc":{"start":{"line":38,"column":10},"end":{"line":38,"column":48}},"type":"binary-expr","locations":[{"start":{"line":38,"column":10},"end":{"line":38,"column":28}},{"start":{"line":38,"column":32},"end":{"line":38,"column":48}}],"line":38},"5":{"loc":{"start":{"line":41,"column":25},"end":{"line":41,"column":73}},"type":"binary-expr","locations":[{"start":{"line":41,"column":25},"end":{"line":41,"column":53}},{"start":{"line":41,"column":57},"end":{"line":41,"column":73}}],"line":41},"6":{"loc":{"start":{"line":67,"column":4},"end":{"line":88,"column":5}},"type":"if","locations":[{"start":{"line":67,"column":4},"end":{"line":88,"column":5}},{"start":{},"end":{}}],"line":67},"7":{"loc":{"start":{"line":67,"column":8},"end":{"line":67,"column":59}},"type":"binary-expr","locations":[{"start":{"line":67,"column":8},"end":{"line":67,"column":26}},{"start":{"line":67,"column":30},"end":{"line":67,"column":59}}],"line":67},"8":{"loc":{"start":{"line":71,"column":10},"end":{"line":85,"column":11}},"type":"if","locations":[{"start":{"line":71,"column":10},"end":{"line":85,"column":11}},{"start":{},"end":{}}],"line":71},"9":{"loc":{"start":{"line":72,"column":12},"end":{"line":76,"column":32}},"type":"binary-expr","locations":[{"start":{"line":72,"column":12},"end":{"line":72,"column":36}},{"start":{"line":73,"column":12},"end":{"line":73,"column":24}},{"start":{"line":74,"column":12},"end":{"line":74,"column":32}},{"start":{"line":75,"column":12},"end":{"line":75,"column":32}},{"start":{"line":76,"column":12},"end":{"line":76,"column":32}}],"line":72},"10":{"loc":{"start":{"line":82,"column":20},"end":{"line":82,"column":76}},"type":"cond-expr","locations":[{"start":{"line":82,"column":57},"end":{"line":82,"column":65}},{"start":{"line":82,"column":68},"end":{"line":82,"column":76}}],"line":82},"11":{"loc":{"start":{"line":105,"column":5},"end":{"line":105,"column":29}},"type":"binary-expr","locations":[{"start":{"line":105,"column":5},"end":{"line":105,"column":23}},{"start":{"line":105,"column":27},"end":{"line":105,"column":29}}],"line":105},"12":{"loc":{"start":{"line":112,"column":8},"end":{"line":124,"column":9}},"type":"if","locations":[{"start":{"line":112,"column":8},"end":{"line":124,"column":9}},{"start":{"line":117,"column":13},"end":{"line":124,"column":9}}],"line":112},"13":{"loc":{"start":{"line":117,"column":13},"end":{"line":124,"column":9}},"type":"if","locations":[{"start":{"line":117,"column":13},"end":{"line":124,"column":9}},{"start":{"line":122,"column":13},"end":{"line":124,"column":9}}],"line":117},"14":{"loc":{"start":{"line":123,"column":18},"end":{"line":123,"column":60}},"type":"binary-expr","locations":[{"start":{"line":123,"column":18},"end":{"line":123,"column":38}},{"start":{"line":123,"column":42},"end":{"line":123,"column":60}}],"line":123},"15":{"loc":{"start":{"line":151,"column":24},"end":{"line":151,"column":51}},"type":"binary-expr","locations":[{"start":{"line":151,"column":24},"end":{"line":151,"column":32}},{"start":{"line":151,"column":36},"end":{"line":151,"column":51}}],"line":151},"16":{"loc":{"start":{"line":185,"column":31},"end":{"line":185,"column":62}},"type":"binary-expr","locations":[{"start":{"line":185,"column":31},"end":{"line":185,"column":57}},{"start":{"line":185,"column":61},"end":{"line":185,"column":62}}],"line":185},"17":{"loc":{"start":{"line":190,"column":4},"end":{"line":192,"column":5}},"type":"if","locations":[{"start":{"line":190,"column":4},"end":{"line":192,"column":5}},{"start":{},"end":{}}],"line":190},"18":{"loc":{"start":{"line":190,"column":8},"end":{"line":190,"column":66}},"type":"binary-expr","locations":[{"start":{"line":190,"column":8},"end":{"line":190,"column":17}},{"start":{"line":190,"column":21},"end":{"line":190,"column":42}},{"start":{"line":190,"column":46},"end":{"line":190,"column":66}}],"line":190},"19":{"loc":{"start":{"line":194,"column":4},"end":{"line":196,"column":5}},"type":"if","locations":[{"start":{"line":194,"column":4},"end":{"line":196,"column":5}},{"start":{},"end":{}}],"line":194},"20":{"loc":{"start":{"line":194,"column":8},"end":{"line":194,"column":54}},"type":"binary-expr","locations":[{"start":{"line":194,"column":8},"end":{"line":194,"column":23}},{"start":{"line":194,"column":27},"end":{"line":194,"column":54}}],"line":194},"21":{"loc":{"start":{"line":205,"column":4},"end":{"line":207,"column":5}},"type":"if","locations":[{"start":{"line":205,"column":4},"end":{"line":207,"column":5}},{"start":{},"end":{}}],"line":205},"22":{"loc":{"start":{"line":212,"column":4},"end":{"line":214,"column":5}},"type":"if","locations":[{"start":{"line":212,"column":4},"end":{"line":214,"column":5}},{"start":{},"end":{}}],"line":212},"23":{"loc":{"start":{"line":212,"column":8},"end":{"line":212,"column":41}},"type":"binary-expr","locations":[{"start":{"line":212,"column":8},"end":{"line":212,"column":15}},{"start":{"line":212,"column":19},"end":{"line":212,"column":41}}],"line":212}},"s":{"0":1,"1":17,"2":2,"3":15,"4":1,"5":1,"6":1,"7":0,"8":1,"9":1,"10":1,"11":1,"12":1,"13":0,"14":1,"15":12,"16":1,"17":4,"18":4,"19":4,"20":4,"21":3,"22":3,"23":9,"24":6,"25":6,"26":12,"27":4,"28":1,"29":4,"30":5,"31":6,"32":6,"33":11,"34":5,"35":5,"36":6,"37":6,"38":6,"39":0,"40":11,"41":6,"42":4,"43":4,"44":1,"45":0,"46":0,"47":0,"48":0,"49":0,"50":0,"51":0,"52":0,"53":0,"54":0,"55":0,"56":0,"57":0,"58":1,"59":3,"60":3,"61":3,"62":3,"63":2,"64":1,"65":1,"66":0,"67":0,"68":0,"69":0,"70":3,"71":3,"72":3},"f":{"0":17,"1":4,"2":4,"3":3,"4":9,"5":12,"6":4,"7":5,"8":6,"9":11,"10":0,"11":3,"12":3},"b":{"0":[2,15],"1":[17,16],"2":[1,1,1,12],"3":[1,0],"4":[1,1],"5":[1,0],"6":[3,1],"7":[4,3],"8":[6,3],"9":[9,9,8,7,6],"10":[2,4],"11":[5,0],"12":[5,6],"13":[6,0],"14":[0,0],"15":[0,0],"16":[3,2],"17":[2,1],"18":[3,3,2],"19":[1,0],"20":[1,1],"21":[0,0],"22":[3,0],"23":[3,3]},"_coverageSchema":"1a1c01bbd47fc00a2c39e90264f33305004495a9","hash":"faf45fe6161a165c823b45942a69c77f7434f818"}
}
