TN:
SF:src/components/export/ExportDialog.tsx
FN:41,(anonymous_0)
FN:58,(anonymous_1)
FN:59,(anonymous_2)
FN:63,(anonymous_3)
FN:65,(anonymous_4)
FN:70,(anonymous_5)
FN:71,(anonymous_6)
FN:75,(anonymous_7)
FN:79,(anonymous_8)
FN:87,(anonymous_9)
FN:91,(anonymous_10)
FN:103,(anonymous_11)
FN:109,(anonymous_12)
FNF:13
FNH:0
FNDA:0,(anonymous_0)
FNDA:0,(anonymous_1)
FNDA:0,(anonymous_2)
FNDA:0,(anonymous_3)
FNDA:0,(anonymous_4)
FNDA:0,(anonymous_5)
FNDA:0,(anonymous_6)
FNDA:0,(anonymous_7)
FNDA:0,(anonymous_8)
FNDA:0,(anonymous_9)
FNDA:0,(anonymous_10)
FNDA:0,(anonymous_11)
FNDA:0,(anonymous_12)
DA:41,0
DA:46,0
DA:47,0
DA:58,0
DA:59,0
DA:63,0
DA:64,0
DA:65,0
DA:66,0
DA:70,0
DA:71,0
DA:75,0
DA:76,0
DA:81,0
DA:87,0
DA:88,0
DA:93,0
DA:103,0
DA:104,0
DA:105,0
DA:109,0
DA:110,0
DA:114,0
DA:116,0
LF:24
LH:0
BRDA:59,0,0,0
BRDA:59,0,1,0
BRDA:95,1,0,0
BRDA:95,1,1,0
BRDA:114,2,0,0
BRDA:114,2,1,0
BRDA:114,2,2,0
BRF:7
BRH:0
end_of_record
TN:
SF:src/components/export/ExportPreview.tsx
FN:26,(anonymous_0)
FN:33,(anonymous_1)
FN:34,(anonymous_2)
FN:41,(anonymous_3)
FN:42,(anonymous_4)
FN:43,(anonymous_5)
FN:46,(anonymous_6)
FN:74,(anonymous_7)
FN:88,(anonymous_8)
FN:117,(anonymous_9)
FN:132,(anonymous_10)
FNF:11
FNH:0
FNDA:0,(anonymous_0)
FNDA:0,(anonymous_1)
FNDA:0,(anonymous_2)
FNDA:0,(anonymous_3)
FNDA:0,(anonymous_4)
FNDA:0,(anonymous_5)
FNDA:0,(anonymous_6)
FNDA:0,(anonymous_7)
FNDA:0,(anonymous_8)
FNDA:0,(anonymous_9)
FNDA:0,(anonymous_10)
DA:26,0
DA:30,0
DA:33,0
DA:34,0
DA:38,0
DA:41,0
DA:42,0
DA:43,0
DA:44,0
DA:46,0
DA:50,0
DA:51,0
DA:52,0
DA:55,0
DA:56,0
DA:57,0
DA:61,0
DA:65,0
DA:68,0
DA:74,0
DA:75,0
DA:77,0
DA:89,0
DA:90,0
DA:92,0
DA:117,0
DA:118,0
DA:133,0
DA:156,0
DA:157,0
DA:166,0
DA:167,0
DA:176,0
LF:33
LH:0
BRDA:34,0,0,0
BRDA:34,0,1,0
BRDA:43,1,0,0
BRDA:43,1,1,0
BRDA:50,2,0,0
BRDA:50,2,1,0
BRDA:55,3,0,0
BRDA:55,3,1,0
BRDA:61,4,0,0
BRDA:61,4,1,0
BRDA:85,5,0,0
BRDA:85,5,1,0
BRDA:90,6,0,0
BRDA:90,6,1,0
BRDA:156,7,0,0
BRDA:156,7,1,0
BRDA:156,8,0,0
BRDA:156,8,1,0
BRDA:166,9,0,0
BRDA:166,9,1,0
BRDA:183,10,0,0
BRDA:183,10,1,0
BRF:22
BRH:0
end_of_record
TN:
SF:src/components/export/FieldGroupSelector.tsx
FN:30,(anonymous_0)
FN:36,(anonymous_1)
FN:39,(anonymous_2)
FN:52,(anonymous_3)
FN:68,(anonymous_4)
FN:69,(anonymous_5)
FN:70,(anonymous_6)
FN:82,(anonymous_7)
FN:83,(anonymous_8)
FN:88,(anonymous_9)
FN:98,(anonymous_10)
FN:100,(anonymous_11)
FN:118,(anonymous_12)
FN:142,(anonymous_13)
FN:143,(anonymous_14)
FN:163,(anonymous_15)
FN:169,(anonymous_16)
FNF:17
FNH:0
FNDA:0,(anonymous_0)
FNDA:0,(anonymous_1)
FNDA:0,(anonymous_2)
FNDA:0,(anonymous_3)
FNDA:0,(anonymous_4)
FNDA:0,(anonymous_5)
FNDA:0,(anonymous_6)
FNDA:0,(anonymous_7)
FNDA:0,(anonymous_8)
FNDA:0,(anonymous_9)
FNDA:0,(anonymous_10)
FNDA:0,(anonymous_11)
FNDA:0,(anonymous_12)
FNDA:0,(anonymous_13)
FNDA:0,(anonymous_14)
FNDA:0,(anonymous_15)
FNDA:0,(anonymous_16)
DA:30,0
DA:36,0
DA:37,0
DA:39,0
DA:40,0
DA:42,0
DA:47,0
DA:52,0
DA:53,0
DA:55,0
DA:57,0
DA:59,0
DA:61,0
DA:63,0
DA:68,0
DA:69,0
DA:70,0
DA:72,0
DA:73,0
DA:74,0
DA:75,0
DA:77,0
DA:82,0
DA:83,0
DA:84,0
DA:86,0
DA:88,0
DA:89,0
DA:92,0
DA:93,0
DA:98,0
DA:99,0
DA:100,0
DA:102,0
DA:106,0
DA:119,0
DA:121,0
DA:142,0
DA:143,0
DA:164,0
DA:169,0
LF:41
LH:0
BRDA:40,0,0,0
BRDA:40,0,1,0
BRDA:53,1,0,0
BRDA:53,1,1,0
BRDA:53,1,2,0
BRDA:53,1,3,0
BRDA:53,1,4,0
BRDA:72,2,0,0
BRDA:72,2,1,0
BRDA:74,3,0,0
BRDA:74,3,1,0
BRDA:86,4,0,0
BRDA:86,4,1,0
BRDA:99,5,0,0
BRDA:99,5,1,0
BRDA:112,6,0,0
BRDA:112,6,1,0
BRF:17
BRH:0
end_of_record
TN:
SF:src/services/exportService.ts
FN:10,(anonymous_0)
FN:61,(anonymous_1)
FN:66,(anonymous_2)
FN:68,(anonymous_3)
FN:69,(anonymous_4)
FN:81,(anonymous_5)
FN:98,(anonymous_6)
FN:104,(anonymous_7)
FN:105,(anonymous_8)
FN:108,(anonymous_9)
FN:147,(anonymous_10)
FN:176,(anonymous_11)
FN:185,(anonymous_12)
FNF:13
FNH:12
FNDA:17,(anonymous_0)
FNDA:4,(anonymous_1)
FNDA:4,(anonymous_2)
FNDA:3,(anonymous_3)
FNDA:9,(anonymous_4)
FNDA:12,(anonymous_5)
FNDA:4,(anonymous_6)
FNDA:5,(anonymous_7)
FNDA:6,(anonymous_8)
FNDA:11,(anonymous_9)
FNDA:0,(anonymous_10)
FNDA:3,(anonymous_11)
FNDA:3,(anonymous_12)
DA:10,1
DA:16,17
DA:17,2
DA:20,15
DA:23,1
DA:24,1
DA:25,1
DA:33,0
DA:38,1
DA:39,1
DA:40,1
DA:41,1
DA:45,1
DA:47,0
DA:50,1
DA:53,12
DA:61,1
DA:62,4
DA:63,4
DA:66,4
DA:67,4
DA:68,3
DA:69,3
DA:71,9
DA:78,6
DA:79,6
DA:81,12
DA:91,4
DA:98,1
DA:104,4
DA:105,5
DA:106,6
DA:108,6
DA:112,11
DA:113,5
DA:114,5
DA:117,6
DA:118,6
DA:119,6
DA:123,0
DA:127,11
DA:130,6
DA:135,4
DA:141,4
DA:147,1
DA:149,0
DA:150,0
DA:151,0
DA:154,0
DA:157,0
DA:158,0
DA:160,0
DA:161,0
DA:162,0
DA:165,0
DA:166,0
DA:169,0
DA:170,0
DA:176,1
DA:182,3
DA:184,3
DA:185,3
DA:190,3
DA:191,2
DA:194,1
DA:195,1
DA:199,0
DA:202,0
DA:205,0
DA:206,0
DA:209,3
DA:212,3
DA:213,3
LF:73
LH:53
BRDA:16,0,0,2
BRDA:16,0,1,15
BRDA:16,1,0,17
BRDA:16,1,1,16
BRDA:20,2,0,1
BRDA:20,2,1,1
BRDA:20,2,2,1
BRDA:20,2,3,12
BRDA:38,3,0,1
BRDA:38,3,1,0
BRDA:38,4,0,1
BRDA:38,4,1,1
BRDA:41,5,0,1
BRDA:41,5,1,0
BRDA:67,6,0,3
BRDA:67,6,1,1
BRDA:67,7,0,4
BRDA:67,7,1,3
BRDA:71,8,0,6
BRDA:71,8,1,3
BRDA:72,9,0,9
BRDA:72,9,1,9
BRDA:72,9,2,8
BRDA:72,9,3,7
BRDA:72,9,4,6
BRDA:82,10,0,2
BRDA:82,10,1,4
BRDA:105,11,0,5
BRDA:105,11,1,0
BRDA:112,12,0,5
BRDA:112,12,1,6
BRDA:117,13,0,6
BRDA:117,13,1,0
BRDA:123,14,0,0
BRDA:123,14,1,0
BRDA:151,15,0,0
BRDA:151,15,1,0
BRDA:185,16,0,3
BRDA:185,16,1,2
BRDA:190,17,0,2
BRDA:190,17,1,1
BRDA:190,18,0,3
BRDA:190,18,1,3
BRDA:190,18,2,2
BRDA:194,19,0,1
BRDA:194,19,1,0
BRDA:194,20,0,1
BRDA:194,20,1,1
BRDA:205,21,0,0
BRDA:205,21,1,0
BRDA:212,22,0,3
BRDA:212,22,1,0
BRDA:212,23,0,3
BRDA:212,23,1,3
BRF:54
BRH:42
end_of_record
