TN:
SF:src/App.tsx
FN:16,(anonymous_0)
FN:22,(anonymous_1)
FNF:2
FNH:0
FNDA:0,(anonymous_0)
FNDA:0,(anonymous_1)
DA:16,0
DA:17,0
DA:18,0
DA:20,0
DA:22,0
LF:5
LH:0
BRF:0
BRH:0
end_of_record
TN:
SF:src/index.tsx
FNF:0
FNH:0
DA:9,0
DA:19,0
DA:33,0
DA:37,0
LF:4
LH:0
BRF:0
BRH:0
end_of_record
TN:
SF:src/components/ComponentDetailModal.tsx
FN:88,(anonymous_0)
FN:100,(anonymous_1)
FN:121,(anonymous_2)
FN:136,(anonymous_3)
FN:144,(anonymous_4)
FN:146,(anonymous_5)
FN:151,(anonymous_6)
FN:158,(anonymous_7)
FN:166,(anonymous_8)
FN:186,(anonymous_9)
FN:201,(anonymous_10)
FN:209,(anonymous_11)
FN:225,(anonymous_12)
FN:293,(anonymous_13)
FN:318,(anonymous_14)
FN:343,(anonymous_15)
FN:349,(anonymous_16)
FN:360,(anonymous_17)
FN:373,(anonymous_18)
FN:399,(anonymous_19)
FN:405,(anonymous_20)
FN:406,(anonymous_21)
FN:441,(anonymous_22)
FN:444,(anonymous_23)
FN:455,(anonymous_24)
FN:457,(anonymous_25)
FN:471,(anonymous_26)
FN:562,(anonymous_27)
FN:585,(anonymous_28)
FN:680,(anonymous_29)
FN:688,(anonymous_30)
FN:692,(anonymous_31)
FNF:32
FNH:0
FNDA:0,(anonymous_0)
FNDA:0,(anonymous_1)
FNDA:0,(anonymous_2)
FNDA:0,(anonymous_3)
FNDA:0,(anonymous_4)
FNDA:0,(anonymous_5)
FNDA:0,(anonymous_6)
FNDA:0,(anonymous_7)
FNDA:0,(anonymous_8)
FNDA:0,(anonymous_9)
FNDA:0,(anonymous_10)
FNDA:0,(anonymous_11)
FNDA:0,(anonymous_12)
FNDA:0,(anonymous_13)
FNDA:0,(anonymous_14)
FNDA:0,(anonymous_15)
FNDA:0,(anonymous_16)
FNDA:0,(anonymous_17)
FNDA:0,(anonymous_18)
FNDA:0,(anonymous_19)
FNDA:0,(anonymous_20)
FNDA:0,(anonymous_21)
FNDA:0,(anonymous_22)
FNDA:0,(anonymous_23)
FNDA:0,(anonymous_24)
FNDA:0,(anonymous_25)
FNDA:0,(anonymous_26)
FNDA:0,(anonymous_27)
FNDA:0,(anonymous_28)
FNDA:0,(anonymous_29)
FNDA:0,(anonymous_30)
FNDA:0,(anonymous_31)
DA:55,0
DA:71,0
DA:78,0
DA:88,0
DA:93,0
DA:94,0
DA:95,0
DA:96,0
DA:98,0
DA:100,0
DA:106,0
DA:118,0
DA:121,0
DA:122,0
DA:123,0
DA:136,0
DA:137,0
DA:138,0
DA:139,0
DA:143,0
DA:144,0
DA:147,0
DA:148,0
DA:152,0
DA:158,0
DA:159,0
DA:162,0
DA:163,0
DA:166,0
DA:167,0
DA:168,0
DA:170,0
DA:171,0
DA:173,0
DA:186,0
DA:187,0
DA:190,0
DA:191,0
DA:192,0
DA:193,0
DA:194,0
DA:195,0
DA:196,0
DA:198,0
DA:201,0
DA:202,0
DA:203,0
DA:205,0
DA:209,0
DA:210,0
DA:211,0
DA:212,0
DA:213,0
DA:225,0
DA:226,0
DA:227,0
DA:229,0
DA:233,0
DA:235,0
DA:294,0
DA:319,0
DA:344,0
DA:350,0
DA:360,0
DA:374,0
DA:400,0
DA:405,0
DA:407,0
DA:442,0
DA:445,0
DA:455,0
DA:457,0
DA:472,0
DA:563,0
DA:586,0
DA:680,0
DA:688,0
DA:693,0
DA:694,0
LF:79
LH:0
BRDA:102,0,0,0
BRDA:102,0,1,0
BRDA:122,1,0,0
BRDA:122,1,1,0
BRDA:124,2,0,0
BRDA:124,2,1,0
BRDA:125,3,0,0
BRDA:125,3,1,0
BRDA:126,4,0,0
BRDA:126,4,1,0
BRDA:127,5,0,0
BRDA:127,5,1,0
BRDA:128,6,0,0
BRDA:128,6,1,0
BRDA:129,7,0,0
BRDA:129,7,1,0
BRDA:130,8,0,0
BRDA:130,8,1,0
BRDA:137,9,0,0
BRDA:137,9,1,0
BRDA:159,10,0,0
BRDA:159,10,1,0
BRDA:167,11,0,0
BRDA:167,11,1,0
BRDA:167,12,0,0
BRDA:167,12,1,0
BRDA:171,13,0,0
BRDA:171,13,1,0
BRDA:171,14,0,0
BRDA:171,14,1,0
BRDA:174,15,0,0
BRDA:174,15,1,0
BRDA:175,16,0,0
BRDA:175,16,1,0
BRDA:176,17,0,0
BRDA:176,17,1,0
BRDA:177,18,0,0
BRDA:177,18,1,0
BRDA:178,19,0,0
BRDA:178,19,1,0
BRDA:179,20,0,0
BRDA:179,20,1,0
BRDA:180,21,0,0
BRDA:180,21,1,0
BRDA:190,22,0,0
BRDA:190,22,1,0
BRDA:191,23,0,0
BRDA:191,23,1,0
BRDA:192,24,0,0
BRDA:192,24,1,0
BRDA:193,25,0,0
BRDA:193,25,1,0
BRDA:194,26,0,0
BRDA:194,26,1,0
BRDA:195,27,0,0
BRDA:195,27,1,0
BRDA:196,28,0,0
BRDA:196,28,1,0
BRDA:202,29,0,0
BRDA:202,29,1,0
BRDA:212,30,0,0
BRDA:212,30,1,0
BRDA:214,31,0,0
BRDA:214,31,1,0
BRDA:215,32,0,0
BRDA:215,32,1,0
BRDA:216,33,0,0
BRDA:216,33,1,0
BRDA:217,34,0,0
BRDA:217,34,1,0
BRDA:218,35,0,0
BRDA:218,35,1,0
BRDA:219,36,0,0
BRDA:219,36,1,0
BRDA:220,37,0,0
BRDA:220,37,1,0
BRDA:226,38,0,0
BRDA:226,38,1,0
BRDA:226,39,0,0
BRDA:226,39,1,0
BRDA:233,40,0,0
BRDA:233,40,1,0
BRDA:241,41,0,0
BRDA:241,41,1,0
BRDA:242,42,0,0
BRDA:242,42,1,0
BRDA:247,43,0,0
BRDA:247,43,1,0
BRDA:262,44,0,0
BRDA:262,44,1,0
BRDA:268,45,0,0
BRDA:268,45,1,0
BRDA:274,46,0,0
BRDA:274,46,1,0
BRDA:288,47,0,0
BRDA:288,47,1,0
BRDA:314,48,0,0
BRDA:314,48,1,0
BRDA:331,49,0,0
BRDA:331,49,1,0
BRDA:339,50,0,0
BRDA:339,50,1,0
BRDA:360,51,0,0
BRDA:360,51,1,0
BRDA:360,51,2,0
BRDA:368,52,0,0
BRDA:368,52,1,0
BRDA:395,53,0,0
BRDA:395,53,1,0
BRDA:405,54,0,0
BRDA:405,54,1,0
BRDA:417,55,0,0
BRDA:417,55,1,0
BRDA:421,56,0,0
BRDA:421,56,1,0
BRDA:421,56,2,0
BRDA:429,57,0,0
BRDA:429,57,1,0
BRDA:437,58,0,0
BRDA:437,58,1,0
BRDA:455,59,0,0
BRDA:455,59,1,0
BRDA:457,60,0,0
BRDA:457,60,1,0
BRDA:467,61,0,0
BRDA:467,61,1,0
BRDA:484,62,0,0
BRDA:484,62,1,0
BRDA:508,63,0,0
BRDA:508,63,1,0
BRDA:518,64,0,0
BRDA:518,64,1,0
BRDA:528,65,0,0
BRDA:528,65,1,0
BRDA:538,66,0,0
BRDA:538,66,1,0
BRDA:538,66,2,0
BRDA:544,67,0,0
BRDA:544,67,1,0
BRDA:544,68,0,0
BRDA:544,68,1,0
BRDA:554,69,0,0
BRDA:554,69,1,0
BRDA:554,69,2,0
BRDA:566,70,0,0
BRDA:566,70,1,0
BRDA:577,71,0,0
BRDA:577,71,1,0
BRDA:577,71,2,0
BRDA:632,72,0,0
BRDA:632,72,1,0
BRDA:637,73,0,0
BRDA:637,73,1,0
BRDA:641,74,0,0
BRDA:641,74,1,0
BRF:155
BRH:0
end_of_record
TN:
SF:src/components/DrawingReassignDialog.tsx
FN:48,(anonymous_0)
FN:73,(anonymous_1)
FN:89,(anonymous_2)
FN:92,(anonymous_3)
FN:101,(anonymous_4)
FN:111,(anonymous_5)
FN:117,(anonymous_6)
FN:122,(anonymous_7)
FN:131,(anonymous_8)
FN:133,(anonymous_9)
FN:209,(anonymous_10)
FN:235,(anonymous_11)
FN:247,(anonymous_12)
FN:270,(anonymous_13)
FN:279,(anonymous_14)
FNF:15
FNH:0
FNDA:0,(anonymous_0)
FNDA:0,(anonymous_1)
FNDA:0,(anonymous_2)
FNDA:0,(anonymous_3)
FNDA:0,(anonymous_4)
FNDA:0,(anonymous_5)
FNDA:0,(anonymous_6)
FNDA:0,(anonymous_7)
FNDA:0,(anonymous_8)
FNDA:0,(anonymous_9)
FNDA:0,(anonymous_10)
FNDA:0,(anonymous_11)
FNDA:0,(anonymous_12)
FNDA:0,(anonymous_13)
FNDA:0,(anonymous_14)
DA:48,0
DA:54,0
DA:55,0
DA:56,0
DA:57,0
DA:58,0
DA:59,0
DA:62,0
DA:72,0
DA:74,0
DA:75,0
DA:76,0
DA:77,0
DA:79,0
DA:88,0
DA:90,0
DA:93,0
DA:94,0
DA:95,0
DA:96,0
DA:101,0
DA:102,0
DA:103,0
DA:104,0
DA:106,0
DA:107,0
DA:111,0
DA:112,0
DA:113,0
DA:117,0
DA:118,0
DA:119,0
DA:122,0
DA:123,0
DA:124,0
DA:125,0
DA:126,0
DA:127,0
DA:128,0
DA:131,0
DA:132,0
DA:133,0
DA:134,0
DA:137,0
DA:139,0
DA:140,0
DA:180,0
DA:210,0
DA:235,0
DA:247,0
DA:270,0
DA:280,0
LF:52
LH:0
BRDA:62,0,0,0
BRDA:102,1,0,0
BRDA:102,1,1,0
BRDA:112,2,0,0
BRDA:112,2,1,0
BRDA:118,3,0,0
BRDA:118,3,1,0
BRDA:132,4,0,0
BRDA:132,4,1,0
BRDA:134,5,0,0
BRDA:134,5,1,0
BRDA:139,6,0,0
BRDA:139,6,1,0
BRDA:150,7,0,0
BRDA:150,7,1,0
BRDA:151,8,0,0
BRDA:151,8,1,0
BRDA:153,9,0,0
BRDA:153,9,1,0
BRDA:156,10,0,0
BRDA:156,10,1,0
BRDA:190,11,0,0
BRDA:190,11,1,0
BRDA:226,12,0,0
BRDA:226,12,1,0
BRDA:239,13,0,0
BRDA:239,13,1,0
BRDA:241,14,0,0
BRDA:241,14,1,0
BRDA:241,15,0,0
BRDA:241,15,1,0
BRDA:254,16,0,0
BRDA:254,16,1,0
BRDA:256,17,0,0
BRDA:256,17,1,0
BRDA:301,18,0,0
BRDA:301,18,1,0
BRDA:301,18,2,0
BRDA:307,19,0,0
BRDA:307,19,1,0
BRDA:315,20,0,0
BRDA:315,20,1,0
BRDA:317,21,0,0
BRDA:317,21,1,0
BRDA:327,22,0,0
BRDA:327,22,1,0
BRDA:331,23,0,0
BRDA:331,23,1,0
BRDA:333,24,0,0
BRDA:333,24,1,0
BRDA:336,25,0,0
BRDA:336,25,1,0
BRDA:342,26,0,0
BRDA:342,26,1,0
BRDA:344,27,0,0
BRDA:344,27,1,0
BRDA:347,28,0,0
BRDA:347,28,1,0
BRDA:349,29,0,0
BRDA:349,29,1,0
BRF:60
BRH:0
end_of_record
TN:
SF:src/components/DrawingUpload.tsx
FN:53,(anonymous_0)
FN:72,(anonymous_1)
FN:80,(anonymous_2)
FN:81,(anonymous_3)
FN:87,(anonymous_4)
FN:100,(anonymous_5)
FN:101,(anonymous_6)
FN:102,(anonymous_7)
FN:109,(anonymous_8)
FN:110,(anonymous_9)
FN:111,(anonymous_10)
FN:124,(anonymous_11)
FN:125,(anonymous_12)
FN:139,(anonymous_13)
FN:140,(anonymous_14)
FN:154,(anonymous_15)
FN:156,(anonymous_16)
FN:157,(anonymous_17)
FN:160,(anonymous_18)
FN:161,(anonymous_19)
FN:161,(anonymous_20)
FN:164,(anonymous_21)
FN:165,(anonymous_22)
FN:165,(anonymous_23)
FN:168,(anonymous_24)
FN:174,(anonymous_25)
FN:182,(anonymous_26)
FN:186,(anonymous_27)
FN:192,(anonymous_28)
FN:194,(anonymous_29)
FN:195,(anonymous_30)
FN:198,(anonymous_31)
FN:200,(anonymous_32)
FN:204,(anonymous_33)
FN:215,(anonymous_34)
FN:230,(anonymous_35)
FN:236,(anonymous_36)
FN:237,(anonymous_37)
FN:238,(anonymous_38)
FN:239,(anonymous_39)
FN:239,(anonymous_40)
FN:253,(anonymous_41)
FN:262,(anonymous_42)
FN:354,(anonymous_43)
FN:363,(anonymous_44)
FN:391,(anonymous_45)
FN:399,(anonymous_46)
FN:420,(anonymous_47)
FN:430,(anonymous_48)
FN:446,(anonymous_49)
FNF:50
FNH:0
FNDA:0,(anonymous_0)
FNDA:0,(anonymous_1)
FNDA:0,(anonymous_2)
FNDA:0,(anonymous_3)
FNDA:0,(anonymous_4)
FNDA:0,(anonymous_5)
FNDA:0,(anonymous_6)
FNDA:0,(anonymous_7)
FNDA:0,(anonymous_8)
FNDA:0,(anonymous_9)
FNDA:0,(anonymous_10)
FNDA:0,(anonymous_11)
FNDA:0,(anonymous_12)
FNDA:0,(anonymous_13)
FNDA:0,(anonymous_14)
FNDA:0,(anonymous_15)
FNDA:0,(anonymous_16)
FNDA:0,(anonymous_17)
FNDA:0,(anonymous_18)
FNDA:0,(anonymous_19)
FNDA:0,(anonymous_20)
FNDA:0,(anonymous_21)
FNDA:0,(anonymous_22)
FNDA:0,(anonymous_23)
FNDA:0,(anonymous_24)
FNDA:0,(anonymous_25)
FNDA:0,(anonymous_26)
FNDA:0,(anonymous_27)
FNDA:0,(anonymous_28)
FNDA:0,(anonymous_29)
FNDA:0,(anonymous_30)
FNDA:0,(anonymous_31)
FNDA:0,(anonymous_32)
FNDA:0,(anonymous_33)
FNDA:0,(anonymous_34)
FNDA:0,(anonymous_35)
FNDA:0,(anonymous_36)
FNDA:0,(anonymous_37)
FNDA:0,(anonymous_38)
FNDA:0,(anonymous_39)
FNDA:0,(anonymous_40)
FNDA:0,(anonymous_41)
FNDA:0,(anonymous_42)
FNDA:0,(anonymous_43)
FNDA:0,(anonymous_44)
FNDA:0,(anonymous_45)
FNDA:0,(anonymous_46)
FNDA:0,(anonymous_47)
FNDA:0,(anonymous_48)
FNDA:0,(anonymous_49)
DA:53,0
DA:54,0
DA:55,0
DA:56,0
DA:57,0
DA:58,0
DA:59,0
DA:62,0
DA:71,0
DA:73,0
DA:74,0
DA:75,0
DA:76,0
DA:80,0
DA:81,0
DA:87,0
DA:90,0
DA:100,0
DA:101,0
DA:102,0
DA:103,0
DA:107,0
DA:109,0
DA:110,0
DA:111,0
DA:112,0
DA:119,0
DA:121,0
DA:124,0
DA:125,0
DA:126,0
DA:139,0
DA:140,0
DA:141,0
DA:154,0
DA:155,0
DA:156,0
DA:157,0
DA:160,0
DA:161,0
DA:164,0
DA:165,0
DA:168,0
DA:169,0
DA:170,0
DA:174,0
DA:175,0
DA:176,0
DA:178,0
DA:182,0
DA:183,0
DA:186,0
DA:187,0
DA:189,0
DA:192,0
DA:193,0
DA:194,0
DA:195,0
DA:198,0
DA:199,0
DA:200,0
DA:201,0
DA:204,0
DA:205,0
DA:207,0
DA:209,0
DA:211,0
DA:215,0
DA:216,0
DA:218,0
DA:220,0
DA:222,0
DA:226,0
DA:230,0
DA:231,0
DA:232,0
DA:233,0
DA:236,0
DA:237,0
DA:238,0
DA:239,0
DA:241,0
DA:253,0
DA:263,0
DA:354,0
DA:364,0
DA:391,0
DA:399,0
DA:420,0
DA:430,0
DA:446,0
LF:91
LH:0
BRDA:62,0,0,0
BRDA:103,1,0,0
BRDA:103,1,1,0
BRDA:112,2,0,0
BRDA:112,2,1,0
BRDA:112,3,0,0
BRDA:112,3,1,0
BRDA:119,4,0,0
BRDA:119,4,1,0
BRDA:126,5,0,0
BRDA:126,5,1,0
BRDA:133,6,0,0
BRDA:133,6,1,0
BRDA:141,7,0,0
BRDA:141,7,1,0
BRDA:146,8,0,0
BRDA:146,8,1,0
BRDA:146,8,2,0
BRDA:169,9,0,0
BRDA:169,9,1,0
BRDA:175,10,0,0
BRDA:175,10,1,0
BRDA:199,11,0,0
BRDA:199,11,1,0
BRDA:201,12,0,0
BRDA:201,12,1,0
BRDA:205,13,0,0
BRDA:205,13,1,0
BRDA:205,13,2,0
BRDA:216,14,0,0
BRDA:216,14,1,0
BRDA:216,14,2,0
BRDA:216,14,3,0
BRDA:222,15,0,0
BRDA:222,15,1,0
BRDA:231,16,0,0
BRDA:231,16,1,0
BRDA:232,17,0,0
BRDA:232,17,1,0
BRDA:239,18,0,0
BRDA:239,18,1,0
BRDA:279,19,0,0
BRDA:279,19,1,0
BRDA:292,20,0,0
BRDA:292,20,1,0
BRDA:294,21,0,0
BRDA:294,21,1,0
BRDA:298,22,0,0
BRDA:298,22,1,0
BRDA:300,23,0,0
BRDA:300,23,1,0
BRDA:313,24,0,0
BRDA:313,24,1,0
BRDA:315,25,0,0
BRDA:315,25,1,0
BRDA:327,26,0,0
BRDA:327,26,1,0
BRDA:332,27,0,0
BRDA:332,27,1,0
BRDA:343,28,0,0
BRDA:343,28,1,0
BRDA:354,29,0,0
BRDA:354,29,1,0
BRDA:374,30,0,0
BRDA:374,30,1,0
BRDA:382,31,0,0
BRDA:382,31,1,0
BRDA:388,32,0,0
BRDA:388,32,1,0
BRDA:411,33,0,0
BRDA:411,33,1,0
BRDA:434,34,0,0
BRDA:434,34,1,0
BRDA:435,35,0,0
BRDA:435,35,1,0
BRDA:435,36,0,0
BRDA:435,36,1,0
BRDA:439,37,0,0
BRDA:439,37,1,0
BRDA:441,38,0,0
BRDA:441,38,1,0
BRDA:450,39,0,0
BRDA:450,39,1,0
BRDA:451,40,0,0
BRDA:451,40,1,0
BRDA:453,41,0,0
BRDA:453,41,1,0
BRF:87
BRH:0
end_of_record
TN:
SF:src/components/HighlightedText.tsx
FN:10,(anonymous_0)
FN:26,(anonymous_1)
FNF:2
FNH:0
FNDA:0,(anonymous_0)
FNDA:0,(anonymous_1)
DA:10,0
DA:16,0
DA:17,0
DA:21,0
DA:22,0
DA:24,0
DA:27,0
LF:7
LH:0
BRDA:13,0,0,0
BRDA:16,1,0,0
BRDA:16,1,1,0
BRDA:27,2,0,0
BRDA:27,2,1,0
BRF:5
BRH:0
end_of_record
TN:
SF:src/components/Navigation.tsx
FN:35,(anonymous_0)
FN:41,(anonymous_1)
FN:58,(anonymous_2)
FN:65,(anonymous_3)
FN:71,(anonymous_4)
FN:77,(anonymous_5)
FN:83,(anonymous_6)
FN:130,(anonymous_7)
FN:136,(anonymous_8)
FNF:9
FNH:0
FNDA:0,(anonymous_0)
FNDA:0,(anonymous_1)
FNDA:0,(anonymous_2)
FNDA:0,(anonymous_3)
FNDA:0,(anonymous_4)
FNDA:0,(anonymous_5)
FNDA:0,(anonymous_6)
FNDA:0,(anonymous_7)
FNDA:0,(anonymous_8)
DA:28,0
DA:29,0
DA:35,0
DA:36,0
DA:37,0
DA:38,0
DA:39,0
DA:41,0
DA:42,0
DA:43,0
DA:45,0
DA:47,0
DA:48,0
DA:50,0
DA:58,0
DA:59,0
DA:60,0
DA:62,0
DA:65,0
DA:66,0
DA:67,0
DA:71,0
DA:72,0
DA:73,0
DA:77,0
DA:78,0
DA:79,0
DA:83,0
DA:84,0
DA:85,0
DA:89,0
DA:131,0
DA:133,0
DA:136,0
DA:183,0
DA:184,0
DA:196,0
LF:37
LH:0
BRDA:43,0,0,0
BRDA:43,0,1,0
BRDA:43,1,0,0
BRDA:43,1,1,0
BRDA:47,2,0,0
BRDA:47,2,1,0
BRDA:47,2,2,0
BRDA:48,3,0,0
BRDA:48,3,1,0
BRDA:59,4,0,0
BRDA:59,4,1,0
BRDA:66,5,0,0
BRDA:66,5,1,0
BRDA:66,6,0,0
BRDA:66,6,1,0
BRDA:72,7,0,0
BRDA:72,7,1,0
BRDA:78,8,0,0
BRDA:78,8,1,0
BRDA:78,9,0,0
BRDA:78,9,1,0
BRDA:84,10,0,0
BRDA:84,10,1,0
BRDA:91,11,0,0
BRDA:91,11,1,0
BRDA:113,12,0,0
BRDA:113,12,1,0
BRDA:118,13,0,0
BRDA:118,13,1,0
BRDA:124,14,0,0
BRDA:124,14,1,0
BRDA:141,15,0,0
BRDA:141,15,1,0
BRDA:150,16,0,0
BRDA:150,16,1,0
BRDA:159,17,0,0
BRDA:159,17,1,0
BRDA:162,18,0,0
BRDA:162,18,1,0
BRDA:173,19,0,0
BRDA:173,19,1,0
BRDA:183,20,0,0
BRDA:183,20,1,0
BRDA:183,21,0,0
BRDA:183,21,1,0
BRF:45
BRH:0
end_of_record
TN:
SF:src/components/ProjectOrganizationDialog.tsx
FN:47,(anonymous_0)
FN:71,(anonymous_1)
FN:87,(anonymous_2)
FN:90,(anonymous_3)
FN:97,(anonymous_4)
FN:107,(anonymous_5)
FN:113,(anonymous_6)
FN:118,(anonymous_7)
FN:126,(anonymous_8)
FN:128,(anonymous_9)
FN:182,(anonymous_10)
FN:208,(anonymous_11)
FN:220,(anonymous_12)
FN:243,(anonymous_13)
FN:252,(anonymous_14)
FNF:15
FNH:0
FNDA:0,(anonymous_0)
FNDA:0,(anonymous_1)
FNDA:0,(anonymous_2)
FNDA:0,(anonymous_3)
FNDA:0,(anonymous_4)
FNDA:0,(anonymous_5)
FNDA:0,(anonymous_6)
FNDA:0,(anonymous_7)
FNDA:0,(anonymous_8)
FNDA:0,(anonymous_9)
FNDA:0,(anonymous_10)
FNDA:0,(anonymous_11)
FNDA:0,(anonymous_12)
FNDA:0,(anonymous_13)
FNDA:0,(anonymous_14)
DA:47,0
DA:53,0
DA:54,0
DA:55,0
DA:56,0
DA:57,0
DA:60,0
DA:70,0
DA:72,0
DA:73,0
DA:74,0
DA:75,0
DA:77,0
DA:86,0
DA:88,0
DA:91,0
DA:92,0
DA:97,0
DA:98,0
DA:99,0
DA:100,0
DA:102,0
DA:103,0
DA:107,0
DA:108,0
DA:109,0
DA:113,0
DA:114,0
DA:115,0
DA:118,0
DA:119,0
DA:120,0
DA:121,0
DA:122,0
DA:123,0
DA:126,0
DA:127,0
DA:128,0
DA:129,0
DA:132,0
DA:136,0
DA:137,0
DA:167,0
DA:183,0
DA:208,0
DA:220,0
DA:243,0
DA:253,0
LF:48
LH:0
BRDA:60,0,0,0
BRDA:98,1,0,0
BRDA:98,1,1,0
BRDA:108,2,0,0
BRDA:108,2,1,0
BRDA:114,3,0,0
BRDA:114,3,1,0
BRDA:127,4,0,0
BRDA:127,4,1,0
BRDA:129,5,0,0
BRDA:129,5,1,0
BRDA:132,6,0,0
BRDA:132,6,1,0
BRDA:136,7,0,0
BRDA:136,7,1,0
BRDA:147,8,0,0
BRDA:147,8,1,0
BRDA:148,9,0,0
BRDA:148,9,1,0
BRDA:172,10,0,0
BRDA:172,10,1,0
BRDA:199,11,0,0
BRDA:199,11,1,0
BRDA:212,12,0,0
BRDA:212,12,1,0
BRDA:214,13,0,0
BRDA:214,13,1,0
BRDA:214,14,0,0
BRDA:214,14,1,0
BRDA:227,15,0,0
BRDA:227,15,1,0
BRDA:229,16,0,0
BRDA:229,16,1,0
BRDA:274,17,0,0
BRDA:274,17,1,0
BRDA:274,17,2,0
BRDA:282,18,0,0
BRDA:282,18,1,0
BRDA:284,19,0,0
BRDA:284,19,1,0
BRDA:294,20,0,0
BRDA:294,20,1,0
BRDA:298,21,0,0
BRDA:298,21,1,0
BRDA:300,22,0,0
BRDA:300,22,1,0
BRDA:303,23,0,0
BRDA:303,23,1,0
BRDA:311,24,0,0
BRDA:311,24,1,0
BRDA:314,25,0,0
BRDA:314,25,1,0
BRDA:316,26,0,0
BRDA:316,26,1,0
BRF:54
BRH:0
end_of_record
TN:
SF:src/components/RecentActivity.tsx
FN:4,(anonymous_0)
FNF:1
FNH:0
FNDA:0,(anonymous_0)
DA:4,0
DA:5,0
LF:2
LH:0
BRF:0
BRH:0
end_of_record
TN:
SF:src/components/SavedSearchDialog.tsx
FN:45,(anonymous_0)
FN:71,(anonymous_1)
FN:100,(anonymous_2)
FN:101,(anonymous_3)
FN:104,(anonymous_4)
FN:113,(anonymous_5)
FN:163,(anonymous_6)
FN:199,(anonymous_7)
FN:208,(anonymous_8)
FN:218,(anonymous_9)
FN:233,(anonymous_10)
FN:242,(anonymous_11)
FN:251,(anonymous_12)
FN:263,(anonymous_13)
FN:271,(anonymous_14)
FN:280,(anonymous_15)
FN:291,(anonymous_16)
FN:304,(anonymous_17)
FNF:18
FNH:0
FNDA:0,(anonymous_0)
FNDA:0,(anonymous_1)
FNDA:0,(anonymous_2)
FNDA:0,(anonymous_3)
FNDA:0,(anonymous_4)
FNDA:0,(anonymous_5)
FNDA:0,(anonymous_6)
FNDA:0,(anonymous_7)
FNDA:0,(anonymous_8)
FNDA:0,(anonymous_9)
FNDA:0,(anonymous_10)
FNDA:0,(anonymous_11)
FNDA:0,(anonymous_12)
FNDA:0,(anonymous_13)
FNDA:0,(anonymous_14)
FNDA:0,(anonymous_15)
FNDA:0,(anonymous_16)
FNDA:0,(anonymous_17)
DA:45,0
DA:58,0
DA:59,0
DA:60,0
DA:61,0
DA:62,0
DA:63,0
DA:64,0
DA:65,0
DA:66,0
DA:67,0
DA:68,0
DA:71,0
DA:72,0
DA:73,0
DA:75,0
DA:76,0
DA:77,0
DA:78,0
DA:79,0
DA:80,0
DA:81,0
DA:82,0
DA:83,0
DA:86,0
DA:87,0
DA:88,0
DA:89,0
DA:90,0
DA:91,0
DA:92,0
DA:93,0
DA:94,0
DA:96,0
DA:100,0
DA:101,0
DA:102,0
DA:104,0
DA:105,0
DA:108,0
DA:113,0
DA:114,0
DA:115,0
DA:117,0
DA:119,0
DA:120,0
DA:122,0
DA:123,0
DA:125,0
DA:126,0
DA:129,0
DA:154,0
DA:155,0
DA:157,0
DA:159,0
DA:163,0
DA:164,0
DA:169,0
DA:172,0
DA:173,0
DA:175,0
DA:199,0
DA:208,0
DA:218,0
DA:233,0
DA:242,0
DA:251,0
DA:263,0
DA:271,0
DA:280,0
DA:291,0
DA:304,0
LF:72
LH:0
BRDA:55,0,0,0
BRDA:56,1,0,0
BRDA:72,2,0,0
BRDA:72,2,1,0
BRDA:73,3,0,0
BRDA:73,3,1,0
BRDA:76,4,0,0
BRDA:76,4,1,0
BRDA:79,5,0,0
BRDA:79,5,1,0
BRDA:80,6,0,0
BRDA:80,6,1,0
BRDA:81,7,0,0
BRDA:81,7,1,0
BRDA:90,8,0,0
BRDA:90,8,1,0
BRDA:91,9,0,0
BRDA:91,9,1,0
BRDA:92,10,0,0
BRDA:92,10,1,0
BRDA:102,11,0,0
BRDA:102,11,1,0
BRDA:105,12,0,0
BRDA:105,12,1,0
BRDA:119,13,0,0
BRDA:119,13,1,0
BRDA:122,14,0,0
BRDA:122,14,1,0
BRDA:125,15,0,0
BRDA:125,15,1,0
BRDA:129,16,0,0
BRDA:129,16,1,0
BRDA:132,17,0,0
BRDA:132,17,1,0
BRDA:135,18,0,0
BRDA:135,18,1,0
BRDA:136,19,0,0
BRDA:136,19,1,0
BRDA:137,20,0,0
BRDA:137,20,1,0
BRDA:143,21,0,0
BRDA:143,21,1,0
BRDA:146,22,0,0
BRDA:146,22,1,0
BRDA:147,23,0,0
BRDA:147,23,1,0
BRDA:148,24,0,0
BRDA:148,24,1,0
BRDA:157,25,0,0
BRDA:157,25,1,0
BRDA:169,26,0,0
BRDA:169,26,1,0
BRDA:173,27,0,0
BRDA:173,27,1,0
BRDA:178,28,0,0
BRDA:178,28,1,0
BRDA:182,29,0,0
BRDA:182,29,1,0
BRDA:182,29,2,0
BRDA:189,30,0,0
BRDA:189,30,1,0
BRDA:319,31,0,0
BRDA:319,31,1,0
BRDA:322,32,0,0
BRDA:322,32,1,0
BRDA:324,33,0,0
BRDA:324,33,1,0
BRDA:324,33,2,0
BRDA:326,34,0,0
BRDA:326,34,1,0
BRDA:329,35,0,0
BRDA:329,35,1,0
BRDA:343,36,0,0
BRDA:343,36,1,0
BRDA:343,36,2,0
BRDA:345,37,0,0
BRDA:345,37,1,0
BRDA:345,38,0,0
BRDA:345,38,1,0
BRF:79
BRH:0
end_of_record
TN:
SF:src/components/ScopeEffectivenessMetrics.tsx
FN:22,(anonymous_0)
FN:38,(anonymous_1)
FN:43,(anonymous_2)
FN:114,(anonymous_3)
FN:138,(anonymous_4)
FN:152,(anonymous_5)
FNF:6
FNH:0
FNDA:0,(anonymous_0)
FNDA:0,(anonymous_1)
FNDA:0,(anonymous_2)
FNDA:0,(anonymous_3)
FNDA:0,(anonymous_4)
FNDA:0,(anonymous_5)
DA:22,0
DA:27,0
DA:28,0
DA:31,0
DA:38,0
DA:39,0
DA:43,0
DA:44,0
DA:46,0
DA:62,0
DA:63,0
DA:66,0
DA:115,0
DA:139,0
DA:153,0
LF:15
LH:0
BRDA:47,0,0,0
BRDA:47,0,1,0
BRDA:48,1,0,0
BRDA:48,1,1,0
BRDA:49,2,0,0
BRDA:49,2,1,0
BRDA:51,3,0,0
BRDA:51,3,1,0
BRDA:52,4,0,0
BRDA:52,4,1,0
BRDA:53,5,0,0
BRDA:53,5,1,0
BRDA:62,6,0,0
BRDA:62,6,1,0
BRDA:71,7,0,0
BRDA:71,7,1,0
BRDA:87,8,0,0
BRDA:87,8,1,0
BRDA:97,9,0,0
BRDA:97,9,1,0
BRDA:99,10,0,0
BRDA:99,10,1,0
BRDA:104,11,0,0
BRDA:104,11,1,0
BRDA:119,12,0,0
BRDA:119,12,1,0
BRDA:120,13,0,0
BRDA:120,13,1,0
BRDA:125,14,0,0
BRDA:125,14,1,0
BRDA:136,15,0,0
BRDA:136,15,1,0
BRDA:150,16,0,0
BRDA:150,16,1,0
BRDA:177,17,0,0
BRDA:177,17,1,0
BRF:36
BRH:0
end_of_record
TN:
SF:src/components/SearchResultRow.tsx
FN:30,(anonymous_0)
FN:39,(anonymous_1)
FN:47,(anonymous_2)
FN:55,(anonymous_3)
FN:63,(anonymous_4)
FN:100,(anonymous_5)
FN:162,(anonymous_6)
FN:231,(anonymous_7)
FN:260,(anonymous_8)
FNF:9
FNH:0
FNDA:0,(anonymous_0)
FNDA:0,(anonymous_1)
FNDA:0,(anonymous_2)
FNDA:0,(anonymous_3)
FNDA:0,(anonymous_4)
FNDA:0,(anonymous_5)
FNDA:0,(anonymous_6)
FNDA:0,(anonymous_7)
FNDA:0,(anonymous_8)
DA:30,0
DA:36,0
DA:39,0
DA:40,0
DA:41,0
DA:43,0
DA:47,0
DA:48,0
DA:49,0
DA:51,0
DA:55,0
DA:56,0
DA:57,0
DA:59,0
DA:63,0
DA:64,0
DA:65,0
DA:68,0
DA:69,0
DA:76,0
DA:77,0
DA:78,0
DA:97,0
DA:100,0
DA:101,0
DA:102,0
DA:105,0
DA:163,0
DA:164,0
DA:232,0
DA:261,0
LF:31
LH:0
BRDA:33,0,0,0
BRDA:40,1,0,0
BRDA:40,1,1,0
BRDA:48,2,0,0
BRDA:48,2,1,0
BRDA:48,3,0,0
BRDA:48,3,1,0
BRDA:49,4,0,0
BRDA:49,4,1,0
BRDA:51,5,0,0
BRDA:51,5,1,0
BRDA:56,6,0,0
BRDA:56,6,1,0
BRDA:56,7,0,0
BRDA:56,7,1,0
BRDA:56,7,2,0
BRDA:64,8,0,0
BRDA:64,8,1,0
BRDA:64,9,0,0
BRDA:64,9,1,0
BRDA:64,9,2,0
BRDA:64,9,3,0
BRDA:77,10,0,0
BRDA:77,10,1,0
BRDA:77,11,0,0
BRDA:77,11,1,0
BRDA:112,12,0,0
BRDA:112,12,1,0
BRDA:122,13,0,0
BRDA:122,13,1,0
BRDA:143,14,0,0
BRDA:143,14,1,0
BRDA:149,15,0,0
BRDA:149,15,1,0
BRDA:151,16,0,0
BRDA:151,16,1,0
BRDA:151,16,2,0
BRDA:155,17,0,0
BRDA:155,17,1,0
BRDA:188,18,0,0
BRDA:188,18,1,0
BRDA:201,19,0,0
BRDA:201,19,1,0
BRDA:211,20,0,0
BRDA:211,20,1,0
BRDA:211,20,2,0
BRDA:217,21,0,0
BRDA:217,21,1,0
BRDA:217,22,0,0
BRDA:217,22,1,0
BRDA:225,23,0,0
BRDA:225,23,1,0
BRDA:225,23,2,0
BRDA:234,24,0,0
BRDA:234,24,1,0
BRDA:234,25,0,0
BRDA:234,25,1,0
BRDA:235,26,0,0
BRDA:235,26,1,0
BRDA:241,27,0,0
BRDA:241,27,1,0
BRDA:254,28,0,0
BRDA:254,28,1,0
BRDA:254,28,2,0
BRDA:263,29,0,0
BRDA:263,29,1,0
BRDA:270,30,0,0
BRDA:270,30,1,0
BRF:68
BRH:0
end_of_record
TN:
SF:src/components/SystemStats.tsx
FN:6,(anonymous_0)
FN:60,(anonymous_1)
FNF:2
FNH:0
FNDA:0,(anonymous_0)
FNDA:0,(anonymous_1)
DA:6,0
DA:7,0
DA:15,0
DA:16,0
DA:23,0
DA:24,0
DA:31,0
DA:54,0
DA:61,0
LF:9
LH:0
BRDA:15,0,0,0
BRDA:15,0,1,0
BRDA:23,1,0,0
BRDA:23,1,1,0
BRDA:34,2,0,0
BRDA:34,2,1,0
BRDA:39,3,0,0
BRDA:39,3,1,0
BRDA:44,4,0,0
BRDA:44,4,1,0
BRDA:49,5,0,0
BRDA:49,5,1,0
BRF:12
BRH:0
end_of_record
TN:
SF:src/components/drawing/ComponentCreationDialog.tsx
FN:44,(anonymous_0)
FN:68,(anonymous_1)
FN:92,(anonymous_2)
FN:94,(anonymous_3)
FN:100,(anonymous_4)
FN:105,(anonymous_5)
FN:113,(anonymous_6)
FN:114,(anonymous_7)
FN:126,(anonymous_8)
FN:142,(anonymous_9)
FN:155,(anonymous_10)
FN:213,(anonymous_11)
FN:245,(anonymous_12)
FN:258,(anonymous_13)
FN:271,(anonymous_14)
FN:284,(anonymous_15)
FN:287,(anonymous_16)
FN:303,(anonymous_17)
FN:306,(anonymous_18)
FN:323,(anonymous_19)
FN:336,(anonymous_20)
FN:347,(anonymous_21)
FNF:22
FNH:0
FNDA:0,(anonymous_0)
FNDA:0,(anonymous_1)
FNDA:0,(anonymous_2)
FNDA:0,(anonymous_3)
FNDA:0,(anonymous_4)
FNDA:0,(anonymous_5)
FNDA:0,(anonymous_6)
FNDA:0,(anonymous_7)
FNDA:0,(anonymous_8)
FNDA:0,(anonymous_9)
FNDA:0,(anonymous_10)
FNDA:0,(anonymous_11)
FNDA:0,(anonymous_12)
FNDA:0,(anonymous_13)
FNDA:0,(anonymous_14)
FNDA:0,(anonymous_15)
FNDA:0,(anonymous_16)
FNDA:0,(anonymous_17)
FNDA:0,(anonymous_18)
FNDA:0,(anonymous_19)
FNDA:0,(anonymous_20)
FNDA:0,(anonymous_21)
DA:44,0
DA:52,0
DA:54,0
DA:63,0
DA:66,0
DA:68,0
DA:73,0
DA:75,0
DA:91,0
DA:92,0
DA:95,0
DA:96,0
DA:97,0
DA:98,0
DA:101,0
DA:102,0
DA:103,0
DA:104,0
DA:105,0
DA:107,0
DA:113,0
DA:114,0
DA:120,0
DA:121,0
DA:126,0
DA:132,0
DA:133,0
DA:136,0
DA:137,0
DA:141,0
DA:142,0
DA:143,0
DA:147,0
DA:148,0
DA:152,0
DA:155,0
DA:157,0
DA:159,0
DA:160,0
DA:164,0
DA:165,0
DA:168,0
DA:169,0
DA:173,0
DA:174,0
DA:179,0
DA:180,0
DA:184,0
DA:185,0
DA:186,0
DA:189,0
DA:190,0
DA:191,0
DA:195,0
DA:210,0
DA:213,0
DA:214,0
DA:222,0
DA:223,0
DA:226,0
DA:246,0
DA:258,0
DA:271,0
DA:284,0
DA:288,0
DA:303,0
DA:307,0
DA:323,0
DA:336,0
DA:347,0
LF:70
LH:0
BRDA:50,0,0,0
BRDA:56,1,0,0
BRDA:56,1,1,0
BRDA:73,2,0,0
BRDA:73,2,1,0
BRDA:101,3,0,0
BRDA:101,3,1,0
BRDA:102,4,0,0
BRDA:102,4,1,0
BRDA:104,5,0,0
BRDA:104,5,1,0
BRDA:105,6,0,0
BRDA:105,6,1,0
BRDA:120,7,0,0
BRDA:120,7,1,0
BRDA:132,8,0,0
BRDA:132,8,1,0
BRDA:132,9,0,0
BRDA:132,9,1,0
BRDA:136,10,0,0
BRDA:136,10,1,0
BRDA:136,11,0,0
BRDA:136,11,1,0
BRDA:141,12,0,0
BRDA:141,12,1,0
BRDA:141,13,0,0
BRDA:141,13,1,0
BRDA:141,13,2,0
BRDA:143,14,0,0
BRDA:143,14,1,0
BRDA:147,15,0,0
BRDA:147,15,1,0
BRDA:159,16,0,0
BRDA:159,16,1,0
BRDA:164,17,0,0
BRDA:164,17,1,0
BRDA:164,18,0,0
BRDA:164,18,1,0
BRDA:168,19,0,0
BRDA:168,19,1,0
BRDA:173,20,0,0
BRDA:173,20,1,0
BRDA:179,21,0,0
BRDA:179,21,1,0
BRDA:184,22,0,0
BRDA:184,22,1,0
BRDA:189,23,0,0
BRDA:189,23,1,0
BRDA:199,24,0,0
BRDA:199,24,1,0
BRDA:201,25,0,0
BRDA:201,25,1,0
BRDA:202,26,0,0
BRDA:202,26,1,0
BRDA:231,27,0,0
BRDA:231,27,1,0
BRDA:233,28,0,0
BRDA:233,28,1,0
BRDA:242,29,0,0
BRDA:242,29,1,0
BRDA:253,30,0,0
BRDA:253,30,1,0
BRDA:266,31,0,0
BRDA:266,31,1,0
BRDA:270,32,0,0
BRDA:270,32,1,0
BRDA:278,33,0,0
BRDA:278,33,1,0
BRDA:297,34,0,0
BRDA:297,34,1,0
BRDA:316,35,0,0
BRDA:316,35,1,0
BRDA:336,36,0,0
BRDA:336,36,1,0
BRDA:358,37,0,0
BRDA:358,37,1,0
BRDA:361,38,0,0
BRDA:361,38,1,0
BRDA:389,39,0,0
BRDA:389,39,1,0
BRDA:389,39,2,0
BRDA:389,39,3,0
BRDA:390,40,0,0
BRDA:390,40,1,0
BRDA:392,41,0,0
BRDA:392,41,1,0
BRDA:394,42,0,0
BRDA:394,42,1,0
BRF:88
BRH:0
end_of_record
TN:
SF:src/components/drawing/DrawingContextMenu.tsx
FN:39,(anonymous_0)
FN:51,(anonymous_1)
FN:88,(anonymous_2)
FN:88,(anonymous_3)
FN:95,(anonymous_4)
FN:95,(anonymous_5)
FN:102,(anonymous_6)
FN:102,(anonymous_7)
FN:128,(anonymous_8)
FN:128,(anonymous_9)
FN:140,(anonymous_10)
FN:140,(anonymous_11)
FN:152,(anonymous_12)
FNF:13
FNH:0
FNDA:0,(anonymous_0)
FNDA:0,(anonymous_1)
FNDA:0,(anonymous_2)
FNDA:0,(anonymous_3)
FNDA:0,(anonymous_4)
FNDA:0,(anonymous_5)
FNDA:0,(anonymous_6)
FNDA:0,(anonymous_7)
FNDA:0,(anonymous_8)
FNDA:0,(anonymous_9)
FNDA:0,(anonymous_10)
FNDA:0,(anonymous_11)
FNDA:0,(anonymous_12)
DA:39,0
DA:51,0
DA:52,0
DA:53,0
DA:57,0
DA:88,0
DA:95,0
DA:102,0
DA:128,0
DA:140,0
DA:152,0
LF:11
LH:0
BRDA:62,0,0,0
BRDA:62,0,1,0
BRDA:72,1,0,0
BRDA:72,1,1,0
BRDA:77,2,0,0
BRDA:77,2,1,0
BRDA:80,3,0,0
BRDA:80,3,1,0
BRDA:85,4,0,0
BRDA:85,4,1,0
BRDA:159,5,0,0
BRDA:159,5,1,0
BRF:12
BRH:0
end_of_record
TN:
SF:src/components/editor/ComponentBasicInfo.tsx
FN:23,(anonymous_0)
FN:36,(anonymous_1)
FN:88,(anonymous_2)
FN:101,(anonymous_3)
FN:114,(anonymous_4)
FN:120,(anonymous_5)
FN:134,(anonymous_6)
FN:161,(anonymous_7)
FN:172,(anonymous_8)
FN:183,(anonymous_9)
FN:186,(anonymous_10)
FNF:11
FNH:0
FNDA:0,(anonymous_0)
FNDA:0,(anonymous_1)
FNDA:0,(anonymous_2)
FNDA:0,(anonymous_3)
FNDA:0,(anonymous_4)
FNDA:0,(anonymous_5)
FNDA:0,(anonymous_6)
FNDA:0,(anonymous_7)
FNDA:0,(anonymous_8)
FNDA:0,(anonymous_9)
FNDA:0,(anonymous_10)
DA:23,0
DA:28,0
DA:29,0
DA:36,0
DA:37,0
DA:39,0
DA:43,0
DA:46,0
DA:61,0
DA:67,0
DA:88,0
DA:101,0
DA:114,0
DA:121,0
DA:134,0
DA:161,0
DA:172,0
DA:183,0
DA:187,0
LF:19
LH:0
BRDA:28,0,0,0
BRDA:28,0,1,0
BRDA:37,1,0,0
BRDA:37,1,1,0
BRDA:87,2,0,0
BRDA:87,2,1,0
BRDA:92,3,0,0
BRDA:92,3,1,0
BRDA:92,4,0,0
BRDA:92,4,1,0
BRDA:100,5,0,0
BRDA:100,5,1,0
BRDA:113,6,0,0
BRDA:113,6,1,0
BRDA:133,7,0,0
BRDA:133,7,1,0
BRDA:160,8,0,0
BRDA:160,8,1,0
BRDA:161,9,0,0
BRDA:161,9,1,0
BRDA:171,10,0,0
BRDA:171,10,1,0
BRDA:182,11,0,0
BRDA:182,11,1,0
BRDA:212,12,0,0
BRDA:212,12,1,0
BRDA:218,13,0,0
BRDA:218,13,1,0
BRDA:230,14,0,0
BRDA:230,14,1,0
BRDA:242,15,0,0
BRDA:242,15,1,0
BRDA:267,16,0,0
BRDA:267,16,1,0
BRDA:267,16,2,0
BRDA:272,17,0,0
BRDA:272,17,1,0
BRDA:272,18,0,0
BRDA:272,18,1,0
BRDA:279,19,0,0
BRDA:279,19,1,0
BRDA:279,19,2,0
BRDA:287,20,0,0
BRDA:287,20,1,0
BRF:44
BRH:0
end_of_record
TN:
SF:src/components/editor/ComponentDimensions.tsx
FN:32,(anonymous_0)
FN:39,(anonymous_1)
FN:68,(anonymous_2)
FN:103,(anonymous_3)
FN:130,(anonymous_4)
FN:139,(anonymous_5)
FNF:6
FNH:0
FNDA:0,(anonymous_0)
FNDA:0,(anonymous_1)
FNDA:0,(anonymous_2)
FNDA:0,(anonymous_3)
FNDA:0,(anonymous_4)
FNDA:0,(anonymous_5)
DA:32,0
DA:37,0
DA:39,0
DA:43,0
DA:44,0
DA:51,0
DA:52,0
DA:58,0
DA:70,0
DA:104,0
DA:132,0
DA:141,0
LF:12
LH:0
BRDA:34,0,0,0
BRDA:37,1,0,0
BRDA:43,2,0,0
BRDA:43,2,1,0
BRDA:51,3,0,0
BRDA:51,3,1,0
BRDA:64,4,0,0
BRDA:64,4,1,0
BRDA:78,5,0,0
BRDA:78,5,1,0
BRDA:83,6,0,0
BRDA:83,6,1,0
BRDA:99,7,0,0
BRDA:99,7,1,0
BRDA:116,8,0,0
BRDA:116,8,1,0
BRDA:118,9,0,0
BRDA:118,9,1,0
BRDA:118,9,2,0
BRDA:122,10,0,0
BRDA:122,10,1,0
BRDA:126,11,0,0
BRDA:126,11,1,0
BRF:23
BRH:0
end_of_record
TN:
SF:src/components/editor/ComponentHistory.tsx
FN:20,(anonymous_0)
FN:23,(anonymous_1)
FN:61,(anonymous_2)
FNF:3
FNH:0
FNDA:0,(anonymous_0)
FNDA:0,(anonymous_1)
FNDA:0,(anonymous_2)
DA:20,0
DA:21,0
DA:23,0
DA:27,0
DA:28,0
DA:35,0
DA:36,0
DA:43,0
DA:62,0
LF:9
LH:0
BRDA:27,0,0,0
BRDA:27,0,1,0
BRDA:35,1,0,0
BRDA:35,1,1,0
BRDA:49,2,0,0
BRDA:49,2,1,0
BRDA:49,3,0,0
BRDA:49,3,1,0
BRDA:67,4,0,0
BRDA:67,4,1,0
BRDA:70,5,0,0
BRDA:70,5,1,0
BRDA:73,6,0,0
BRDA:73,6,1,0
BRDA:74,7,0,0
BRDA:74,7,1,0
BRDA:82,8,0,0
BRDA:82,8,1,0
BRDA:84,9,0,0
BRDA:84,9,1,0
BRDA:87,10,0,0
BRDA:87,10,1,0
BRDA:87,10,2,0
BRDA:95,11,0,0
BRDA:95,11,1,0
BRDA:100,12,0,0
BRDA:100,12,1,0
BRF:27
BRH:0
end_of_record
TN:
SF:src/components/editor/ComponentSpecifications.tsx
FN:32,(anonymous_0)
FN:39,(anonymous_1)
FN:68,(anonymous_2)
FN:102,(anonymous_3)
FN:132,(anonymous_4)
FN:141,(anonymous_5)
FNF:6
FNH:0
FNDA:0,(anonymous_0)
FNDA:0,(anonymous_1)
FNDA:0,(anonymous_2)
FNDA:0,(anonymous_3)
FNDA:0,(anonymous_4)
FNDA:0,(anonymous_5)
DA:32,0
DA:37,0
DA:39,0
DA:43,0
DA:44,0
DA:51,0
DA:52,0
DA:58,0
DA:70,0
DA:103,0
DA:134,0
DA:143,0
LF:12
LH:0
BRDA:34,0,0,0
BRDA:37,1,0,0
BRDA:43,2,0,0
BRDA:43,2,1,0
BRDA:51,3,0,0
BRDA:51,3,1,0
BRDA:64,4,0,0
BRDA:64,4,1,0
BRDA:78,5,0,0
BRDA:78,5,1,0
BRDA:83,6,0,0
BRDA:83,6,1,0
BRDA:98,7,0,0
BRDA:98,7,1,0
BRDA:116,8,0,0
BRDA:116,8,1,0
BRDA:120,9,0,0
BRDA:120,9,1,0
BRDA:120,9,2,0
BRDA:124,10,0,0
BRDA:124,10,1,0
BRDA:128,11,0,0
BRDA:128,11,1,0
BRF:23
BRH:0
end_of_record
TN:
SF:src/components/flexible/ContextualHelpPanel.tsx
FN:47,(anonymous_0)
FN:52,(anonymous_1)
FN:132,(anonymous_2)
FN:179,(anonymous_3)
FN:180,(anonymous_4)
FN:213,(anonymous_5)
FN:227,(anonymous_6)
FN:235,(anonymous_7)
FN:332,formatFieldName
FN:335,(anonymous_9)
FN:339,getFieldTypeIcon
FN:358,getFieldSpecificHelp
FNF:12
FNH:0
FNDA:0,(anonymous_0)
FNDA:0,(anonymous_1)
FNDA:0,(anonymous_2)
FNDA:0,(anonymous_3)
FNDA:0,(anonymous_4)
FNDA:0,(anonymous_5)
FNDA:0,(anonymous_6)
FNDA:0,(anonymous_7)
FNDA:0,formatFieldName
FNDA:0,(anonymous_9)
FNDA:0,getFieldTypeIcon
FNDA:0,getFieldSpecificHelp
DA:47,0
DA:52,0
DA:54,0
DA:133,0
DA:179,0
DA:181,0
DA:213,0
DA:224,0
DA:225,0
DA:227,0
DA:228,0
DA:229,0
DA:231,0
DA:235,0
DA:236,0
DA:243,0
DA:245,0
DA:251,0
DA:257,0
DA:263,0
DA:267,0
DA:268,0
DA:271,0
DA:333,0
DA:335,0
DA:341,0
DA:344,0
DA:346,0
DA:348,0
DA:350,0
DA:352,0
DA:354,0
DA:359,0
DA:361,0
DA:364,0
DA:365,0
DA:366,0
DA:367,0
DA:368,0
DA:371,0
DA:372,0
DA:373,0
DA:374,0
DA:375,0
DA:378,0
DA:379,0
DA:380,0
DA:381,0
DA:383,0
DA:386,0
LF:50
LH:0
BRDA:57,0,0,0
BRDA:57,0,1,0
BRDA:63,1,0,0
BRDA:63,1,1,0
BRDA:77,2,0,0
BRDA:77,2,1,0
BRDA:86,3,0,0
BRDA:86,3,1,0
BRDA:96,4,0,0
BRDA:96,4,1,0
BRDA:107,5,0,0
BRDA:107,5,1,0
BRDA:113,6,0,0
BRDA:113,6,1,0
BRDA:124,7,0,0
BRDA:124,7,1,0
BRDA:130,8,0,0
BRDA:130,8,1,0
BRDA:157,9,0,0
BRDA:157,9,1,0
BRDA:164,10,0,0
BRDA:164,10,1,0
BRDA:166,11,0,0
BRDA:166,11,1,0
BRDA:167,12,0,0
BRDA:167,12,1,0
BRDA:172,13,0,0
BRDA:172,13,1,0
BRDA:186,14,0,0
BRDA:186,14,1,0
BRDA:197,15,0,0
BRDA:197,15,1,0
BRDA:200,16,0,0
BRDA:200,16,1,0
BRDA:217,17,0,0
BRDA:218,18,0,0
BRDA:221,19,0,0
BRDA:222,20,0,0
BRDA:228,21,0,0
BRDA:228,21,1,0
BRDA:243,22,0,0
BRDA:243,22,1,0
BRDA:243,22,2,0
BRDA:243,22,3,0
BRDA:267,23,0,0
BRDA:267,23,1,0
BRDA:298,24,0,0
BRDA:298,24,1,0
BRDA:300,25,0,0
BRDA:300,25,1,0
BRDA:303,26,0,0
BRDA:303,26,1,0
BRDA:341,27,0,0
BRDA:341,27,1,0
BRDA:341,27,2,0
BRDA:341,27,3,0
BRDA:341,27,4,0
BRDA:341,27,5,0
BRDA:341,27,6,0
BRDA:361,28,0,0
BRDA:361,28,1,0
BRDA:361,28,2,0
BRDA:361,28,3,0
BRDA:361,28,4,0
BRDA:365,29,0,0
BRDA:365,29,1,0
BRDA:366,30,0,0
BRDA:366,30,1,0
BRDA:367,31,0,0
BRDA:367,31,1,0
BRDA:368,32,0,0
BRDA:368,32,1,0
BRDA:372,33,0,0
BRDA:372,33,1,0
BRDA:373,34,0,0
BRDA:373,34,1,0
BRDA:374,35,0,0
BRDA:374,35,1,0
BRDA:375,36,0,0
BRDA:375,36,1,0
BRDA:378,37,0,0
BRDA:378,37,1,0
BRDA:378,38,0,0
BRDA:378,38,1,0
BRDA:380,39,0,0
BRDA:380,39,1,0
BRDA:381,40,0,0
BRDA:381,40,1,0
BRF:88
BRH:0
end_of_record
TN:
SF:src/components/flexible/FlexibleComponentCard.tsx
FN:89,(anonymous_0)
FN:106,(anonymous_1)
FN:123,(anonymous_2)
FN:127,(anonymous_3)
FN:134,(anonymous_4)
FN:137,(anonymous_5)
FN:160,(anonymous_6)
FN:169,(anonymous_7)
FN:177,(anonymous_8)
FN:180,(anonymous_9)
FN:190,(anonymous_10)
FN:192,(anonymous_11)
FN:205,(anonymous_12)
FN:207,(anonymous_13)
FN:214,(anonymous_14)
FN:221,(anonymous_15)
FN:228,(anonymous_16)
FN:234,(anonymous_17)
FN:266,(anonymous_18)
FN:280,(anonymous_19)
FN:287,(anonymous_20)
FN:295,(anonymous_21)
FN:306,(anonymous_22)
FN:325,(anonymous_23)
FN:345,(anonymous_24)
FN:390,(anonymous_25)
FN:429,(anonymous_26)
FN:495,(anonymous_27)
FN:516,(anonymous_28)
FN:528,(anonymous_29)
FN:540,(anonymous_30)
FN:550,(anonymous_31)
FN:560,(anonymous_32)
FN:736,(anonymous_33)
FN:756,(anonymous_34)
FNF:35
FNH:0
FNDA:0,(anonymous_0)
FNDA:0,(anonymous_1)
FNDA:0,(anonymous_2)
FNDA:0,(anonymous_3)
FNDA:0,(anonymous_4)
FNDA:0,(anonymous_5)
FNDA:0,(anonymous_6)
FNDA:0,(anonymous_7)
FNDA:0,(anonymous_8)
FNDA:0,(anonymous_9)
FNDA:0,(anonymous_10)
FNDA:0,(anonymous_11)
FNDA:0,(anonymous_12)
FNDA:0,(anonymous_13)
FNDA:0,(anonymous_14)
FNDA:0,(anonymous_15)
FNDA:0,(anonymous_16)
FNDA:0,(anonymous_17)
FNDA:0,(anonymous_18)
FNDA:0,(anonymous_19)
FNDA:0,(anonymous_20)
FNDA:0,(anonymous_21)
FNDA:0,(anonymous_22)
FNDA:0,(anonymous_23)
FNDA:0,(anonymous_24)
FNDA:0,(anonymous_25)
FNDA:0,(anonymous_26)
FNDA:0,(anonymous_27)
FNDA:0,(anonymous_28)
FNDA:0,(anonymous_29)
FNDA:0,(anonymous_30)
FNDA:0,(anonymous_31)
FNDA:0,(anonymous_32)
FNDA:0,(anonymous_33)
FNDA:0,(anonymous_34)
DA:89,0
DA:90,0
DA:91,0
DA:94,0
DA:106,0
DA:115,0
DA:116,0
DA:117,0
DA:118,0
DA:121,0
DA:125,0
DA:129,0
DA:130,0
DA:131,0
DA:136,0
DA:137,0
DA:138,0
DA:139,0
DA:145,0
DA:146,0
DA:147,0
DA:148,0
DA:149,0
DA:150,0
DA:151,0
DA:152,0
DA:154,0
DA:155,0
DA:158,0
DA:160,0
DA:167,0
DA:169,0
DA:176,0
DA:178,0
DA:181,0
DA:182,0
DA:183,0
DA:189,0
DA:190,0
DA:193,0
DA:194,0
DA:196,0
DA:197,0
DA:204,0
DA:205,0
DA:208,0
DA:214,0
DA:215,0
DA:216,0
DA:217,0
DA:218,0
DA:219,0
DA:221,0
DA:222,0
DA:223,0
DA:228,0
DA:229,0
DA:230,0
DA:234,0
DA:235,0
DA:236,0
DA:239,0
DA:240,0
DA:241,0
DA:242,0
DA:245,0
DA:252,0
DA:253,0
DA:262,0
DA:266,0
DA:267,0
DA:268,0
DA:270,0
DA:272,0
DA:273,0
DA:274,0
DA:275,0
DA:280,0
DA:281,0
DA:282,0
DA:284,0
DA:287,0
DA:288,0
DA:289,0
DA:291,0
DA:295,0
DA:296,0
DA:298,0
DA:299,0
DA:301,0
DA:306,0
DA:308,0
DA:315,0
DA:318,0
DA:319,0
DA:321,0
DA:325,0
DA:326,0
DA:328,0
DA:337,0
DA:340,0
DA:345,0
DA:346,0
DA:349,0
DA:356,0
DA:357,0
DA:358,0
DA:361,0
DA:362,0
DA:371,0
DA:372,0
DA:386,0
DA:387,0
DA:390,0
DA:394,0
DA:429,0
DA:496,0
DA:518,0
DA:519,0
DA:529,0
DA:530,0
DA:541,0
DA:542,0
DA:551,0
DA:552,0
DA:561,0
DA:562,0
DA:736,0
DA:756,0
LF:129
LH:0
BRDA:90,0,0,0
BRDA:90,0,1,0
BRDA:112,1,0,0
BRDA:129,2,0,0
BRDA:129,2,1,0
BRDA:136,3,0,0
BRDA:136,3,1,0
BRDA:136,4,0,0
BRDA:136,4,1,0
BRDA:137,5,0,0
BRDA:137,5,1,0
BRDA:138,6,0,0
BRDA:138,6,1,0
BRDA:154,7,0,0
BRDA:154,7,1,0
BRDA:155,8,0,0
BRDA:155,8,1,0
BRDA:160,9,0,0
BRDA:160,9,1,0
BRDA:162,10,0,0
BRDA:162,10,1,0
BRDA:169,11,0,0
BRDA:169,11,1,0
BRDA:171,12,0,0
BRDA:171,12,1,0
BRDA:171,12,2,0
BRDA:196,13,0,0
BRDA:196,13,1,0
BRDA:215,14,0,0
BRDA:215,14,1,0
BRDA:216,15,0,0
BRDA:216,15,1,0
BRDA:219,16,0,0
BRDA:219,16,1,0
BRDA:219,17,0,0
BRDA:219,17,1,0
BRDA:221,18,0,0
BRDA:221,18,1,0
BRDA:229,19,0,0
BRDA:229,19,1,0
BRDA:235,20,0,0
BRDA:235,20,1,0
BRDA:240,21,0,0
BRDA:240,21,1,0
BRDA:241,22,0,0
BRDA:241,22,1,0
BRDA:246,23,0,0
BRDA:246,23,1,0
BRDA:252,24,0,0
BRDA:252,24,1,0
BRDA:267,25,0,0
BRDA:267,25,1,0
BRDA:272,26,0,0
BRDA:272,26,1,0
BRDA:273,27,0,0
BRDA:273,27,1,0
BRDA:296,28,0,0
BRDA:296,28,1,0
BRDA:299,29,0,0
BRDA:299,29,1,0
BRDA:318,30,0,0
BRDA:318,30,1,0
BRDA:326,31,0,0
BRDA:326,31,1,0
BRDA:361,32,0,0
BRDA:361,32,1,0
BRDA:371,33,0,0
BRDA:371,33,1,0
BRDA:376,34,0,0
BRDA:376,34,1,0
BRDA:386,35,0,0
BRDA:386,35,1,0
BRDA:386,36,0,0
BRDA:386,36,1,0
BRDA:388,37,0,0
BRDA:388,37,1,0
BRDA:389,38,0,0
BRDA:389,38,1,0
BRDA:390,39,0,0
BRDA:390,39,1,0
BRDA:409,40,0,0
BRDA:409,40,1,0
BRDA:410,41,0,0
BRDA:410,41,1,0
BRDA:413,42,0,0
BRDA:413,42,1,0
BRDA:416,43,0,0
BRDA:416,43,1,0
BRDA:442,44,0,0
BRDA:442,44,1,0
BRDA:444,45,0,0
BRDA:444,45,1,0
BRDA:459,46,0,0
BRDA:459,46,1,0
BRDA:464,47,0,0
BRDA:464,47,1,0
BRDA:470,48,0,0
BRDA:470,48,1,0
BRDA:485,49,0,0
BRDA:485,49,1,0
BRDA:489,50,0,0
BRDA:489,50,1,0
BRDA:489,50,2,0
BRDA:500,51,0,0
BRDA:500,51,1,0
BRDA:533,52,0,0
BRDA:533,52,1,0
BRDA:573,53,0,0
BRDA:573,53,1,0
BRDA:573,53,2,0
BRDA:594,54,0,0
BRDA:594,54,1,0
BRDA:598,55,0,0
BRDA:598,55,1,0
BRDA:598,55,2,0
BRDA:598,55,3,0
BRDA:598,55,4,0
BRDA:610,56,0,0
BRDA:610,56,1,0
BRDA:610,56,2,0
BRDA:618,57,0,0
BRDA:618,57,1,0
BRDA:628,58,0,0
BRDA:628,58,1,0
BRDA:646,59,0,0
BRDA:646,59,1,0
BRDA:652,60,0,0
BRDA:652,60,1,0
BRDA:652,60,2,0
BRDA:670,61,0,0
BRDA:670,61,1,0
BRDA:688,62,0,0
BRDA:688,62,1,0
BRDA:690,63,0,0
BRDA:690,63,1,0
BRDA:691,64,0,0
BRDA:691,64,1,0
BRDA:692,65,0,0
BRDA:692,65,1,0
BRDA:698,66,0,0
BRDA:698,66,1,0
BRDA:698,66,2,0
BRDA:698,66,3,0
BRDA:713,67,0,0
BRDA:713,67,1,0
BRDA:725,68,0,0
BRDA:725,68,1,0
BRDA:725,68,2,0
BRDA:727,69,0,0
BRDA:727,69,1,0
BRDA:750,70,0,0
BRDA:750,70,1,0
BRDA:750,70,2,0
BRF:153
BRH:0
end_of_record
TN:
SF:src/components/flexible/SchemaAwareForm.tsx
FN:35,(anonymous_0)
FN:45,(anonymous_1)
FN:51,(anonymous_2)
FN:72,(anonymous_3)
FN:95,(anonymous_4)
FN:117,(anonymous_5)
FN:130,(anonymous_6)
FN:137,(anonymous_7)
FN:162,(anonymous_8)
FN:169,(anonymous_9)
FN:188,(anonymous_10)
FN:201,(anonymous_11)
FN:214,(anonymous_12)
FN:218,(anonymous_13)
FN:222,(anonymous_14)
FN:223,(anonymous_15)
FN:228,(anonymous_16)
FN:263,(anonymous_17)
FN:280,(anonymous_18)
FN:286,(anonymous_19)
FN:290,(anonymous_20)
FN:300,(anonymous_21)
FN:305,(anonymous_22)
FN:320,formatFieldLabel
FN:323,(anonymous_24)
FN:327,buildDefaultValues
FN:330,(anonymous_26)
FN:364,getValidationRules
FN:407,(anonymous_28)
FN:408,(anonymous_29)
FN:416,(anonymous_30)
FN:418,(anonymous_31)
FN:428,getFieldWidth
FNF:33
FNH:0
FNDA:0,(anonymous_0)
FNDA:0,(anonymous_1)
FNDA:0,(anonymous_2)
FNDA:0,(anonymous_3)
FNDA:0,(anonymous_4)
FNDA:0,(anonymous_5)
FNDA:0,(anonymous_6)
FNDA:0,(anonymous_7)
FNDA:0,(anonymous_8)
FNDA:0,(anonymous_9)
FNDA:0,(anonymous_10)
FNDA:0,(anonymous_11)
FNDA:0,(anonymous_12)
FNDA:0,(anonymous_13)
FNDA:0,(anonymous_14)
FNDA:0,(anonymous_15)
FNDA:0,(anonymous_16)
FNDA:0,(anonymous_17)
FNDA:0,(anonymous_18)
FNDA:0,(anonymous_19)
FNDA:0,(anonymous_20)
FNDA:0,(anonymous_21)
FNDA:0,(anonymous_22)
FNDA:0,formatFieldLabel
FNDA:0,(anonymous_24)
FNDA:0,buildDefaultValues
FNDA:0,(anonymous_26)
FNDA:0,getValidationRules
FNDA:0,(anonymous_28)
FNDA:0,(anonymous_29)
FNDA:0,(anonymous_30)
FNDA:0,(anonymous_31)
FNDA:0,getFieldWidth
DA:35,0
DA:36,0
DA:45,0
DA:46,0
DA:48,0
DA:52,0
DA:69,0
DA:73,0
DA:92,0
DA:96,0
DA:118,0
DA:119,0
DA:127,0
DA:131,0
DA:138,0
DA:159,0
DA:163,0
DA:169,0
DA:185,0
DA:189,0
DA:202,0
DA:203,0
DA:211,0
DA:215,0
DA:219,0
DA:222,0
DA:224,0
DA:229,0
DA:243,0
DA:256,0
DA:263,0
DA:271,0
DA:277,0
DA:280,0
DA:281,0
DA:282,0
DA:286,0
DA:287,0
DA:288,0
DA:291,0
DA:295,0
DA:300,0
DA:302,0
DA:306,0
DA:321,0
DA:323,0
DA:328,0
DA:330,0
DA:331,0
DA:332,0
DA:335,0
DA:338,0
DA:339,0
DA:341,0
DA:342,0
DA:344,0
DA:345,0
DA:347,0
DA:348,0
DA:350,0
DA:351,0
DA:353,0
DA:354,0
DA:356,0
DA:361,0
DA:365,0
DA:367,0
DA:370,0
DA:371,0
DA:376,0
DA:377,0
DA:382,0
DA:383,0
DA:388,0
DA:391,0
DA:392,0
DA:397,0
DA:398,0
DA:403,0
DA:406,0
DA:407,0
DA:408,0
DA:409,0
DA:412,0
DA:415,0
DA:416,0
DA:417,0
DA:418,0
DA:419,0
DA:422,0
DA:425,0
DA:430,0
DA:431,0
DA:434,0
DA:436,0
DA:438,0
DA:440,0
DA:442,0
DA:444,0
LF:99
LH:0
BRDA:40,0,0,0
BRDA:40,0,1,0
BRDA:46,1,0,0
BRDA:46,1,1,0
BRDA:46,1,2,0
BRDA:46,1,3,0
BRDA:46,1,4,0
BRDA:46,1,5,0
BRDA:46,1,6,0
BRDA:46,1,7,0
BRDA:59,2,0,0
BRDA:59,2,1,0
BRDA:59,3,0,0
BRDA:59,3,1,0
BRDA:59,4,0,0
BRDA:59,4,1,0
BRDA:61,5,0,0
BRDA:61,5,1,0
BRDA:79,6,0,0
BRDA:79,6,1,0
BRDA:82,7,0,0
BRDA:82,7,1,0
BRDA:82,8,0,0
BRDA:82,8,1,0
BRDA:82,9,0,0
BRDA:82,9,1,0
BRDA:84,10,0,0
BRDA:84,10,1,0
BRDA:104,11,0,0
BRDA:104,11,1,0
BRDA:104,12,0,0
BRDA:104,12,1,0
BRDA:104,13,0,0
BRDA:104,13,1,0
BRDA:106,14,0,0
BRDA:106,14,1,0
BRDA:113,15,0,0
BRDA:113,15,1,0
BRDA:114,16,0,0
BRDA:114,16,1,0
BRDA:115,17,0,0
BRDA:115,17,1,0
BRDA:118,18,0,0
BRDA:118,18,1,0
BRDA:138,19,0,0
BRDA:138,19,1,0
BRDA:138,20,0,0
BRDA:138,20,1,0
BRDA:139,21,0,0
BRDA:139,21,1,0
BRDA:142,22,0,0
BRDA:142,22,1,0
BRDA:148,23,0,0
BRDA:148,23,1,0
BRDA:148,23,2,0
BRDA:148,23,3,0
BRDA:150,24,0,0
BRDA:150,24,1,0
BRDA:174,25,0,0
BRDA:174,25,1,0
BRDA:174,25,2,0
BRDA:174,25,3,0
BRDA:176,26,0,0
BRDA:176,26,1,0
BRDA:197,27,0,0
BRDA:197,27,1,0
BRDA:197,28,0,0
BRDA:197,28,1,0
BRDA:197,29,0,0
BRDA:197,29,1,0
BRDA:202,30,0,0
BRDA:202,30,1,0
BRDA:217,31,0,0
BRDA:217,31,1,0
BRDA:221,32,0,0
BRDA:221,32,1,0
BRDA:222,33,0,0
BRDA:222,33,1,0
BRDA:222,33,2,0
BRDA:224,34,0,0
BRDA:224,34,1,0
BRDA:224,35,0,0
BRDA:224,35,1,0
BRDA:226,36,0,0
BRDA:226,36,1,0
BRDA:234,37,0,0
BRDA:234,37,1,0
BRDA:234,38,0,0
BRDA:234,38,1,0
BRDA:234,39,0,0
BRDA:234,39,1,0
BRDA:265,40,0,0
BRDA:268,41,0,0
BRDA:269,42,0,0
BRDA:281,43,0,0
BRDA:281,43,1,0
BRDA:287,44,0,0
BRDA:287,44,1,0
BRDA:291,45,0,0
BRDA:291,45,1,0
BRDA:331,46,0,0
BRDA:331,46,1,0
BRDA:335,47,0,0
BRDA:335,47,1,0
BRDA:335,47,2,0
BRDA:335,47,3,0
BRDA:335,47,4,0
BRDA:335,47,5,0
BRDA:335,47,6,0
BRDA:335,47,7,0
BRDA:338,48,0,0
BRDA:338,48,1,0
BRDA:341,49,0,0
BRDA:341,49,1,0
BRDA:344,50,0,0
BRDA:344,50,1,0
BRDA:347,51,0,0
BRDA:347,51,1,0
BRDA:350,52,0,0
BRDA:350,52,1,0
BRDA:353,53,0,0
BRDA:353,53,1,0
BRDA:367,54,0,0
BRDA:367,54,1,0
BRDA:367,54,2,0
BRDA:367,54,3,0
BRDA:367,54,4,0
BRDA:370,55,0,0
BRDA:370,55,1,0
BRDA:376,56,0,0
BRDA:376,56,1,0
BRDA:382,57,0,0
BRDA:382,57,1,0
BRDA:385,58,0,0
BRDA:385,58,1,0
BRDA:391,59,0,0
BRDA:391,59,1,0
BRDA:397,60,0,0
BRDA:397,60,1,0
BRDA:406,61,0,0
BRDA:406,61,1,0
BRDA:406,62,0,0
BRDA:406,62,1,0
BRDA:408,63,0,0
BRDA:408,63,1,0
BRDA:409,64,0,0
BRDA:409,64,1,0
BRDA:415,65,0,0
BRDA:415,65,1,0
BRDA:415,66,0,0
BRDA:415,66,1,0
BRDA:417,67,0,0
BRDA:417,67,1,0
BRDA:418,68,0,0
BRDA:418,68,1,0
BRDA:419,69,0,0
BRDA:419,69,1,0
BRDA:419,70,0,0
BRDA:419,70,1,0
BRDA:430,71,0,0
BRDA:430,71,1,0
BRDA:434,72,0,0
BRDA:434,72,1,0
BRDA:434,72,2,0
BRDA:434,72,3,0
BRDA:434,72,4,0
BRF:166
BRH:0
end_of_record
TN:
SF:src/components/flexible/TypeSelectionDropdown.tsx
FN:55,(anonymous_0)
FN:96,(anonymous_1)
FN:125,(anonymous_2)
FN:143,(anonymous_3)
FN:152,(anonymous_4)
FN:179,(anonymous_5)
FN:186,(anonymous_6)
FN:192,(anonymous_7)
FN:199,(anonymous_8)
FN:222,(anonymous_9)
FN:243,(anonymous_10)
FN:269,(anonymous_11)
FN:278,(anonymous_12)
FN:298,(anonymous_13)
FN:300,(anonymous_14)
FN:348,(anonymous_15)
FN:367,(anonymous_16)
FN:378,formatFieldName
FN:381,(anonymous_18)
FNF:19
FNH:0
FNDA:0,(anonymous_0)
FNDA:0,(anonymous_1)
FNDA:0,(anonymous_2)
FNDA:0,(anonymous_3)
FNDA:0,(anonymous_4)
FNDA:0,(anonymous_5)
FNDA:0,(anonymous_6)
FNDA:0,(anonymous_7)
FNDA:0,(anonymous_8)
FNDA:0,(anonymous_9)
FNDA:0,(anonymous_10)
FNDA:0,(anonymous_11)
FNDA:0,(anonymous_12)
FNDA:0,(anonymous_13)
FNDA:0,(anonymous_14)
FNDA:0,(anonymous_15)
FNDA:0,(anonymous_16)
FNDA:0,formatFieldName
FNDA:0,(anonymous_18)
DA:55,0
DA:62,0
DA:97,0
DA:125,0
DA:136,0
DA:137,0
DA:138,0
DA:141,0
DA:143,0
DA:150,0
DA:153,0
DA:154,0
DA:156,0
DA:157,0
DA:160,0
DA:164,0
DA:170,0
DA:171,0
DA:177,0
DA:179,0
DA:180,0
DA:182,0
DA:183,0
DA:186,0
DA:187,0
DA:188,0
DA:192,0
DA:193,0
DA:194,0
DA:196,0
DA:199,0
DA:200,0
DA:222,0
DA:223,0
DA:225,0
DA:243,0
DA:269,0
DA:271,0
DA:278,0
DA:299,0
DA:300,0
DA:348,0
DA:367,0
DA:379,0
DA:381,0
LF:45
LH:0
BRDA:90,0,0,0
BRDA:90,0,1,0
BRDA:133,1,0,0
BRDA:134,2,0,0
BRDA:143,3,0,0
BRDA:143,3,1,0
BRDA:145,4,0,0
BRDA:145,4,1,0
BRDA:156,5,0,0
BRDA:156,5,1,0
BRDA:156,6,0,0
BRDA:156,6,1,0
BRDA:160,7,0,0
BRDA:160,7,1,0
BRDA:160,8,0,0
BRDA:160,8,1,0
BRDA:170,9,0,0
BRDA:170,9,1,0
BRDA:170,9,2,0
BRDA:171,10,0,0
BRDA:171,10,1,0
BRDA:172,11,0,0
BRDA:172,11,1,0
BRDA:180,12,0,0
BRDA:180,12,1,0
BRDA:180,13,0,0
BRDA:180,13,1,0
BRDA:187,14,0,0
BRDA:187,14,1,0
BRDA:193,15,0,0
BRDA:193,15,1,0
BRDA:193,16,0,0
BRDA:193,16,1,0
BRDA:202,17,0,0
BRDA:202,17,1,0
BRDA:208,18,0,0
BRDA:208,18,1,0
BRDA:214,19,0,0
BRDA:214,19,1,0
BRDA:223,20,0,0
BRDA:223,20,1,0
BRDA:227,21,0,0
BRDA:227,21,1,0
BRDA:229,22,0,0
BRDA:229,22,1,0
BRDA:238,23,0,0
BRDA:238,23,1,0
BRDA:238,23,2,0
BRDA:274,24,0,0
BRDA:274,24,1,0
BRDA:277,25,0,0
BRDA:277,25,1,0
BRDA:282,26,0,0
BRDA:282,26,1,0
BRDA:282,26,2,0
BRDA:295,27,0,0
BRDA:295,27,1,0
BRDA:295,27,2,0
BRDA:302,28,0,0
BRDA:302,28,1,0
BRDA:302,28,2,0
BRDA:312,29,0,0
BRDA:312,29,1,0
BRDA:312,29,2,0
BRDA:317,30,0,0
BRDA:317,30,1,0
BRDA:323,31,0,0
BRDA:323,31,1,0
BRDA:328,32,0,0
BRDA:328,32,1,0
BRDA:338,33,0,0
BRDA:338,33,1,0
BRDA:344,34,0,0
BRDA:344,34,1,0
BRDA:344,34,2,0
BRDA:358,35,0,0
BRDA:358,35,1,0
BRDA:364,36,0,0
BRDA:364,36,1,0
BRF:79
BRH:0
end_of_record
TN:
SF:src/components/flexible/index.ts
FNF:0
FNH:0
LF:0
LH:0
BRF:0
BRH:0
end_of_record
TN:
SF:src/components/schema-forms/CheckboxFieldConfig.tsx
FN:109,(anonymous_0)
FN:141,(anonymous_1)
FN:142,(anonymous_2)
FN:162,(anonymous_3)
FN:166,(anonymous_4)
FN:170,(anonymous_5)
FN:176,(anonymous_6)
FN:213,(anonymous_7)
FN:217,(anonymous_8)
FN:257,(anonymous_9)
FN:262,(anonymous_10)
FN:297,(anonymous_11)
FN:320,(anonymous_12)
FN:343,(anonymous_13)
FN:397,(anonymous_14)
FN:404,(anonymous_15)
FN:409,(anonymous_16)
FN:460,(anonymous_17)
FN:554,(anonymous_18)
FNF:19
FNH:0
FNDA:0,(anonymous_0)
FNDA:0,(anonymous_1)
FNDA:0,(anonymous_2)
FNDA:0,(anonymous_3)
FNDA:0,(anonymous_4)
FNDA:0,(anonymous_5)
FNDA:0,(anonymous_6)
FNDA:0,(anonymous_7)
FNDA:0,(anonymous_8)
FNDA:0,(anonymous_9)
FNDA:0,(anonymous_10)
FNDA:0,(anonymous_11)
FNDA:0,(anonymous_12)
FNDA:0,(anonymous_13)
FNDA:0,(anonymous_14)
FNDA:0,(anonymous_15)
FNDA:0,(anonymous_16)
FNDA:0,(anonymous_17)
FNDA:0,(anonymous_18)
DA:47,0
DA:87,0
DA:109,0
DA:117,0
DA:126,0
DA:138,0
DA:141,0
DA:142,0
DA:143,0
DA:149,0
DA:150,0
DA:152,0
DA:153,0
DA:155,0
DA:156,0
DA:159,0
DA:162,0
DA:166,0
DA:167,0
DA:170,0
DA:171,0
DA:172,0
DA:173,0
DA:176,0
DA:177,0
DA:178,0
DA:179,0
DA:182,0
DA:214,0
DA:217,0
DA:258,0
DA:262,0
DA:298,0
DA:321,0
DA:344,0
DA:398,0
DA:405,0
DA:409,0
DA:460,0
DA:555,0
LF:40
LH:0
BRDA:113,0,0,0
BRDA:114,1,0,0
BRDA:115,2,0,0
BRDA:129,3,0,0
BRDA:129,3,1,0
BRDA:130,4,0,0
BRDA:130,4,1,0
BRDA:131,5,0,0
BRDA:131,5,1,0
BRDA:132,6,0,0
BRDA:132,6,1,0
BRDA:133,7,0,0
BRDA:133,7,1,0
BRDA:144,8,0,0
BRDA:144,8,1,0
BRDA:145,9,0,0
BRDA:145,9,1,0
BRDA:149,10,0,0
BRDA:149,10,1,0
BRDA:152,11,0,0
BRDA:152,11,1,0
BRDA:155,12,0,0
BRDA:155,12,1,0
BRDA:184,13,0,0
BRDA:184,13,1,0
BRDA:216,14,0,0
BRDA:216,14,1,0
BRDA:272,15,0,0
BRDA:272,15,1,0
BRDA:305,16,0,0
BRDA:305,16,1,0
BRDA:328,17,0,0
BRDA:328,17,1,0
BRDA:353,18,0,0
BRDA:353,18,1,0
BRDA:459,19,0,0
BRDA:459,19,1,0
BRDA:468,20,0,0
BRDA:468,20,1,0
BRDA:482,21,0,0
BRDA:482,21,1,0
BRDA:484,22,0,0
BRDA:484,22,1,0
BRDA:496,23,0,0
BRDA:496,23,1,0
BRDA:505,24,0,0
BRDA:505,24,1,0
BRDA:513,25,0,0
BRDA:513,25,1,0
BRDA:550,26,0,0
BRDA:550,26,1,0
BRF:51
BRH:0
end_of_record
TN:
SF:src/components/schema-forms/DateFieldConfig.tsx
FN:107,(anonymous_0)
FN:141,(anonymous_1)
FN:142,(anonymous_2)
FN:172,(anonymous_3)
FN:175,(anonymous_4)
FN:181,(anonymous_5)
FN:187,(anonymous_6)
FN:212,(anonymous_7)
FN:219,(anonymous_8)
FN:257,(anonymous_9)
FN:266,(anonymous_10)
FN:292,(anonymous_11)
FN:297,(anonymous_12)
FN:321,(anonymous_13)
FN:363,(anonymous_14)
FN:416,(anonymous_15)
FN:424,(anonymous_16)
FN:461,(anonymous_17)
FN:466,(anonymous_18)
FN:489,(anonymous_19)
FN:497,(anonymous_20)
FN:515,(anonymous_21)
FN:523,(anonymous_22)
FN:584,(anonymous_23)
FN:671,(anonymous_24)
FNF:25
FNH:0
FNDA:0,(anonymous_0)
FNDA:0,(anonymous_1)
FNDA:0,(anonymous_2)
FNDA:0,(anonymous_3)
FNDA:0,(anonymous_4)
FNDA:0,(anonymous_5)
FNDA:0,(anonymous_6)
FNDA:0,(anonymous_7)
FNDA:0,(anonymous_8)
FNDA:0,(anonymous_9)
FNDA:0,(anonymous_10)
FNDA:0,(anonymous_11)
FNDA:0,(anonymous_12)
FNDA:0,(anonymous_13)
FNDA:0,(anonymous_14)
FNDA:0,(anonymous_15)
FNDA:0,(anonymous_16)
FNDA:0,(anonymous_17)
FNDA:0,(anonymous_18)
FNDA:0,(anonymous_19)
FNDA:0,(anonymous_20)
FNDA:0,(anonymous_21)
FNDA:0,(anonymous_22)
FNDA:0,(anonymous_23)
FNDA:0,(anonymous_24)
DA:49,0
DA:59,0
DA:87,0
DA:107,0
DA:115,0
DA:124,0
DA:138,0
DA:141,0
DA:142,0
DA:143,0
DA:149,0
DA:150,0
DA:152,0
DA:153,0
DA:157,0
DA:158,0
DA:159,0
DA:160,0
DA:165,0
DA:166,0
DA:169,0
DA:172,0
DA:175,0
DA:176,0
DA:177,0
DA:178,0
DA:181,0
DA:182,0
DA:183,0
DA:184,0
DA:187,0
DA:188,0
DA:189,0
DA:190,0
DA:191,0
DA:194,0
DA:196,0
DA:198,0
DA:200,0
DA:202,0
DA:204,0
DA:206,0
DA:208,0
DA:212,0
DA:213,0
DA:214,0
DA:215,0
DA:216,0
DA:219,0
DA:220,0
DA:222,0
DA:224,0
DA:228,0
DA:232,0
DA:258,0
DA:267,0
DA:293,0
DA:297,0
DA:322,0
DA:364,0
DA:417,0
DA:425,0
DA:426,0
DA:462,0
DA:466,0
DA:490,0
DA:498,0
DA:499,0
DA:516,0
DA:524,0
DA:525,0
DA:584,0
DA:672,0
LF:73
LH:0
BRDA:111,0,0,0
BRDA:112,1,0,0
BRDA:113,2,0,0
BRDA:127,3,0,0
BRDA:127,3,1,0
BRDA:128,4,0,0
BRDA:128,4,1,0
BRDA:129,5,0,0
BRDA:129,5,1,0
BRDA:130,6,0,0
BRDA:130,6,1,0
BRDA:131,7,0,0
BRDA:131,7,1,0
BRDA:132,8,0,0
BRDA:132,8,1,0
BRDA:133,9,0,0
BRDA:133,9,1,0
BRDA:149,10,0,0
BRDA:149,10,1,0
BRDA:152,11,0,0
BRDA:152,11,1,0
BRDA:157,12,0,0
BRDA:157,12,1,0
BRDA:159,13,0,0
BRDA:159,13,1,0
BRDA:159,14,0,0
BRDA:159,14,1,0
BRDA:165,15,0,0
BRDA:165,15,1,0
BRDA:194,16,0,0
BRDA:194,16,1,0
BRDA:194,16,2,0
BRDA:194,16,3,0
BRDA:194,16,4,0
BRDA:194,16,5,0
BRDA:194,16,6,0
BRDA:214,17,0,0
BRDA:214,17,1,0
BRDA:214,18,0,0
BRDA:214,18,1,0
BRDA:215,19,0,0
BRDA:215,19,1,0
BRDA:215,20,0,0
BRDA:215,20,1,0
BRDA:220,21,0,0
BRDA:220,21,1,0
BRDA:220,21,2,0
BRDA:224,22,0,0
BRDA:224,22,1,0
BRDA:234,23,0,0
BRDA:234,23,1,0
BRDA:280,24,0,0
BRDA:280,24,1,0
BRDA:307,25,0,0
BRDA:307,25,1,0
BRDA:331,26,0,0
BRDA:331,26,1,0
BRDA:411,27,0,0
BRDA:411,27,1,0
BRDA:423,28,0,0
BRDA:423,28,1,0
BRDA:425,29,0,0
BRDA:425,29,1,0
BRDA:448,30,0,0
BRDA:448,30,1,0
BRDA:448,30,2,0
BRDA:496,31,0,0
BRDA:496,31,1,0
BRDA:498,32,0,0
BRDA:498,32,1,0
BRDA:522,33,0,0
BRDA:522,33,1,0
BRDA:524,34,0,0
BRDA:524,34,1,0
BRDA:538,35,0,0
BRDA:538,35,1,0
BRDA:538,35,2,0
BRDA:546,36,0,0
BRDA:546,36,1,0
BRDA:550,37,0,0
BRDA:550,37,1,0
BRDA:581,38,0,0
BRDA:581,38,1,0
BRDA:588,39,0,0
BRDA:588,39,1,0
BRDA:592,40,0,0
BRDA:592,40,1,0
BRDA:593,41,0,0
BRDA:593,41,1,0
BRDA:593,41,2,0
BRDA:595,42,0,0
BRDA:595,42,1,0
BRDA:599,43,0,0
BRDA:599,43,1,0
BRDA:604,44,0,0
BRDA:604,44,1,0
BRDA:623,45,0,0
BRDA:623,45,1,0
BRDA:641,46,0,0
BRDA:641,46,1,0
BRDA:650,47,0,0
BRDA:650,47,1,0
BRDA:650,47,2,0
BRDA:667,48,0,0
BRDA:667,48,1,0
BRF:105
BRH:0
end_of_record
TN:
SF:src/components/schema-forms/DynamicFieldConfiguration.tsx
FN:75,(anonymous_0)
FN:87,(anonymous_1)
FN:93,(anonymous_2)
FN:94,(anonymous_3)
FN:97,(anonymous_4)
FN:163,(anonymous_5)
FN:166,(anonymous_6)
FN:208,(anonymous_7)
FNF:8
FNH:0
FNDA:0,(anonymous_0)
FNDA:0,(anonymous_1)
FNDA:0,(anonymous_2)
FNDA:0,(anonymous_3)
FNDA:0,(anonymous_4)
FNDA:0,(anonymous_5)
FNDA:0,(anonymous_6)
FNDA:0,(anonymous_7)
DA:42,0
DA:75,0
DA:87,0
DA:88,0
DA:89,0
DA:93,0
DA:94,0
DA:97,0
DA:98,0
DA:99,0
DA:108,0
DA:117,0
DA:119,0
DA:121,0
DA:123,0
DA:125,0
DA:127,0
DA:129,0
DA:139,0
DA:141,0
DA:163,0
DA:167,0
DA:209,0
LF:23
LH:0
BRDA:80,0,0,0
BRDA:81,1,0,0
BRDA:82,2,0,0
BRDA:83,3,0,0
BRDA:84,4,0,0
BRDA:88,5,0,0
BRDA:88,5,1,0
BRDA:98,6,0,0
BRDA:98,6,1,0
BRDA:117,7,0,0
BRDA:117,7,1,0
BRDA:117,7,2,0
BRDA:117,7,3,0
BRDA:117,7,4,0
BRDA:117,7,5,0
BRDA:139,8,0,0
BRDA:139,8,1,0
BRDA:149,9,0,0
BRDA:149,9,1,0
BRDA:156,10,0,0
BRDA:156,10,1,0
BRDA:161,11,0,0
BRDA:161,11,1,0
BRDA:187,12,0,0
BRDA:187,12,1,0
BRDA:187,12,2,0
BRDA:187,12,3,0
BRDA:204,13,0,0
BRDA:204,13,1,0
BRF:29
BRH:0
end_of_record
TN:
SF:src/components/schema-forms/NumberFieldConfig.tsx
FN:61,(anonymous_0)
FN:62,(anonymous_1)
FN:82,(anonymous_2)
FN:90,(anonymous_3)
FN:119,(anonymous_4)
FN:154,(anonymous_5)
FN:155,(anonymous_6)
FN:175,(anonymous_7)
FN:179,(anonymous_8)
FN:194,(anonymous_9)
FN:201,(anonymous_10)
FN:208,(anonymous_11)
FN:249,(anonymous_12)
FN:259,(anonymous_13)
FN:273,(anonymous_14)
FN:283,(anonymous_15)
FN:298,(anonymous_16)
FN:303,(anonymous_17)
FN:328,(anonymous_18)
FN:338,(anonymous_19)
FN:370,(anonymous_20)
FN:371,(anonymous_21)
FN:387,(anonymous_22)
FN:389,(anonymous_23)
FN:405,(anonymous_24)
FN:415,(anonymous_25)
FN:429,(anonymous_26)
FN:434,(anonymous_27)
FN:478,(anonymous_28)
FN:479,(anonymous_29)
FN:480,(anonymous_30)
FN:491,(anonymous_31)
FN:493,(anonymous_32)
FN:509,(anonymous_33)
FN:524,(anonymous_34)
FN:559,(anonymous_35)
FN:634,(anonymous_36)
FNF:37
FNH:0
FNDA:0,(anonymous_0)
FNDA:0,(anonymous_1)
FNDA:0,(anonymous_2)
FNDA:0,(anonymous_3)
FNDA:0,(anonymous_4)
FNDA:0,(anonymous_5)
FNDA:0,(anonymous_6)
FNDA:0,(anonymous_7)
FNDA:0,(anonymous_8)
FNDA:0,(anonymous_9)
FNDA:0,(anonymous_10)
FNDA:0,(anonymous_11)
FNDA:0,(anonymous_12)
FNDA:0,(anonymous_13)
FNDA:0,(anonymous_14)
FNDA:0,(anonymous_15)
FNDA:0,(anonymous_16)
FNDA:0,(anonymous_17)
FNDA:0,(anonymous_18)
FNDA:0,(anonymous_19)
FNDA:0,(anonymous_20)
FNDA:0,(anonymous_21)
FNDA:0,(anonymous_22)
FNDA:0,(anonymous_23)
FNDA:0,(anonymous_24)
FNDA:0,(anonymous_25)
FNDA:0,(anonymous_26)
FNDA:0,(anonymous_27)
FNDA:0,(anonymous_28)
FNDA:0,(anonymous_29)
FNDA:0,(anonymous_30)
FNDA:0,(anonymous_31)
FNDA:0,(anonymous_32)
FNDA:0,(anonymous_33)
FNDA:0,(anonymous_34)
FNDA:0,(anonymous_35)
FNDA:0,(anonymous_36)
DA:49,0
DA:61,0
DA:62,0
DA:69,0
DA:78,0
DA:83,0
DA:84,0
DA:85,0
DA:91,0
DA:92,0
DA:93,0
DA:119,0
DA:127,0
DA:128,0
DA:137,0
DA:151,0
DA:154,0
DA:155,0
DA:156,0
DA:165,0
DA:166,0
DA:168,0
DA:169,0
DA:172,0
DA:175,0
DA:179,0
DA:180,0
DA:181,0
DA:183,0
DA:184,0
DA:185,0
DA:186,0
DA:187,0
DA:188,0
DA:191,0
DA:194,0
DA:195,0
DA:196,0
DA:197,0
DA:201,0
DA:202,0
DA:203,0
DA:204,0
DA:208,0
DA:209,0
DA:211,0
DA:215,0
DA:216,0
DA:217,0
DA:218,0
DA:221,0
DA:224,0
DA:250,0
DA:260,0
DA:261,0
DA:274,0
DA:284,0
DA:285,0
DA:299,0
DA:303,0
DA:329,0
DA:339,0
DA:340,0
DA:370,0
DA:372,0
DA:373,0
DA:387,0
DA:390,0
DA:406,0
DA:416,0
DA:417,0
DA:430,0
DA:434,0
DA:478,0
DA:479,0
DA:481,0
DA:482,0
DA:491,0
DA:494,0
DA:510,0
DA:524,0
DA:559,0
DA:635,0
LF:83
LH:0
BRDA:84,0,0,0
BRDA:84,0,1,0
BRDA:84,1,0,0
BRDA:84,1,1,0
BRDA:92,2,0,0
BRDA:92,2,1,0
BRDA:92,3,0,0
BRDA:92,3,1,0
BRDA:123,4,0,0
BRDA:124,5,0,0
BRDA:125,6,0,0
BRDA:140,7,0,0
BRDA:140,7,1,0
BRDA:141,8,0,0
BRDA:141,8,1,0
BRDA:142,9,0,0
BRDA:142,9,1,0
BRDA:143,10,0,0
BRDA:143,10,1,0
BRDA:144,11,0,0
BRDA:144,11,1,0
BRDA:145,12,0,0
BRDA:145,12,1,0
BRDA:146,13,0,0
BRDA:146,13,1,0
BRDA:160,14,0,0
BRDA:160,14,1,0
BRDA:165,15,0,0
BRDA:165,15,1,0
BRDA:168,16,0,0
BRDA:168,16,1,0
BRDA:183,17,0,0
BRDA:183,17,1,0
BRDA:183,18,0,0
BRDA:183,18,1,0
BRDA:185,19,0,0
BRDA:185,19,1,0
BRDA:185,20,0,0
BRDA:185,20,1,0
BRDA:187,21,0,0
BRDA:187,21,1,0
BRDA:187,22,0,0
BRDA:187,22,1,0
BRDA:195,23,0,0
BRDA:195,23,1,0
BRDA:202,24,0,0
BRDA:202,24,1,0
BRDA:211,25,0,0
BRDA:211,25,1,0
BRDA:215,26,0,0
BRDA:215,26,1,0
BRDA:226,27,0,0
BRDA:226,27,1,0
BRDA:257,28,0,0
BRDA:257,28,1,0
BRDA:258,29,0,0
BRDA:258,29,1,0
BRDA:261,30,0,0
BRDA:261,30,1,0
BRDA:281,31,0,0
BRDA:281,31,1,0
BRDA:282,32,0,0
BRDA:282,32,1,0
BRDA:285,33,0,0
BRDA:285,33,1,0
BRDA:313,34,0,0
BRDA:313,34,1,0
BRDA:323,35,0,0
BRDA:323,35,1,0
BRDA:336,36,0,0
BRDA:336,36,1,0
BRDA:340,37,0,0
BRDA:340,37,1,0
BRDA:413,38,0,0
BRDA:413,38,1,0
BRDA:417,39,0,0
BRDA:417,39,1,0
BRDA:444,40,0,0
BRDA:444,40,1,0
BRDA:463,41,0,0
BRDA:463,41,1,0
BRDA:517,42,0,0
BRDA:517,42,1,0
BRDA:523,43,0,0
BRDA:523,43,1,0
BRDA:559,44,0,0
BRDA:559,44,1,0
BRDA:562,45,0,0
BRDA:562,45,1,0
BRDA:564,46,0,0
BRDA:564,46,1,0
BRDA:564,47,0,0
BRDA:564,47,1,0
BRDA:565,48,0,0
BRDA:565,48,1,0
BRDA:570,49,0,0
BRDA:570,49,1,0
BRDA:571,50,0,0
BRDA:571,50,1,0
BRDA:575,51,0,0
BRDA:575,51,1,0
BRDA:587,52,0,0
BRDA:587,52,1,0
BRDA:597,53,0,0
BRDA:597,53,1,0
BRDA:606,54,0,0
BRDA:606,54,1,0
BRDA:614,55,0,0
BRDA:614,55,1,0
BRDA:630,56,0,0
BRDA:630,56,1,0
BRF:111
BRH:0
end_of_record
TN:
SF:src/components/schema-forms/SelectFieldConfig.tsx
FN:128,(anonymous_0)
FN:130,(anonymous_1)
FN:152,(anonymous_2)
FN:191,(anonymous_3)
FN:192,(anonymous_4)
FN:207,(anonymous_5)
FN:210,(anonymous_6)
FN:218,(anonymous_7)
FN:224,(anonymous_8)
FN:228,(anonymous_9)
FN:234,(anonymous_10)
FN:240,(anonymous_11)
FN:252,(anonymous_12)
FN:258,(anonymous_13)
FN:265,(anonymous_14)
FN:266,(anonymous_15)
FN:295,(anonymous_16)
FN:300,(anonymous_17)
FN:324,(anonymous_18)
FN:329,(anonymous_19)
FN:353,(anonymous_20)
FN:364,(anonymous_21)
FN:394,(anonymous_22)
FN:414,(anonymous_23)
FN:466,(anonymous_24)
FN:473,(anonymous_25)
FN:480,(anonymous_26)
FN:487,(anonymous_27)
FN:523,(anonymous_28)
FN:560,(anonymous_29)
FN:621,(anonymous_30)
FN:634,(anonymous_31)
FN:634,(anonymous_32)
FN:641,(anonymous_33)
FN:656,(anonymous_34)
FN:669,(anonymous_35)
FN:684,(anonymous_36)
FN:723,(anonymous_37)
FN:726,(anonymous_38)
FN:735,(anonymous_39)
FN:738,(anonymous_40)
FN:747,(anonymous_41)
FN:758,(anonymous_42)
FN:770,(anonymous_43)
FN:796,(anonymous_44)
FN:813,(anonymous_45)
FN:824,(anonymous_46)
FN:840,(anonymous_47)
FNF:48
FNH:0
FNDA:0,(anonymous_0)
FNDA:0,(anonymous_1)
FNDA:0,(anonymous_2)
FNDA:0,(anonymous_3)
FNDA:0,(anonymous_4)
FNDA:0,(anonymous_5)
FNDA:0,(anonymous_6)
FNDA:0,(anonymous_7)
FNDA:0,(anonymous_8)
FNDA:0,(anonymous_9)
FNDA:0,(anonymous_10)
FNDA:0,(anonymous_11)
FNDA:0,(anonymous_12)
FNDA:0,(anonymous_13)
FNDA:0,(anonymous_14)
FNDA:0,(anonymous_15)
FNDA:0,(anonymous_16)
FNDA:0,(anonymous_17)
FNDA:0,(anonymous_18)
FNDA:0,(anonymous_19)
FNDA:0,(anonymous_20)
FNDA:0,(anonymous_21)
FNDA:0,(anonymous_22)
FNDA:0,(anonymous_23)
FNDA:0,(anonymous_24)
FNDA:0,(anonymous_25)
FNDA:0,(anonymous_26)
FNDA:0,(anonymous_27)
FNDA:0,(anonymous_28)
FNDA:0,(anonymous_29)
FNDA:0,(anonymous_30)
FNDA:0,(anonymous_31)
FNDA:0,(anonymous_32)
FNDA:0,(anonymous_33)
FNDA:0,(anonymous_34)
FNDA:0,(anonymous_35)
FNDA:0,(anonymous_36)
FNDA:0,(anonymous_37)
FNDA:0,(anonymous_38)
FNDA:0,(anonymous_39)
FNDA:0,(anonymous_40)
FNDA:0,(anonymous_41)
FNDA:0,(anonymous_42)
FNDA:0,(anonymous_43)
FNDA:0,(anonymous_44)
FNDA:0,(anonymous_45)
FNDA:0,(anonymous_46)
FNDA:0,(anonymous_47)
DA:63,0
DA:110,0
DA:129,0
DA:130,0
DA:131,0
DA:152,0
DA:160,0
DA:161,0
DA:162,0
DA:163,0
DA:172,0
DA:183,0
DA:188,0
DA:191,0
DA:192,0
DA:193,0
DA:200,0
DA:201,0
DA:204,0
DA:207,0
DA:210,0
DA:211,0
DA:215,0
DA:218,0
DA:219,0
DA:220,0
DA:221,0
DA:224,0
DA:225,0
DA:228,0
DA:229,0
DA:230,0
DA:234,0
DA:235,0
DA:236,0
DA:240,0
DA:241,0
DA:242,0
DA:244,0
DA:246,0
DA:247,0
DA:248,0
DA:249,0
DA:252,0
DA:253,0
DA:254,0
DA:255,0
DA:258,0
DA:260,0
DA:261,0
DA:262,0
DA:265,0
DA:266,0
DA:267,0
DA:270,0
DA:296,0
DA:300,0
DA:325,0
DA:329,0
DA:354,0
DA:365,0
DA:394,0
DA:415,0
DA:416,0
DA:466,0
DA:473,0
DA:480,0
DA:487,0
DA:524,0
DA:561,0
DA:622,0
DA:634,0
DA:641,0
DA:656,0
DA:663,0
DA:664,0
DA:665,0
DA:666,0
DA:667,0
DA:669,0
DA:670,0
DA:671,0
DA:672,0
DA:673,0
DA:674,0
DA:676,0
DA:677,0
DA:678,0
DA:679,0
DA:681,0
DA:684,0
DA:685,0
DA:687,0
DA:688,0
DA:689,0
DA:690,0
DA:691,0
DA:692,0
DA:695,0
DA:696,0
DA:699,0
DA:700,0
DA:701,0
DA:704,0
DA:712,0
DA:723,0
DA:726,0
DA:735,0
DA:738,0
DA:747,0
DA:758,0
DA:771,0
DA:796,0
DA:801,0
DA:814,0
DA:824,0
DA:841,0
LF:117
LH:0
BRDA:129,0,0,0
BRDA:129,0,1,0
BRDA:156,1,0,0
BRDA:157,2,0,0
BRDA:158,3,0,0
BRDA:175,4,0,0
BRDA:175,4,1,0
BRDA:176,5,0,0
BRDA:176,5,1,0
BRDA:177,6,0,0
BRDA:177,6,1,0
BRDA:178,7,0,0
BRDA:178,7,1,0
BRDA:200,8,0,0
BRDA:200,8,1,0
BRDA:229,9,0,0
BRDA:229,9,1,0
BRDA:235,10,0,0
BRDA:235,10,1,0
BRDA:241,11,0,0
BRDA:241,11,1,0
BRDA:272,12,0,0
BRDA:272,12,1,0
BRDA:310,13,0,0
BRDA:310,13,1,0
BRDA:339,14,0,0
BRDA:339,14,1,0
BRDA:367,15,0,0
BRDA:367,15,1,0
BRDA:423,16,0,0
BRDA:423,16,1,0
BRDA:440,17,0,0
BRDA:440,17,1,0
BRDA:448,18,0,0
BRDA:448,18,1,0
BRDA:467,19,0,0
BRDA:467,19,1,0
BRDA:474,20,0,0
BRDA:474,20,1,0
BRDA:488,21,0,0
BRDA:488,21,1,0
BRDA:496,22,0,0
BRDA:496,22,1,0
BRDA:503,23,0,0
BRDA:503,23,1,0
BRDA:506,24,0,0
BRDA:506,24,1,0
BRDA:516,25,0,0
BRDA:516,25,1,0
BRDA:556,26,0,0
BRDA:556,26,1,0
BRDA:563,27,0,0
BRDA:563,27,1,0
BRDA:572,28,0,0
BRDA:572,28,1,0
BRDA:573,29,0,0
BRDA:573,29,1,0
BRDA:589,30,0,0
BRDA:589,30,1,0
BRDA:593,31,0,0
BRDA:593,31,1,0
BRDA:601,32,0,0
BRDA:601,32,1,0
BRDA:617,33,0,0
BRDA:617,33,1,0
BRDA:670,34,0,0
BRDA:670,34,1,0
BRDA:673,35,0,0
BRDA:673,35,1,0
BRDA:674,36,0,0
BRDA:674,36,1,0
BRDA:687,37,0,0
BRDA:687,37,1,0
BRDA:689,38,0,0
BRDA:689,38,1,0
BRDA:691,39,0,0
BRDA:691,39,1,0
BRDA:695,40,0,0
BRDA:695,40,1,0
BRDA:699,41,0,0
BRDA:699,41,1,0
BRDA:707,42,0,0
BRDA:707,42,1,0
BRDA:715,43,0,0
BRDA:715,43,1,0
BRDA:767,44,0,0
BRDA:767,44,1,0
BRDA:849,45,0,0
BRDA:849,45,1,0
BRF:89
BRH:0
end_of_record
TN:
SF:src/components/schema-forms/TextFieldConfig.tsx
FN:90,(anonymous_0)
FN:95,(anonymous_1)
FN:116,(anonymous_2)
FN:150,(anonymous_3)
FN:151,(anonymous_4)
FN:168,(anonymous_5)
FN:172,(anonymous_6)
FN:186,(anonymous_7)
FN:195,(anonymous_8)
FN:227,(anonymous_9)
FN:232,(anonymous_10)
FN:256,(anonymous_11)
FN:267,(anonymous_12)
FN:280,(anonymous_13)
FN:291,(anonymous_14)
FN:305,(anonymous_15)
FN:328,(anonymous_16)
FN:367,(anonymous_17)
FN:368,(anonymous_18)
FN:387,(anonymous_19)
FN:389,(anonymous_20)
FN:405,(anonymous_21)
FN:442,(anonymous_22)
FN:542,(anonymous_23)
FNF:24
FNH:0
FNDA:0,(anonymous_0)
FNDA:0,(anonymous_1)
FNDA:0,(anonymous_2)
FNDA:0,(anonymous_3)
FNDA:0,(anonymous_4)
FNDA:0,(anonymous_5)
FNDA:0,(anonymous_6)
FNDA:0,(anonymous_7)
FNDA:0,(anonymous_8)
FNDA:0,(anonymous_9)
FNDA:0,(anonymous_10)
FNDA:0,(anonymous_11)
FNDA:0,(anonymous_12)
FNDA:0,(anonymous_13)
FNDA:0,(anonymous_14)
FNDA:0,(anonymous_15)
FNDA:0,(anonymous_16)
FNDA:0,(anonymous_17)
FNDA:0,(anonymous_18)
FNDA:0,(anonymous_19)
FNDA:0,(anonymous_20)
FNDA:0,(anonymous_21)
FNDA:0,(anonymous_22)
FNDA:0,(anonymous_23)
DA:45,0
DA:79,0
DA:91,0
DA:92,0
DA:93,0
DA:96,0
DA:97,0
DA:98,0
DA:99,0
DA:101,0
DA:116,0
DA:124,0
DA:125,0
DA:134,0
DA:147,0
DA:150,0
DA:151,0
DA:152,0
DA:161,0
DA:162,0
DA:165,0
DA:168,0
DA:172,0
DA:173,0
DA:174,0
DA:175,0
DA:176,0
DA:177,0
DA:179,0
DA:182,0
DA:186,0
DA:187,0
DA:188,0
DA:189,0
DA:190,0
DA:191,0
DA:195,0
DA:196,0
DA:197,0
DA:198,0
DA:199,0
DA:202,0
DA:228,0
DA:232,0
DA:257,0
DA:268,0
DA:269,0
DA:281,0
DA:292,0
DA:293,0
DA:306,0
DA:329,0
DA:367,0
DA:369,0
DA:370,0
DA:387,0
DA:390,0
DA:406,0
DA:442,0
DA:543,0
LF:60
LH:0
BRDA:92,0,0,0
BRDA:92,0,1,0
BRDA:92,1,0,0
BRDA:92,1,1,0
BRDA:96,2,0,0
BRDA:96,2,1,0
BRDA:120,3,0,0
BRDA:121,4,0,0
BRDA:122,5,0,0
BRDA:137,6,0,0
BRDA:137,6,1,0
BRDA:138,7,0,0
BRDA:138,7,1,0
BRDA:139,8,0,0
BRDA:139,8,1,0
BRDA:140,9,0,0
BRDA:140,9,1,0
BRDA:141,10,0,0
BRDA:141,10,1,0
BRDA:142,11,0,0
BRDA:142,11,1,0
BRDA:153,12,0,0
BRDA:153,12,1,0
BRDA:154,13,0,0
BRDA:154,13,1,0
BRDA:155,14,0,0
BRDA:155,14,1,0
BRDA:156,15,0,0
BRDA:156,15,1,0
BRDA:161,16,0,0
BRDA:161,16,1,0
BRDA:173,17,0,0
BRDA:173,17,1,0
BRDA:173,18,0,0
BRDA:173,18,1,0
BRDA:177,19,0,0
BRDA:177,19,1,0
BRDA:187,20,0,0
BRDA:187,20,1,0
BRDA:204,21,0,0
BRDA:204,21,1,0
BRDA:242,22,0,0
BRDA:242,22,1,0
BRDA:269,23,0,0
BRDA:269,23,1,0
BRDA:269,24,0,0
BRDA:269,24,1,0
BRDA:293,25,0,0
BRDA:293,25,1,0
BRDA:293,26,0,0
BRDA:293,26,1,0
BRDA:313,27,0,0
BRDA:313,27,1,0
BRDA:352,28,0,0
BRDA:352,28,1,0
BRDA:413,29,0,0
BRDA:413,29,1,0
BRDA:419,30,0,0
BRDA:419,30,1,0
BRDA:431,31,0,0
BRDA:431,31,1,0
BRDA:444,32,0,0
BRDA:444,32,1,0
BRDA:449,33,0,0
BRDA:449,33,1,0
BRDA:450,34,0,0
BRDA:450,34,1,0
BRDA:453,35,0,0
BRDA:453,35,1,0
BRDA:489,36,0,0
BRDA:489,36,1,0
BRDA:490,37,0,0
BRDA:490,37,1,0
BRDA:493,38,0,0
BRDA:493,38,1,0
BRDA:501,39,0,0
BRDA:501,39,1,0
BRDA:512,40,0,0
BRDA:512,40,1,0
BRDA:521,41,0,0
BRDA:521,41,1,0
BRDA:538,42,0,0
BRDA:538,42,1,0
BRF:83
BRH:0
end_of_record
TN:
SF:src/components/schema-forms/index.ts
FNF:0
FNH:0
LF:0
LH:0
BRF:0
BRH:0
end_of_record
TN:
SF:src/components/schema-management/AdvancedFieldConfig.tsx
FN:154,TabPanel
FN:195,(anonymous_1)
FN:206,(anonymous_2)
FN:226,(anonymous_3)
FN:230,(anonymous_4)
FN:235,(anonymous_5)
FN:239,(anonymous_6)
FN:251,(anonymous_7)
FN:256,(anonymous_8)
FN:257,(anonymous_9)
FN:261,(anonymous_10)
FN:262,(anonymous_11)
FN:274,(anonymous_12)
FN:275,(anonymous_13)
FN:290,(anonymous_14)
FN:292,(anonymous_15)
FN:318,(anonymous_16)
FN:320,(anonymous_17)
FN:358,(anonymous_18)
FN:397,(anonymous_19)
FN:404,(anonymous_20)
FN:411,(anonymous_21)
FN:417,(anonymous_22)
FN:448,(anonymous_23)
FN:464,(anonymous_24)
FN:476,(anonymous_25)
FN:490,(anonymous_26)
FN:513,(anonymous_27)
FN:522,(anonymous_28)
FN:534,(anonymous_29)
FN:563,(anonymous_30)
FN:575,(anonymous_31)
FN:584,(anonymous_32)
FN:606,(anonymous_33)
FN:619,(anonymous_34)
FN:633,(anonymous_35)
FN:647,(anonymous_36)
FN:669,(anonymous_37)
FN:680,(anonymous_38)
FN:707,(anonymous_39)
FN:711,(anonymous_40)
FN:724,(anonymous_41)
FN:739,(anonymous_42)
FN:767,(anonymous_43)
FN:787,(anonymous_44)
FN:799,(anonymous_45)
FN:824,(anonymous_46)
FN:840,(anonymous_47)
FN:852,(anonymous_48)
FN:855,(anonymous_49)
FN:877,(anonymous_50)
FN:890,(anonymous_51)
FN:915,(anonymous_52)
FN:926,(anonymous_53)
FN:944,(anonymous_54)
FN:961,(anonymous_55)
FN:974,(anonymous_56)
FN:997,(anonymous_57)
FN:1016,(anonymous_58)
FN:1033,(anonymous_59)
FN:1050,(anonymous_60)
FN:1066,(anonymous_61)
FN:1082,(anonymous_62)
FN:1097,(anonymous_63)
FN:1108,(anonymous_64)
FNF:65
FNH:0
FNDA:0,TabPanel
FNDA:0,(anonymous_1)
FNDA:0,(anonymous_2)
FNDA:0,(anonymous_3)
FNDA:0,(anonymous_4)
FNDA:0,(anonymous_5)
FNDA:0,(anonymous_6)
FNDA:0,(anonymous_7)
FNDA:0,(anonymous_8)
FNDA:0,(anonymous_9)
FNDA:0,(anonymous_10)
FNDA:0,(anonymous_11)
FNDA:0,(anonymous_12)
FNDA:0,(anonymous_13)
FNDA:0,(anonymous_14)
FNDA:0,(anonymous_15)
FNDA:0,(anonymous_16)
FNDA:0,(anonymous_17)
FNDA:0,(anonymous_18)
FNDA:0,(anonymous_19)
FNDA:0,(anonymous_20)
FNDA:0,(anonymous_21)
FNDA:0,(anonymous_22)
FNDA:0,(anonymous_23)
FNDA:0,(anonymous_24)
FNDA:0,(anonymous_25)
FNDA:0,(anonymous_26)
FNDA:0,(anonymous_27)
FNDA:0,(anonymous_28)
FNDA:0,(anonymous_29)
FNDA:0,(anonymous_30)
FNDA:0,(anonymous_31)
FNDA:0,(anonymous_32)
FNDA:0,(anonymous_33)
FNDA:0,(anonymous_34)
FNDA:0,(anonymous_35)
FNDA:0,(anonymous_36)
FNDA:0,(anonymous_37)
FNDA:0,(anonymous_38)
FNDA:0,(anonymous_39)
FNDA:0,(anonymous_40)
FNDA:0,(anonymous_41)
FNDA:0,(anonymous_42)
FNDA:0,(anonymous_43)
FNDA:0,(anonymous_44)
FNDA:0,(anonymous_45)
FNDA:0,(anonymous_46)
FNDA:0,(anonymous_47)
FNDA:0,(anonymous_48)
FNDA:0,(anonymous_49)
FNDA:0,(anonymous_50)
FNDA:0,(anonymous_51)
FNDA:0,(anonymous_52)
FNDA:0,(anonymous_53)
FNDA:0,(anonymous_54)
FNDA:0,(anonymous_55)
FNDA:0,(anonymous_56)
FNDA:0,(anonymous_57)
FNDA:0,(anonymous_58)
FNDA:0,(anonymous_59)
FNDA:0,(anonymous_60)
FNDA:0,(anonymous_61)
FNDA:0,(anonymous_62)
FNDA:0,(anonymous_63)
FNDA:0,(anonymous_64)
DA:155,0
DA:168,0
DA:175,0
DA:187,0
DA:195,0
DA:202,0
DA:203,0
DA:204,0
DA:206,0
DA:207,0
DA:209,0
DA:211,0
DA:213,0
DA:216,0
DA:218,0
DA:220,0
DA:224,0
DA:226,0
DA:227,0
DA:230,0
DA:231,0
DA:232,0
DA:235,0
DA:236,0
DA:237,0
DA:239,0
DA:240,0
DA:248,0
DA:251,0
DA:252,0
DA:253,0
DA:256,0
DA:257,0
DA:258,0
DA:261,0
DA:262,0
DA:263,0
DA:265,0
DA:266,0
DA:268,0
DA:269,0
DA:270,0
DA:274,0
DA:275,0
DA:278,0
DA:279,0
DA:280,0
DA:282,0
DA:285,0
DA:286,0
DA:287,0
DA:290,0
DA:291,0
DA:292,0
DA:301,0
DA:304,0
DA:318,0
DA:321,0
DA:359,0
DA:397,0
DA:404,0
DA:411,0
DA:417,0
DA:448,0
DA:464,0
DA:476,0
DA:490,0
DA:513,0
DA:522,0
DA:534,0
DA:563,0
DA:575,0
DA:584,0
DA:585,0
DA:587,0
DA:606,0
DA:619,0
DA:633,0
DA:647,0
DA:669,0
DA:680,0
DA:707,0
DA:712,0
DA:724,0
DA:739,0
DA:767,0
DA:768,0
DA:770,0
DA:787,0
DA:799,0
DA:824,0
DA:840,0
DA:852,0
DA:856,0
DA:877,0
DA:890,0
DA:915,0
DA:926,0
DA:944,0
DA:945,0
DA:961,0
DA:962,0
DA:964,0
DA:966,0
DA:968,0
DA:970,0
DA:974,0
DA:975,0
DA:976,0
DA:977,0
DA:978,0
DA:979,0
DA:980,0
DA:981,0
DA:985,0
DA:998,0
DA:1016,0
DA:1021,0
DA:1025,0
DA:1034,0
DA:1051,0
DA:1067,0
DA:1083,0
DA:1098,0
DA:1109,0
LF:125
LH:0
BRDA:163,0,0,0
BRDA:163,0,1,0
BRDA:199,1,0,0
BRDA:200,2,0,0
BRDA:207,3,0,0
BRDA:207,3,1,0
BRDA:207,3,2,0
BRDA:207,3,3,0
BRDA:207,3,4,0
BRDA:207,3,5,0
BRDA:207,3,6,0
BRDA:237,4,0,0
BRDA:237,4,1,0
BRDA:263,5,0,0
BRDA:263,5,1,0
BRDA:266,6,0,0
BRDA:266,6,1,0
BRDA:268,7,0,0
BRDA:268,7,1,0
BRDA:268,8,0,0
BRDA:268,8,1,0
BRDA:278,9,0,0
BRDA:278,9,1,0
BRDA:311,10,0,0
BRDA:311,10,1,0
BRDA:340,11,0,0
BRDA:340,11,1,0
BRDA:369,12,0,0
BRDA:369,12,1,0
BRDA:380,13,0,0
BRDA:380,13,1,0
BRDA:386,14,0,0
BRDA:386,14,1,0
BRDA:388,15,0,0
BRDA:388,15,1,0
BRDA:393,16,0,0
BRDA:393,16,1,0
BRDA:447,17,0,0
BRDA:447,17,1,0
BRDA:455,18,0,0
BRDA:455,18,1,0
BRDA:463,19,0,0
BRDA:463,19,1,0
BRDA:465,20,0,0
BRDA:465,20,1,0
BRDA:475,21,0,0
BRDA:475,21,1,0
BRDA:477,22,0,0
BRDA:477,22,1,0
BRDA:489,23,0,0
BRDA:489,23,1,0
BRDA:512,24,0,0
BRDA:512,24,1,0
BRDA:533,25,0,0
BRDA:533,25,1,0
BRDA:568,26,0,0
BRDA:568,26,1,0
BRDA:571,27,0,0
BRDA:571,27,1,0
BRDA:605,28,0,0
BRDA:605,28,1,0
BRDA:607,29,0,0
BRDA:607,29,1,0
BRDA:618,30,0,0
BRDA:618,30,1,0
BRDA:620,31,0,0
BRDA:620,31,1,0
BRDA:632,32,0,0
BRDA:632,32,1,0
BRDA:634,33,0,0
BRDA:634,33,1,0
BRDA:646,34,0,0
BRDA:646,34,1,0
BRDA:648,35,0,0
BRDA:648,35,1,0
BRDA:705,36,0,0
BRDA:705,36,1,0
BRDA:722,37,0,0
BRDA:722,37,1,0
BRDA:734,38,0,0
BRDA:734,38,1,0
BRDA:738,39,0,0
BRDA:738,39,1,0
BRDA:786,40,0,0
BRDA:786,40,1,0
BRDA:798,41,0,0
BRDA:798,41,1,0
BRDA:822,42,0,0
BRDA:822,42,1,0
BRDA:834,43,0,0
BRDA:834,43,1,0
BRDA:839,44,0,0
BRDA:839,44,1,0
BRDA:850,45,0,0
BRDA:850,45,1,0
BRDA:876,46,0,0
BRDA:876,46,1,0
BRDA:884,47,0,0
BRDA:884,47,1,0
BRDA:888,48,0,0
BRDA:888,48,1,0
BRDA:914,49,0,0
BRDA:914,49,1,0
BRDA:925,50,0,0
BRDA:925,50,1,0
BRDA:962,51,0,0
BRDA:962,51,1,0
BRDA:962,51,2,0
BRDA:962,51,3,0
BRDA:975,52,0,0
BRDA:975,52,1,0
BRDA:975,52,2,0
BRDA:975,52,3,0
BRDA:975,52,4,0
BRDA:975,52,5,0
BRDA:975,52,6,0
BRDA:1056,53,0,0
BRDA:1056,53,1,0
BRF:118
BRH:0
end_of_record
TN:
SF:src/components/schema-management/BulkDeactivateConfirmationDialog.tsx
FN:61,(anonymous_0)
FN:75,(anonymous_1)
FN:76,(anonymous_2)
FN:79,(anonymous_3)
FN:84,(anonymous_4)
FN:87,(anonymous_5)
FN:90,(anonymous_6)
FN:94,(anonymous_7)
FN:105,(anonymous_8)
FN:106,(anonymous_9)
FN:110,(anonymous_10)
FN:116,(anonymous_11)
FN:165,(anonymous_12)
FN:219,(anonymous_13)
FN:223,(anonymous_14)
FN:227,(anonymous_15)
FN:228,(anonymous_16)
FN:262,(anonymous_17)
FN:278,(anonymous_18)
FN:293,(anonymous_19)
FNF:20
FNH:0
FNDA:0,(anonymous_0)
FNDA:0,(anonymous_1)
FNDA:0,(anonymous_2)
FNDA:0,(anonymous_3)
FNDA:0,(anonymous_4)
FNDA:0,(anonymous_5)
FNDA:0,(anonymous_6)
FNDA:0,(anonymous_7)
FNDA:0,(anonymous_8)
FNDA:0,(anonymous_9)
FNDA:0,(anonymous_10)
FNDA:0,(anonymous_11)
FNDA:0,(anonymous_12)
FNDA:0,(anonymous_13)
FNDA:0,(anonymous_14)
FNDA:0,(anonymous_15)
FNDA:0,(anonymous_16)
FNDA:0,(anonymous_17)
FNDA:0,(anonymous_18)
FNDA:0,(anonymous_19)
DA:61,0
DA:69,0
DA:70,0
DA:71,0
DA:72,0
DA:74,0
DA:75,0
DA:76,0
DA:79,0
DA:80,0
DA:81,0
DA:82,0
DA:84,0
DA:86,0
DA:88,0
DA:91,0
DA:92,0
DA:95,0
DA:97,0
DA:99,0
DA:100,0
DA:101,0
DA:105,0
DA:106,0
DA:107,0
DA:110,0
DA:111,0
DA:112,0
DA:116,0
DA:117,0
DA:118,0
DA:119,0
DA:120,0
DA:121,0
DA:125,0
DA:166,0
DA:220,0
DA:222,0
DA:223,0
DA:224,0
DA:225,0
DA:227,0
DA:228,0
DA:263,0
DA:278,0
DA:294,0
LF:46
LH:0
BRDA:66,0,0,0
BRDA:80,1,0,0
BRDA:80,1,1,0
BRDA:80,2,0,0
BRDA:80,2,1,0
BRDA:80,2,2,0
BRDA:92,3,0,0
BRDA:92,3,1,0
BRDA:97,4,0,0
BRDA:97,4,1,0
BRDA:111,5,0,0
BRDA:111,5,1,0
BRDA:117,6,0,0
BRDA:117,6,1,0
BRDA:117,6,2,0
BRDA:117,6,3,0
BRDA:141,7,0,0
BRDA:141,7,1,0
BRDA:150,8,0,0
BRDA:150,8,1,0
BRDA:153,9,0,0
BRDA:153,9,1,0
BRDA:179,10,0,0
BRDA:179,10,1,0
BRDA:186,11,0,0
BRDA:186,11,1,0
BRDA:203,12,0,0
BRDA:203,12,1,0
BRDA:212,13,0,0
BRDA:212,13,1,0
BRDA:222,14,0,0
BRDA:222,14,1,0
BRDA:238,15,0,0
BRDA:238,15,1,0
BRDA:248,16,0,0
BRDA:248,16,1,0
BRDA:249,17,0,0
BRDA:249,17,1,0
BRDA:250,18,0,0
BRDA:250,18,1,0
BRDA:256,19,0,0
BRDA:256,19,1,0
BRDA:277,20,0,0
BRDA:277,20,1,0
BRDA:287,21,0,0
BRDA:287,21,1,0
BRDA:326,22,0,0
BRDA:326,22,1,0
BRDA:328,23,0,0
BRDA:328,23,1,0
BRDA:330,24,0,0
BRDA:330,24,1,0
BRDA:352,25,0,0
BRDA:352,25,1,0
BRDA:355,26,0,0
BRDA:355,26,1,0
BRDA:357,27,0,0
BRDA:357,27,1,0
BRDA:357,28,0,0
BRDA:357,28,1,0
BRF:60
BRH:0
end_of_record
TN:
SF:src/components/schema-management/BulkDeleteConfirmationDialog.tsx
FN:79,(anonymous_0)
FN:93,(anonymous_1)
FN:99,(anonymous_2)
FN:106,(anonymous_3)
FN:116,(anonymous_4)
FN:119,(anonymous_5)
FN:123,(anonymous_6)
FN:132,(anonymous_7)
FN:180,(anonymous_8)
FN:251,(anonymous_9)
FN:262,(anonymous_10)
FN:270,(anonymous_11)
FN:296,(anonymous_12)
FNF:13
FNH:0
FNDA:0,(anonymous_0)
FNDA:0,(anonymous_1)
FNDA:0,(anonymous_2)
FNDA:0,(anonymous_3)
FNDA:0,(anonymous_4)
FNDA:0,(anonymous_5)
FNDA:0,(anonymous_6)
FNDA:0,(anonymous_7)
FNDA:0,(anonymous_8)
FNDA:0,(anonymous_9)
FNDA:0,(anonymous_10)
FNDA:0,(anonymous_11)
FNDA:0,(anonymous_12)
DA:79,0
DA:87,0
DA:88,0
DA:89,0
DA:90,0
DA:93,0
DA:94,0
DA:95,0
DA:99,0
DA:100,0
DA:102,0
DA:103,0
DA:105,0
DA:106,0
DA:107,0
DA:108,0
DA:110,0
DA:112,0
DA:116,0
DA:117,0
DA:119,0
DA:120,0
DA:123,0
DA:124,0
DA:125,0
DA:126,0
DA:127,0
DA:128,0
DA:132,0
DA:133,0
DA:134,0
DA:135,0
DA:136,0
DA:137,0
DA:141,0
DA:146,0
DA:181,0
DA:252,0
DA:262,0
DA:271,0
DA:297,0
LF:41
LH:0
BRDA:84,0,0,0
BRDA:94,1,0,0
BRDA:94,1,1,0
BRDA:94,2,0,0
BRDA:94,2,1,0
BRDA:94,2,2,0
BRDA:100,3,0,0
BRDA:100,3,1,0
BRDA:110,4,0,0
BRDA:110,4,1,0
BRDA:117,5,0,0
BRDA:117,5,1,0
BRDA:124,6,0,0
BRDA:124,6,1,0
BRDA:124,6,2,0
BRDA:124,6,3,0
BRDA:133,7,0,0
BRDA:133,7,1,0
BRDA:133,7,2,0
BRDA:133,7,3,0
BRDA:141,8,0,0
BRDA:141,8,1,0
BRDA:141,8,2,0
BRDA:141,8,3,0
BRDA:163,9,0,0
BRDA:163,9,1,0
BRDA:190,10,0,0
BRDA:190,10,1,0
BRDA:204,11,0,0
BRDA:204,11,1,0
BRDA:215,12,0,0
BRDA:215,12,1,0
BRDA:225,13,0,0
BRDA:225,13,1,0
BRDA:225,13,2,0
BRDA:237,14,0,0
BRDA:237,14,1,0
BRDA:240,15,0,0
BRDA:240,15,1,0
BRDA:247,16,0,0
BRDA:247,16,1,0
BRDA:261,17,0,0
BRDA:261,17,1,0
BRDA:279,18,0,0
BRDA:279,18,1,0
BRDA:290,19,0,0
BRDA:290,19,1,0
BRDA:302,20,0,0
BRDA:302,20,1,0
BRDA:303,21,0,0
BRDA:303,21,1,0
BRDA:307,22,0,0
BRDA:307,22,1,0
BRDA:314,23,0,0
BRDA:314,23,1,0
BRDA:331,24,0,0
BRDA:331,24,1,0
BRDA:331,24,2,0
BRDA:356,25,0,0
BRDA:356,25,1,0
BRDA:356,25,2,0
BRDA:357,26,0,0
BRDA:357,26,1,0
BRDA:359,27,0,0
BRDA:359,27,1,0
BRDA:359,28,0,0
BRDA:359,28,1,0
BRF:67
BRH:0
end_of_record
TN:
SF:src/components/schema-management/BulkRequiredToggleConfirmationDialog.tsx
FN:70,(anonymous_0)
FN:90,(anonymous_1)
FN:91,(anonymous_2)
FN:95,(anonymous_3)
FN:100,(anonymous_4)
FN:103,(anonymous_5)
FN:106,(anonymous_6)
FN:110,(anonymous_7)
FN:121,(anonymous_8)
FN:122,(anonymous_9)
FN:126,(anonymous_10)
FN:132,(anonymous_11)
FN:141,(anonymous_12)
FN:145,(anonymous_13)
FN:151,(anonymous_14)
FN:228,(anonymous_15)
FN:268,(anonymous_16)
FN:272,(anonymous_17)
FN:276,(anonymous_18)
FN:277,(anonymous_19)
FN:315,(anonymous_20)
FN:331,(anonymous_21)
FN:346,(anonymous_22)
FNF:23
FNH:0
FNDA:0,(anonymous_0)
FNDA:0,(anonymous_1)
FNDA:0,(anonymous_2)
FNDA:0,(anonymous_3)
FNDA:0,(anonymous_4)
FNDA:0,(anonymous_5)
FNDA:0,(anonymous_6)
FNDA:0,(anonymous_7)
FNDA:0,(anonymous_8)
FNDA:0,(anonymous_9)
FNDA:0,(anonymous_10)
FNDA:0,(anonymous_11)
FNDA:0,(anonymous_12)
FNDA:0,(anonymous_13)
FNDA:0,(anonymous_14)
FNDA:0,(anonymous_15)
FNDA:0,(anonymous_16)
FNDA:0,(anonymous_17)
FNDA:0,(anonymous_18)
FNDA:0,(anonymous_19)
FNDA:0,(anonymous_20)
FNDA:0,(anonymous_21)
FNDA:0,(anonymous_22)
DA:70,0
DA:79,0
DA:80,0
DA:81,0
DA:82,0
DA:84,0
DA:85,0
DA:86,0
DA:87,0
DA:90,0
DA:91,0
DA:92,0
DA:95,0
DA:96,0
DA:97,0
DA:98,0
DA:100,0
DA:102,0
DA:104,0
DA:107,0
DA:108,0
DA:111,0
DA:113,0
DA:115,0
DA:116,0
DA:117,0
DA:121,0
DA:122,0
DA:123,0
DA:126,0
DA:127,0
DA:128,0
DA:132,0
DA:133,0
DA:134,0
DA:135,0
DA:136,0
DA:137,0
DA:141,0
DA:142,0
DA:145,0
DA:146,0
DA:151,0
DA:152,0
DA:153,0
DA:162,0
DA:172,0
DA:229,0
DA:269,0
DA:271,0
DA:272,0
DA:273,0
DA:274,0
DA:276,0
DA:277,0
DA:316,0
DA:331,0
DA:347,0
LF:58
LH:0
BRDA:76,0,0,0
BRDA:86,1,0,0
BRDA:86,1,1,0
BRDA:87,2,0,0
BRDA:87,2,1,0
BRDA:92,3,0,0
BRDA:92,3,1,0
BRDA:96,4,0,0
BRDA:96,4,1,0
BRDA:96,5,0,0
BRDA:96,5,1,0
BRDA:96,5,2,0
BRDA:108,6,0,0
BRDA:108,6,1,0
BRDA:113,7,0,0
BRDA:113,7,1,0
BRDA:127,8,0,0
BRDA:127,8,1,0
BRDA:133,9,0,0
BRDA:133,9,1,0
BRDA:133,9,2,0
BRDA:133,9,3,0
BRDA:142,10,0,0
BRDA:142,10,1,0
BRDA:146,11,0,0
BRDA:146,11,1,0
BRDA:152,12,0,0
BRDA:152,12,1,0
BRDA:166,13,0,0
BRDA:166,13,1,0
BRDA:188,14,0,0
BRDA:188,14,1,0
BRDA:197,15,0,0
BRDA:197,15,1,0
BRDA:197,15,2,0
BRDA:203,16,0,0
BRDA:203,16,1,0
BRDA:210,17,0,0
BRDA:210,17,1,0
BRDA:210,17,2,0
BRDA:216,18,0,0
BRDA:216,18,1,0
BRDA:252,19,0,0
BRDA:252,19,1,0
BRDA:261,20,0,0
BRDA:261,20,1,0
BRDA:271,21,0,0
BRDA:271,21,1,0
BRDA:287,22,0,0
BRDA:287,22,1,0
BRDA:297,23,0,0
BRDA:297,23,1,0
BRDA:298,24,0,0
BRDA:298,24,1,0
BRDA:300,25,0,0
BRDA:300,25,1,0
BRDA:300,25,2,0
BRDA:309,26,0,0
BRDA:309,26,1,0
BRDA:330,27,0,0
BRDA:330,27,1,0
BRDA:340,28,0,0
BRDA:340,28,1,0
BRDA:353,29,0,0
BRDA:353,29,1,0
BRDA:353,30,0,0
BRDA:353,30,1,0
BRDA:364,31,0,0
BRDA:364,31,1,0
BRDA:381,32,0,0
BRDA:381,32,1,0
BRDA:383,33,0,0
BRDA:383,33,1,0
BRDA:385,34,0,0
BRDA:385,34,1,0
BRDA:407,35,0,0
BRDA:407,35,1,0
BRDA:408,36,0,0
BRDA:408,36,1,0
BRDA:410,37,0,0
BRDA:410,37,1,0
BRDA:412,38,0,0
BRDA:412,38,1,0
BRDA:414,39,0,0
BRDA:414,39,1,0
BRF:85
BRH:0
end_of_record
TN:
SF:src/components/schema-management/DebouncedFieldEditor.tsx
FN:76,(anonymous_0)
FN:85,(anonymous_1)
FN:87,(anonymous_2)
FN:96,(anonymous_3)
FN:104,(anonymous_4)
FN:112,(anonymous_5)
FN:122,(anonymous_6)
FN:132,(anonymous_7)
FN:142,(anonymous_8)
FN:151,(anonymous_9)
FN:168,(anonymous_10)
FN:178,(anonymous_11)
FN:188,(anonymous_12)
FN:197,(anonymous_13)
FN:208,(anonymous_14)
FN:226,(anonymous_15)
FN:229,(anonymous_16)
FN:230,(anonymous_17)
FN:231,(anonymous_18)
FN:250,(anonymous_19)
FN:260,(anonymous_20)
FN:275,(anonymous_21)
FN:284,(anonymous_22)
FN:294,(anonymous_23)
FN:310,(anonymous_24)
FN:324,(anonymous_25)
FN:335,(anonymous_26)
FN:346,(anonymous_27)
FN:366,(anonymous_28)
FN:375,(anonymous_29)
FN:390,(anonymous_30)
FN:391,(anonymous_31)
FN:392,(anonymous_32)
FN:400,(anonymous_33)
FN:420,(anonymous_34)
FN:422,(anonymous_35)
FN:428,(anonymous_36)
FN:436,(anonymous_37)
FN:446,(anonymous_38)
FN:448,(anonymous_39)
FN:458,(anonymous_40)
FN:462,(anonymous_41)
FN:471,(anonymous_42)
FN:495,(anonymous_43)
FN:511,(anonymous_44)
FN:512,(anonymous_45)
FN:566,(anonymous_46)
FN:577,(anonymous_47)
FN:592,(anonymous_48)
FN:605,(anonymous_49)
FN:616,(anonymous_50)
FN:633,(anonymous_51)
FN:634,(anonymous_52)
FN:661,(anonymous_53)
FN:704,(anonymous_54)
FNF:55
FNH:0
FNDA:0,(anonymous_0)
FNDA:0,(anonymous_1)
FNDA:0,(anonymous_2)
FNDA:0,(anonymous_3)
FNDA:0,(anonymous_4)
FNDA:0,(anonymous_5)
FNDA:0,(anonymous_6)
FNDA:0,(anonymous_7)
FNDA:0,(anonymous_8)
FNDA:0,(anonymous_9)
FNDA:0,(anonymous_10)
FNDA:0,(anonymous_11)
FNDA:0,(anonymous_12)
FNDA:0,(anonymous_13)
FNDA:0,(anonymous_14)
FNDA:0,(anonymous_15)
FNDA:0,(anonymous_16)
FNDA:0,(anonymous_17)
FNDA:0,(anonymous_18)
FNDA:0,(anonymous_19)
FNDA:0,(anonymous_20)
FNDA:0,(anonymous_21)
FNDA:0,(anonymous_22)
FNDA:0,(anonymous_23)
FNDA:0,(anonymous_24)
FNDA:0,(anonymous_25)
FNDA:0,(anonymous_26)
FNDA:0,(anonymous_27)
FNDA:0,(anonymous_28)
FNDA:0,(anonymous_29)
FNDA:0,(anonymous_30)
FNDA:0,(anonymous_31)
FNDA:0,(anonymous_32)
FNDA:0,(anonymous_33)
FNDA:0,(anonymous_34)
FNDA:0,(anonymous_35)
FNDA:0,(anonymous_36)
FNDA:0,(anonymous_37)
FNDA:0,(anonymous_38)
FNDA:0,(anonymous_39)
FNDA:0,(anonymous_40)
FNDA:0,(anonymous_41)
FNDA:0,(anonymous_42)
FNDA:0,(anonymous_43)
FNDA:0,(anonymous_44)
FNDA:0,(anonymous_45)
FNDA:0,(anonymous_46)
FNDA:0,(anonymous_47)
FNDA:0,(anonymous_48)
FNDA:0,(anonymous_49)
FNDA:0,(anonymous_50)
FNDA:0,(anonymous_51)
FNDA:0,(anonymous_52)
FNDA:0,(anonymous_53)
FNDA:0,(anonymous_54)
DA:76,0
DA:83,0
DA:85,0
DA:86,0
DA:87,0
DA:88,0
DA:93,0
DA:95,0
DA:97,0
DA:98,0
DA:104,0
DA:105,0
DA:107,0
DA:112,0
DA:122,0
DA:132,0
DA:142,0
DA:151,0
DA:162,0
DA:168,0
DA:178,0
DA:188,0
DA:197,0
DA:208,0
DA:218,0
DA:227,0
DA:230,0
DA:231,0
DA:232,0
DA:233,0
DA:234,0
DA:236,0
DA:238,0
DA:250,0
DA:260,0
DA:270,0
DA:275,0
DA:284,0
DA:294,0
DA:304,0
DA:310,0
DA:324,0
DA:335,0
DA:346,0
DA:356,0
DA:360,0
DA:367,0
DA:376,0
DA:384,0
DA:390,0
DA:391,0
DA:392,0
DA:400,0
DA:412,0
DA:413,0
DA:414,0
DA:415,0
DA:416,0
DA:417,0
DA:420,0
DA:421,0
DA:422,0
DA:423,0
DA:428,0
DA:429,0
DA:430,0
DA:434,0
DA:437,0
DA:438,0
DA:446,0
DA:447,0
DA:448,0
DA:449,0
DA:450,0
DA:458,0
DA:462,0
DA:463,0
DA:464,0
DA:470,0
DA:472,0
DA:474,0
DA:475,0
DA:476,0
DA:479,0
DA:480,0
DA:488,0
DA:495,0
DA:496,0
DA:497,0
DA:505,0
DA:510,0
DA:511,0
DA:512,0
DA:516,0
DA:517,0
DA:526,0
DA:527,0
DA:534,0
DA:566,0
DA:577,0
DA:592,0
DA:605,0
DA:616,0
DA:633,0
DA:634,0
DA:662,0
DA:705,0
DA:706,0
LF:108
LH:0
BRDA:105,0,0,0
BRDA:105,0,1,0
BRDA:105,0,2,0
BRDA:105,0,3,0
BRDA:105,0,4,0
BRDA:105,0,5,0
BRDA:111,1,0,0
BRDA:111,1,1,0
BRDA:121,2,0,0
BRDA:121,2,1,0
BRDA:122,3,0,0
BRDA:122,3,1,0
BRDA:131,4,0,0
BRDA:131,4,1,0
BRDA:132,5,0,0
BRDA:132,5,1,0
BRDA:141,6,0,0
BRDA:141,6,1,0
BRDA:150,7,0,0
BRDA:150,7,1,0
BRDA:167,8,0,0
BRDA:167,8,1,0
BRDA:168,9,0,0
BRDA:168,9,1,0
BRDA:177,10,0,0
BRDA:177,10,1,0
BRDA:178,11,0,0
BRDA:178,11,1,0
BRDA:187,12,0,0
[...]
FNDA:0,(anonymous_29)
FNDA:0,(anonymous_30)
FNDA:0,(anonymous_31)
FNDA:0,(anonymous_32)
FNDA:0,(anonymous_33)
FNDA:0,(anonymous_34)
FNDA:0,(anonymous_35)
FNDA:0,(anonymous_36)
FNDA:0,(anonymous_37)
FNDA:0,(anonymous_38)
FNDA:0,(anonymous_39)
DA:15,0
DA:24,0
DA:26,0
DA:27,0
DA:30,0
DA:35,0
DA:36,0
DA:37,0
DA:38,0
DA:46,0
DA:48,0
DA:49,0
DA:57,0
DA:59,0
DA:60,0
DA:62,0
DA:63,0
DA:65,0
DA:67,0
DA:80,0
DA:82,0
DA:84,0
DA:85,0
DA:87,0
DA:88,0
DA:89,0
DA:91,0
DA:92,0
DA:94,0
DA:95,0
DA:97,0
DA:99,0
DA:100,0
DA:102,0
DA:113,0
DA:115,0
DA:118,0
DA:119,0
DA:122,0
DA:123,0
DA:133,0
DA:134,0
DA:145,0
DA:147,0
DA:149,0
DA:150,0
DA:151,0
DA:156,0
DA:163,0
DA:165,0
DA:167,0
DA:168,0
DA:170,0
DA:177,0
DA:179,0
DA:181,0
DA:182,0
DA:183,0
DA:185,0
DA:186,0
DA:189,0
DA:190,0
DA:193,0
DA:194,0
DA:205,0
DA:208,0
DA:209,0
DA:211,0
DA:212,0
DA:216,0
DA:217,0
DA:218,0
DA:220,0
DA:222,0
DA:228,0
DA:229,0
DA:231,0
DA:232,0
DA:238,0
DA:239,0
DA:242,0
DA:243,0
DA:245,0
DA:246,0
DA:251,0
DA:252,0
DA:254,0
DA:265,0
DA:267,0
DA:270,0
DA:271,0
DA:273,0
DA:276,0
DA:278,0
DA:279,0
DA:290,0
DA:293,0
DA:296,0
DA:299,0
DA:302,0
DA:303,0
DA:304,0
DA:305,0
DA:307,0
DA:308,0
DA:314,0
DA:321,0
DA:322,0
DA:323,0
DA:325,0
DA:326,0
DA:329,0
DA:330,0
DA:333,0
DA:346,0
DA:349,0
DA:350,0
DA:351,0
DA:352,0
DA:356,0
DA:357,0
DA:359,0
DA:360,0
DA:361,0
DA:362,0
DA:363,0
DA:366,0
DA:370,0
DA:380,0
DA:383,0
DA:384,0
DA:387,0
DA:388,0
DA:390,0
DA:391,0
DA:396,0
DA:397,0
DA:399,0
DA:400,0
DA:409,0
DA:415,0
DA:423,0
DA:424,0
DA:434,0
DA:441,0
DA:442,0
DA:451,0
DA:453,0
DA:457,0
DA:459,0
DA:460,0
DA:469,0
DA:471,0
DA:474,0
DA:475,0
DA:477,0
DA:478,0
DA:479,0
DA:482,0
DA:484,0
DA:485,0
DA:494,0
DA:496,0
DA:499,0
DA:502,0
LF:165
LH:0
BRDA:22,0,0,0
BRDA:24,1,0,0
BRDA:30,2,0,0
BRDA:30,2,1,0
BRDA:82,3,0,0
BRDA:82,3,1,0
BRDA:82,3,2,0
BRDA:82,3,3,0
BRDA:82,3,4,0
BRDA:88,4,0,0
BRDA:88,4,1,0
BRDA:91,5,0,0
BRDA:91,5,1,0
BRDA:94,6,0,0
BRDA:94,6,1,0
BRDA:99,7,0,0
BRDA:99,7,1,0
BRDA:111,8,0,0
BRDA:113,9,0,0
BRDA:132,10,0,0
BRDA:149,11,0,0
BRDA:149,11,1,0
BRDA:175,12,0,0
BRDA:179,13,0,0
BRDA:179,13,1,0
BRDA:179,13,2,0
BRDA:203,14,0,0
BRDA:211,15,0,0
BRDA:211,15,1,0
BRDA:231,16,0,0
BRDA:231,16,1,0
BRDA:238,17,0,0
BRDA:238,17,1,0
BRDA:265,18,0,0
BRDA:265,18,1,0
BRDA:265,19,0,0
BRDA:265,19,1,0
BRDA:265,19,2,0
BRDA:265,19,3,0
BRDA:320,20,0,0
BRDA:325,21,0,0
BRDA:325,21,1,0
BRDA:344,22,0,0
BRDA:349,23,0,0
BRDA:349,23,1,0
BRDA:359,24,0,0
BRDA:359,24,1,0
BRDA:360,25,0,0
BRDA:360,25,1,0
BRDA:360,26,0,0
BRDA:360,26,1,0
BRDA:362,27,0,0
BRDA:362,27,1,0
BRDA:362,28,0,0
BRDA:362,28,1,0
BRDA:378,29,0,0
BRDA:390,30,0,0
BRDA:390,30,1,0
BRDA:399,31,0,0
BRDA:399,31,1,0
BRDA:415,32,0,0
BRDA:415,32,1,0
BRDA:415,32,2,0
BRDA:415,32,3,0
BRDA:415,32,4,0
BRDA:415,32,5,0
BRDA:434,33,0,0
BRDA:434,33,1,0
BRDA:434,33,2,0
BRDA:434,33,3,0
BRDA:434,33,4,0
BRDA:453,34,0,0
BRDA:453,34,1,0
BRDA:457,35,0,0
BRDA:457,35,1,0
BRF:75
BRH:0
end_of_record
TN:
SF:src/types/schema.ts
FN:390,(anonymous_0)
FN:394,(anonymous_1)
FN:398,(anonymous_2)
FNF:3
FNH:0
FNDA:0,(anonymous_0)
FNDA:0,(anonymous_1)
FNDA:0,(anonymous_2)
DA:390,0
DA:391,0
DA:394,0
DA:395,0
DA:398,0
DA:399,0
DA:403,0
DA:412,0
DA:421,0
LF:9
LH:0
BRDA:391,0,0,0
BRDA:391,0,1,0
BRDA:391,0,2,0
BRDA:395,1,0,0
BRDA:395,1,1,0
BRDA:395,1,2,0
BRF:6
BRH:0
end_of_record
TN:
SF:src/utils/index.ts
FNF:0
FNH:0
LF:0
LH:0
BRF:0
BRH:0
end_of_record
TN:
SF:src/utils/performanceTesting.ts
FN:31,(anonymous_0)
FN:46,(anonymous_1)
FN:68,(anonymous_2)
FN:87,(anonymous_3)
FN:106,(anonymous_4)
FN:130,(anonymous_5)
FN:131,(anonymous_6)
FN:146,(anonymous_7)
FN:153,(anonymous_8)
FN:158,(anonymous_9)
FN:164,(anonymous_10)
FN:172,(anonymous_11)
FN:183,(anonymous_12)
FN:184,(anonymous_13)
FN:216,(anonymous_14)
FN:246,(anonymous_15)
FN:248,(anonymous_16)
FN:251,(anonymous_17)
FNF:18
FNH:0
FNDA:0,(anonymous_0)
FNDA:0,(anonymous_1)
FNDA:0,(anonymous_2)
FNDA:0,(anonymous_3)
FNDA:0,(anonymous_4)
FNDA:0,(anonymous_5)
FNDA:0,(anonymous_6)
FNDA:0,(anonymous_7)
FNDA:0,(anonymous_8)
FNDA:0,(anonymous_9)
FNDA:0,(anonymous_10)
FNDA:0,(anonymous_11)
FNDA:0,(anonymous_12)
FNDA:0,(anonymous_13)
FNDA:0,(anonymous_14)
FNDA:0,(anonymous_15)
FNDA:0,(anonymous_16)
FNDA:0,(anonymous_17)
DA:25,0
DA:26,0
DA:32,0
DA:33,0
DA:34,0
DA:47,0
DA:48,0
DA:49,0
DA:50,0
DA:53,0
DA:54,0
DA:61,0
DA:62,0
DA:73,0
DA:74,0
DA:75,0
DA:76,0
DA:77,0
DA:79,0
DA:80,0
DA:92,0
DA:93,0
DA:94,0
DA:95,0
DA:96,0
DA:98,0
DA:99,0
DA:112,0
DA:114,0
DA:115,0
DA:116,0
DA:122,0
DA:130,0
DA:131,0
DA:133,0
DA:147,0
DA:154,0
DA:158,0
DA:165,0
DA:166,0
DA:177,0
DA:178,0
DA:179,0
DA:181,0
DA:182,0
DA:183,0
DA:184,0
DA:186,0
DA:196,0
DA:197,0
DA:198,0
DA:200,0
DA:201,0
DA:203,0
DA:204,0
DA:209,0
DA:217,0
DA:219,0
DA:221,0
DA:222,0
DA:223,0
DA:225,0
DA:228,0
DA:233,0
DA:243,0
DA:246,0
DA:247,0
DA:249,0
DA:253,0
LF:69
LH:0
BRDA:33,0,0,0
BRDA:33,0,1,0
BRDA:48,1,0,0
BRDA:48,1,1,0
BRDA:109,2,0,0
BRDA:154,3,0,0
BRDA:154,3,1,0
BRDA:182,4,0,0
BRDA:182,4,1,0
BRDA:197,5,0,0
BRDA:197,5,1,0
BRDA:197,6,0,0
BRDA:197,6,1,0
BRDA:200,7,0,0
BRDA:200,7,1,0
BRDA:200,8,0,0
BRDA:200,8,1,0
BRDA:203,9,0,0
BRDA:203,9,1,0
BRDA:203,10,0,0
BRDA:203,10,1,0
BRDA:222,11,0,0
BRDA:222,11,1,0
BRF:23
BRH:0
end_of_record
TN:
SF:src/utils/performanceUtils.ts
FN:21,(anonymous_0)
FN:28,(anonymous_1)
FN:36,(anonymous_2)
FN:45,(anonymous_3)
FN:46,(anonymous_4)
FN:55,(anonymous_5)
FN:56,(anonymous_6)
FN:65,(anonymous_7)
FN:66,(anonymous_8)
FN:75,(anonymous_9)
FN:76,(anonymous_10)
FN:87,(anonymous_11)
FN:89,(anonymous_12)
FN:90,(anonymous_13)
FN:91,(anonymous_14)
FN:92,(anonymous_15)
FN:104,(anonymous_16)
FN:123,(anonymous_17)
FN:135,(anonymous_18)
FN:142,(anonymous_19)
FN:161,(anonymous_20)
FN:167,(anonymous_21)
FN:176,(anonymous_22)
FN:192,(anonymous_23)
FN:201,(anonymous_24)
FN:206,(anonymous_25)
FN:211,(anonymous_26)
FN:225,(anonymous_27)
FN:235,(anonymous_28)
FN:242,(anonymous_29)
FN:246,(anonymous_30)
FN:254,(anonymous_31)
FN:261,(anonymous_32)
FN:268,(anonymous_33)
FN:276,(anonymous_34)
FN:294,(anonymous_35)
FN:298,(anonymous_36)
FN:308,(anonymous_37)
FN:321,(anonymous_38)
FN:325,(anonymous_39)
FN:329,(anonymous_40)
FN:333,(anonymous_41)
FN:337,(anonymous_42)
FN:341,(anonymous_43)
FN:350,(anonymous_44)
FN:354,(anonymous_45)
FN:366,(anonymous_46)
FN:373,(anonymous_47)
FN:385,(anonymous_48)
FN:389,(anonymous_49)
FN:393,(anonymous_50)
FN:402,(anonymous_51)
FN:416,(anonymous_52)
FN:420,(anonymous_53)
FN:442,(anonymous_54)
FN:452,(anonymous_55)
FN:454,(anonymous_56)
FN:465,(anonymous_57)
FN:473,(anonymous_58)
FNF:59
FNH:51
FNDA:10,(anonymous_0)
FNDA:3,(anonymous_1)
FNDA:3,(anonymous_2)
FNDA:2,(anonymous_3)
FNDA:2,(anonymous_4)
FNDA:1,(anonymous_5)
FNDA:1,(anonymous_6)
FNDA:0,(anonymous_7)
FNDA:0,(anonymous_8)
FNDA:1,(anonymous_9)
FNDA:1,(anonymous_10)
FNDA:7,(anonymous_11)
FNDA:0,(anonymous_12)
FNDA:0,(anonymous_13)
FNDA:0,(anonymous_14)
FNDA:0,(anonymous_15)
FNDA:10,(anonymous_16)
FNDA:27,(anonymous_17)
FNDA:7,(anonymous_18)
FNDA:10,(anonymous_19)
FNDA:27,(anonymous_20)
FNDA:9,(anonymous_21)
FNDA:8,(anonymous_22)
FNDA:4,(anonymous_23)
FNDA:0,(anonymous_24)
FNDA:1,(anonymous_25)
FNDA:1,(anonymous_26)
FNDA:0,(anonymous_27)
FNDA:1,(anonymous_28)
FNDA:4,(anonymous_29)
FNDA:1,(anonymous_30)
FNDA:3,(anonymous_31)
FNDA:6,(anonymous_32)
FNDA:2,(anonymous_33)
FNDA:1,(anonymous_34)
FNDA:6,(anonymous_35)
FNDA:14,(anonymous_36)
FNDA:16,(anonymous_37)
FNDA:3,(anonymous_38)
FNDA:1,(anonymous_39)
FNDA:1,(anonymous_40)
FNDA:4,(anonymous_41)
FNDA:1,(anonymous_42)
FNDA:1,(anonymous_43)
FNDA:5,(anonymous_44)
FNDA:2,(anonymous_45)
FNDA:7,(anonymous_46)
FNDA:2,(anonymous_47)
FNDA:1,(anonymous_48)
FNDA:1,(anonymous_49)
FNDA:5,(anonymous_50)
FNDA:4,(anonymous_51)
FNDA:114,(anonymous_52)
FNDA:115,(anonymous_53)
FNDA:9,(anonymous_54)
FNDA:100,(anonymous_55)
FNDA:105,(anonymous_56)
FNDA:1,(anonymous_57)
FNDA:2,(anonymous_58)
DA:16,2
DA:17,2
DA:18,2
DA:19,2
DA:22,10
DA:23,1
DA:25,10
DA:34,3
DA:36,3
DA:37,3
DA:38,3
DA:41,3
DA:42,3
DA:46,2
DA:47,2
DA:48,2
DA:51,2
DA:52,2
DA:56,1
DA:57,1
DA:58,1
DA:61,1
DA:62,1
DA:66,0
DA:67,0
DA:68,0
DA:71,0
DA:72,0
DA:76,1
DA:77,1
DA:78,1
DA:80,1
DA:83,1
DA:84,1
DA:89,7
DA:90,7
DA:91,7
DA:92,7
DA:93,0
DA:94,0
DA:98,7
DA:99,7
DA:100,7
DA:101,7
DA:110,10
DA:123,1
DA:124,27
DA:125,25
DA:126,12
DA:127,10
DA:129,9
DA:130,4
DA:133,5
DA:134,5
DA:135,7
DA:136,5
DA:139,0
DA:142,1
DA:143,10
DA:144,6
DA:145,5
DA:147,4
DA:148,4
DA:150,4
DA:152,3
DA:153,5
DA:154,2
DA:158,1
DA:161,1
DA:162,27
DA:163,13
DA:165,13
DA:166,5
DA:167,9
DA:170,8
DA:171,5
DA:172,5
DA:174,5
DA:176,5
DA:177,8
DA:181,3
DA:189,6
DA:190,6
DA:193,4
DA:195,4
DA:196,4
DA:199,4
DA:200,3
DA:201,3
DA:202,0
DA:204,0
DA:206,1
DA:212,1
DA:213,1
DA:216,1
DA:217,1
DA:218,1
DA:220,0
DA:226,0
DA:227,0
DA:235,1
DA:239,1
DA:242,1
DA:243,4
DA:244,2
DA:245,2
DA:246,2
DA:247,1
DA:250,4
DA:254,1
DA:259,3
DA:261,3
DA:262,6
DA:264,6
DA:265,3
DA:268,6
DA:269,2
DA:270,2
DA:273,6
DA:276,3
DA:277,1
DA:278,1
DA:279,1
DA:283,3
DA:292,6
DA:295,6
DA:299,14
DA:300,14
DA:302,11
DA:303,11
DA:305,14
DA:309,16
DA:311,1
DA:312,15
DA:314,2
DA:315,2
DA:318,16
DA:322,3
DA:326,1
DA:330,1
DA:334,4
DA:338,1
DA:342,1
DA:347,5
DA:351,5
DA:355,2
DA:356,2
DA:358,2
DA:359,1
DA:360,1
DA:363,1
DA:367,7
DA:374,2
DA:375,2
DA:377,2
DA:378,1
DA:379,1
DA:382,1
DA:386,1
DA:390,1
DA:394,5
DA:395,5
DA:396,5
DA:397,2
DA:403,4
DA:404,4
DA:413,10
DA:414,10
DA:417,114
DA:421,115
DA:422,115
DA:424,114
DA:425,114
DA:427,114
DA:428,9
DA:431,114
DA:432,114
DA:435,114
DA:436,5
DA:439,114
DA:449,9
DA:450,9
DA:452,100
DA:453,5
DA:454,105
DA:456,5
DA:466,1
DA:467,1
DA:468,2
DA:470,1
DA:474,2
DA:475,1
DA:476,1
DA:478,1
DA:479,1
DA:488,1
DA:489,1
DA:490,1
LF:198
LH:185
BRDA:22,0,0,1
BRDA:22,0,1,9
BRDA:77,1,0,1
BRDA:77,1,1,0
BRDA:93,2,0,0
BRDA:93,2,1,0
BRDA:124,3,0,2
BRDA:124,3,1,25
BRDA:124,4,0,27
BRDA:124,4,1,26
BRDA:125,5,0,13
BRDA:125,5,1,12
BRDA:125,6,0,25
BRDA:125,6,1,21
BRDA:126,7,0,2
BRDA:126,7,1,10
BRDA:126,8,0,1
BRDA:126,8,1,1
BRDA:127,9,0,1
BRDA:127,9,1,9
BRDA:129,10,0,4
BRDA:129,10,1,5
BRDA:133,11,0,5
BRDA:133,11,1,0
BRDA:143,12,0,4
BRDA:143,12,1,6
BRDA:144,13,0,1
BRDA:144,13,1,5
BRDA:144,14,0,6
BRDA:144,14,1,5
BRDA:144,14,2,5
BRDA:144,14,3,5
BRDA:145,15,0,1
BRDA:145,15,1,4
BRDA:145,16,0,5
BRDA:145,16,1,4
BRDA:150,17,0,1
BRDA:150,17,1,3
BRDA:153,18,0,2
BRDA:153,18,1,3
BRDA:153,19,0,5
BRDA:153,19,1,5
BRDA:162,20,0,14
BRDA:162,20,1,13
BRDA:163,21,0,0
BRDA:163,21,1,13
BRDA:163,22,0,13
BRDA:163,22,1,13
BRDA:163,22,2,13
BRDA:163,22,3,13
BRDA:165,23,0,5
BRDA:165,23,1,8
BRDA:165,24,0,13
BRDA:165,24,1,6
BRDA:166,25,0,1
BRDA:166,25,1,4
BRDA:170,26,0,5
BRDA:170,26,1,3
BRDA:170,27,0,8
BRDA:170,27,1,5
BRDA:174,28,0,0
BRDA:174,28,1,5
BRDA:177,29,0,8
BRDA:177,29,1,8
BRDA:195,30,0,4
BRDA:195,30,1,0
BRDA:199,31,0,3
BRDA:199,31,1,1
BRDA:243,32,0,2
BRDA:243,32,1,2
BRDA:257,33,0,2
BRDA:262,34,0,6
BRDA:262,34,1,2
BRDA:264,35,0,3
BRDA:264,35,1,3
BRDA:270,36,0,1
BRDA:270,36,1,1
BRDA:273,37,0,1
BRDA:273,37,1,5
BRDA:277,38,0,1
BRDA:277,38,1,0
BRDA:294,39,0,0
BRDA:300,40,0,11
BRDA:300,40,1,3
BRDA:309,41,0,1
BRDA:309,41,1,15
BRDA:312,42,0,2
BRDA:312,42,1,13
BRDA:350,43,0,0
BRDA:356,44,0,0
BRDA:356,44,1,2
BRDA:358,45,0,1
BRDA:358,45,1,1
BRDA:375,46,0,0
BRDA:375,46,1,2
BRDA:377,47,0,1
BRDA:377,47,1,1
BRDA:396,48,0,2
BRDA:396,48,1,3
BRDA:422,49,0,1
BRDA:422,49,1,114
BRDA:427,50,0,9
BRDA:427,50,1,105
BRDA:435,51,0,5
BRDA:435,51,1,109
BRDA:450,52,0,4
BRDA:450,52,1,5
BRDA:450,53,0,9
BRDA:450,53,1,5
BRDA:474,54,0,1
BRDA:474,54,1,1
BRF:111
BRH:99
end_of_record
TN:
SF:src/utils/schemaErrorHandling.ts
FN:56,(anonymous_0)
FN:88,(anonymous_1)
FN:103,(anonymous_2)
FN:111,(anonymous_3)
FN:120,(anonymous_4)
FN:135,(anonymous_5)
FN:149,(anonymous_6)
FN:183,(anonymous_7)
FN:205,(anonymous_8)
FN:225,(anonymous_9)
FN:239,(anonymous_10)
FN:246,(anonymous_11)
FN:261,(anonymous_12)
FN:282,(anonymous_13)
FN:320,(anonymous_14)
FN:330,(anonymous_15)
FN:331,(anonymous_16)
FN:346,(anonymous_17)
FN:350,(anonymous_18)
FN:355,(anonymous_19)
FN:366,(anonymous_20)
FN:377,(anonymous_21)
FN:378,(anonymous_22)
FN:380,(anonymous_23)
FN:382,(anonymous_24)
FN:384,(anonymous_25)
FNF:26
FNH:0
FNDA:0,(anonymous_0)
FNDA:0,(anonymous_1)
FNDA:0,(anonymous_2)
FNDA:0,(anonymous_3)
FNDA:0,(anonymous_4)
FNDA:0,(anonymous_5)
FNDA:0,(anonymous_6)
FNDA:0,(anonymous_7)
FNDA:0,(anonymous_8)
FNDA:0,(anonymous_9)
FNDA:0,(anonymous_10)
FNDA:0,(anonymous_11)
FNDA:0,(anonymous_12)
FNDA:0,(anonymous_13)
FNDA:0,(anonymous_14)
FNDA:0,(anonymous_15)
FNDA:0,(anonymous_16)
FNDA:0,(anonymous_17)
FNDA:0,(anonymous_18)
FNDA:0,(anonymous_19)
FNDA:0,(anonymous_20)
FNDA:0,(anonymous_21)
FNDA:0,(anonymous_22)
FNDA:0,(anonymous_23)
FNDA:0,(anonymous_24)
FNDA:0,(anonymous_25)
DA:50,0
DA:51,0
DA:68,0
DA:81,0
DA:82,0
DA:93,0
DA:108,0
DA:112,0
DA:125,0
DA:139,0
DA:154,0
DA:156,0
DA:158,0
DA:161,0
DA:164,0
DA:167,0
DA:170,0
DA:173,0
DA:176,0
DA:185,0
DA:193,0
DA:194,0
DA:195,0
DA:199,0
DA:206,0
DA:208,0
DA:211,0
DA:213,0
DA:216,0
DA:218,0
DA:226,0
DA:228,0
DA:231,0
DA:232,0
DA:240,0
DA:247,0
DA:256,0
DA:265,0
DA:273,0
DA:286,0
DA:288,0
DA:289,0
DA:293,0
DA:294,0
DA:295,0
DA:296,0
DA:298,0
DA:302,0
DA:303,0
DA:304,0
DA:305,0
DA:306,0
DA:307,0
DA:309,0
DA:310,0
DA:314,0
DA:321,0
DA:322,0
DA:323,0
DA:331,0
DA:336,0
DA:337,0
DA:342,0
DA:347,0
DA:349,0
DA:351,0
DA:352,0
DA:356,0
DA:357,0
DA:367,0
DA:375,0
DA:377,0
DA:379,0
DA:381,0
DA:383,0
DA:385,0
LF:76
LH:0
BRDA:59,0,0,0
BRDA:70,1,0,0
BRDA:70,1,1,0
BRDA:111,2,0,0
BRDA:111,2,1,0
BRDA:154,3,0,0
BRDA:154,3,1,0
BRDA:156,4,0,0
BRDA:156,4,1,0
BRDA:156,4,2,0
BRDA:156,4,3,0
BRDA:156,4,4,0
BRDA:156,4,5,0
BRDA:156,4,6,0
BRDA:194,5,0,0
BRDA:194,5,1,0
BRDA:206,6,0,0
BRDA:206,6,1,0
BRDA:206,6,2,0
BRDA:206,6,3,0
BRDA:206,6,4,0
BRDA:206,6,5,0
BRDA:206,6,6,0
BRDA:231,7,0,0
BRDA:231,7,1,0
BRDA:288,8,0,0
BRDA:288,8,1,0
BRDA:288,9,0,0
BRDA:288,9,1,0
BRDA:288,9,2,0
BRDA:293,10,0,0
BRDA:293,10,1,0
BRDA:294,11,0,0
BRDA:294,11,1,0
BRDA:294,12,0,0
BRDA:294,12,1,0
BRDA:302,13,0,0
BRDA:302,13,1,0
BRDA:322,14,0,0
BRDA:322,14,1,0
BRDA:351,15,0,0
BRDA:351,15,1,0
BRDA:356,16,0,0
BRDA:356,16,1,0
BRF:44
BRH:0
end_of_record
TN:
SF:src/utils/schemaEventBus.ts
FN:34,(anonymous_0)
FN:58,(anonymous_1)
FN:65,(anonymous_2)
FN:78,(anonymous_3)
FN:92,(anonymous_4)
FN:100,(anonymous_5)
FN:107,(anonymous_6)
FN:114,(anonymous_7)
FN:140,(anonymous_8)
FN:149,(anonymous_9)
FN:158,(anonymous_10)
FN:167,(anonymous_11)
FN:176,(anonymous_12)
FN:193,(anonymous_13)
FN:194,(anonymous_14)
FN:195,(anonymous_15)
FNF:16
FNH:0
FNDA:0,(anonymous_0)
FNDA:0,(anonymous_1)
FNDA:0,(anonymous_2)
FNDA:0,(anonymous_3)
FNDA:0,(anonymous_4)
FNDA:0,(anonymous_5)
FNDA:0,(anonymous_6)
FNDA:0,(anonymous_7)
FNDA:0,(anonymous_8)
FNDA:0,(anonymous_9)
FNDA:0,(anonymous_10)
FNDA:0,(anonymous_11)
FNDA:0,(anonymous_12)
FNDA:0,(anonymous_13)
FNDA:0,(anonymous_14)
FNDA:0,(anonymous_15)
DA:27,0
DA:28,0
DA:29,0
DA:42,0
DA:44,0
DA:52,0
DA:59,0
DA:66,0
DA:72,0
DA:73,0
DA:74,0
DA:78,0
DA:79,0
DA:80,0
DA:81,0
DA:83,0
DA:93,0
DA:94,0
DA:101,0
DA:108,0
DA:119,0
DA:120,0
DA:124,0
DA:125,0
DA:129,0
DA:130,0
DA:133,0
DA:141,0
DA:150,0
DA:159,0
DA:168,0
DA:177,0
DA:187,0
DA:193,0
DA:194,0
DA:195,0
LF:36
LH:0
BRDA:73,0,0,0
BRDA:73,0,1,0
BRDA:79,1,0,0
BRDA:79,1,1,0
BRDA:94,2,0,0
BRDA:94,2,1,0
BRDA:119,3,0,0
BRDA:119,3,1,0
BRDA:119,4,0,0
BRDA:119,4,1,0
BRDA:124,5,0,0
BRDA:124,5,1,0
BRDA:124,6,0,0
BRDA:124,6,1,0
BRDA:129,7,0,0
BRDA:129,7,1,0
BRDA:129,8,0,0
BRDA:129,8,1,0
BRF:18
BRH:0
end_of_record
TN:
SF:src/utils/validation/crossFieldValidation.ts
FN:55,evaluateDependencyCondition
FN:133,normalizeValueForComparison
FN:164,validateFieldDependencies
FN:172,(anonymous_3)
FN:185,(anonymous_4)
FN:260,validateAllFieldDependencies
FN:284,isFieldVisible
FN:290,(anonymous_7)
FN:297,(anonymous_8)
FN:324,isFieldRequired
FN:334,(anonymous_10)
FN:341,(anonymous_11)
FN:368,getCalculatedFieldValue
FN:374,(anonymous_13)
FN:381,(anonymous_14)
FN:432,(anonymous_15)
FN:453,(anonymous_16)
FN:479,(anonymous_17)
FNF:18
FNH:0
FNDA:0,evaluateDependencyCondition
FNDA:0,normalizeValueForComparison
FNDA:0,validateFieldDependencies
FNDA:0,(anonymous_3)
FNDA:0,(anonymous_4)
FNDA:0,validateAllFieldDependencies
FNDA:0,isFieldVisible
FNDA:0,(anonymous_7)
FNDA:0,(anonymous_8)
FNDA:0,isFieldRequired
FNDA:0,(anonymous_10)
FNDA:0,(anonymous_11)
FNDA:0,getCalculatedFieldValue
FNDA:0,(anonymous_13)
FNDA:0,(anonymous_14)
FNDA:0,(anonymous_15)
FNDA:0,(anonymous_16)
FNDA:0,(anonymous_17)
DA:62,0
DA:63,0
DA:66,0
DA:67,0
DA:71,0
DA:72,0
DA:76,0
DA:77,0
DA:79,0
DA:81,0
DA:84,0
DA:87,0
DA:88,0
DA:90,0
DA:91,0
DA:93,0
DA:96,0
DA:97,0
DA:99,0
DA:100,0
DA:102,0
DA:105,0
DA:108,0
DA:109,0
DA:111,0
DA:114,0
DA:115,0
DA:116,0
DA:117,0
DA:119,0
DA:120,0
DA:123,0
DA:126,0
DA:134,0
DA:135,0
DA:138,0
DA:140,0
DA:143,0
DA:144,0
DA:146,0
DA:149,0
DA:152,0
DA:157,0
DA:167,0
DA:168,0
DA:171,0
DA:172,0
DA:175,0
DA:176,0
DA:177,0
DA:179,0
DA:180,0
DA:181,0
DA:185,0
DA:186,0
DA:187,0
DA:188,0
DA:192,0
DA:200,0
DA:208,0
DA:210,0
DA:212,0
DA:215,0
DA:217,0
DA:220,0
DA:221,0
DA:223,0
DA:226,0
DA:227,0
DA:229,0
DA:232,0
DA:233,0
DA:234,0
DA:235,0
DA:236,0
DA:239,0
DA:242,0
DA:246,0
DA:265,0
DA:267,0
DA:268,0
DA:275,0
DA:278,0
DA:289,0
DA:290,0
DA:295,0
DA:296,0
DA:297,0
DA:299,0
DA:301,0
DA:306,0
DA:313,0
DA:314,0
DA:318,0
DA:331,0
DA:333,0
DA:334,0
DA:339,0
DA:340,0
DA:341,0
DA:343,0
DA:345,0
DA:350,0
DA:357,0
DA:358,0
DA:362,0
DA:373,0
DA:374,0
DA:379,0
DA:380,0
DA:381,0
DA:383,0
DA:385,0
DA:390,0
DA:397,0
DA:398,0
DA:400,0
DA:402,0
DA:403,0
DA:406,0
DA:407,0
DA:410,0
DA:411,0
DA:417,0
DA:422,0
DA:428,0
DA:437,0
DA:439,0
DA:440,0
DA:443,0
DA:458,0
DA:459,0
DA:461,0
DA:462,0
DA:465,0
DA:466,0
DA:469,0
DA:483,0
DA:484,0
DA:487,0
DA:491,0
DA:492,0
DA:494,0
DA:498,0
LF:144
LH:0
BRDA:62,0,0,0
BRDA:62,0,1,0
BRDA:63,1,0,0
BRDA:63,1,1,0
BRDA:63,1,2,0
BRDA:66,2,0,0
BRDA:66,2,1,0
BRDA:67,3,0,0
BRDA:67,3,1,0
BRDA:67,3,2,0
BRDA:71,4,0,0
BRDA:71,4,1,0
BRDA:71,5,0,0
BRDA:71,5,1,0
BRDA:71,5,2,0
BRDA:79,6,0,0
BRDA:79,6,1,0
BRDA:79,6,2,0
BRDA:79,6,3,0
BRDA:79,6,4,0
BRDA:79,6,5,0
BRDA:79,6,6,0
BRDA:79,6,7,0
BRDA:87,7,0,0
BRDA:87,7,1,0
BRDA:87,8,0,0
BRDA:87,8,1,0
BRDA:90,9,0,0
BRDA:90,9,1,0
BRDA:90,10,0,0
BRDA:90,10,1,0
BRDA:96,11,0,0
BRDA:96,11,1,0
BRDA:96,12,0,0
BRDA:96,12,1,0
BRDA:99,13,0,0
BRDA:99,13,1,0
BRDA:99,14,0,0
BRDA:99,14,1,0
BRDA:108,15,0,0
BRDA:108,15,1,0
BRDA:108,16,0,0
BRDA:108,16,1,0
BRDA:108,16,2,0
BRDA:109,17,0,0
BRDA:109,17,1,0
BRDA:114,18,0,0
BRDA:114,18,1,0
BRDA:134,19,0,0
BRDA:134,19,1,0
BRDA:134,20,0,0
BRDA:134,20,1,0
BRDA:138,21,0,0
BRDA:138,21,1,0
BRDA:138,21,2,0
BRDA:138,21,3,0
BRDA:138,21,4,0
BRDA:138,21,5,0
BRDA:138,21,6,0
BRDA:140,22,0,0
BRDA:140,22,1,0
BRDA:143,23,0,0
BRDA:143,23,1,0
BRDA:172,24,0,0
BRDA:172,24,1,0
BRDA:179,25,0,0
BRDA:179,25,1,0
BRDA:186,26,0,0
BRDA:186,26,1,0
BRDA:193,27,0,0
BRDA:193,27,1,0
BRDA:208,28,0,0
BRDA:208,28,1,0
BRDA:210,29,0,0
BRDA:210,29,1,0
BRDA:210,29,2,0
BRDA:210,29,3,0
BRDA:212,30,0,0
BRDA:212,30,1,0
BRDA:212,31,0,0
BRDA:212,31,1,0
BRDA:212,31,2,0
BRDA:212,31,3,0
BRDA:215,32,0,0
BRDA:215,32,1,0
BRDA:220,33,0,0
BRDA:220,33,1,0
BRDA:226,34,0,0
BRDA:226,34,1,0
BRDA:232,35,0,0
BRDA:232,35,1,0
BRDA:232,36,0,0
BRDA:232,36,1,0
BRDA:235,37,0,0
BRDA:235,37,1,0
BRDA:236,38,0,0
BRDA:236,38,1,0
BRDA:290,39,0,0
BRDA:290,39,1,0
BRDA:290,39,2,0
BRDA:299,40,0,0
BRDA:299,40,1,0
BRDA:302,41,0,0
BRDA:302,41,1,0
BRDA:313,42,0,0
BRDA:313,42,1,0
BRDA:334,43,0,0
BRDA:334,43,1,0
BRDA:334,43,2,0
BRDA:343,44,0,0
BRDA:343,44,1,0
BRDA:346,45,0,0
BRDA:346,45,1,0
BRDA:357,46,0,0
BRDA:357,46,1,0
BRDA:374,47,0,0
BRDA:374,47,1,0
BRDA:374,47,2,0
BRDA:383,48,0,0
BRDA:383,48,1,0
BRDA:386,49,0,0
BRDA:386,49,1,0
BRDA:397,50,0,0
BRDA:397,50,1,0
BRDA:397,51,0,0
BRDA:397,51,1,0
BRDA:402,52,0,0
BRDA:402,52,1,0
BRDA:406,53,0,0
BRDA:406,53,1,0
BRDA:406,54,0,0
BRDA:406,54,1,0
BRDA:407,55,0,0
BRDA:407,55,1,0
BRDA:410,56,0,0
BRDA:410,56,1,0
BRDA:410,57,0,0
BRDA:410,57,1,0
BRDA:439,58,0,0
BRDA:439,58,1,0
BRDA:439,59,0,0
BRDA:439,59,1,0
BRDA:461,60,0,0
BRDA:461,60,1,0
BRDA:461,61,0,0
BRDA:461,61,1,0
BRDA:465,62,0,0
BRDA:465,62,1,0
BRDA:465,63,0,0
BRDA:465,63,1,0
BRDA:492,64,0,0
BRDA:492,64,1,0
BRDA:492,65,0,0
BRDA:492,65,1,0
BRDA:492,65,2,0
BRDA:492,65,3,0
BRF:156
BRH:0
end_of_record
